Results generated by BModes (v3.00.00, 20-Mar-2008, compiled using double precision) on 30-Aug-2023 at 13:49:27.
RAAW-GE Tower                                                                                      
=================================================================================

            tower frequencies & mode shapes
            --- only first  20 modes printed


 -------- Mode No.   1  (freq = 0.24368E+00 Hz)

span_loc	s-s disp	s-s slope	f-a disp	f-a slope	twist

 0.0000	 0.000000	 0.000000	 0.000000	 0.000000	 0.000000
 0.0035	 0.000001	 0.000843	 0.000000	 0.000000	 0.000081
 0.0104	 0.000012	 0.002519	 0.000000	 0.000000	 0.000244
 0.0174	 0.000033	 0.004183	 0.000000	 0.000000	 0.000407
 0.0244	 0.000064	 0.005836	 0.000000	 0.000000	 0.000569
 0.0313	 0.000106	 0.007477	 0.000000	 0.000000	 0.000732
 0.0383	 0.000157	 0.009106	 0.000000	 0.000000	 0.000895
 0.0453	 0.000219	 0.010723	 0.000000	 0.000000	 0.001058
 0.0522	 0.000291	 0.012328	 0.000000	 0.000000	 0.001220
 0.0592	 0.000373	 0.013921	 0.000000	 0.000000	 0.001383
 0.0662	 0.000465	 0.015502	 0.000000	 0.000000	 0.001546
 0.0731	 0.000566	 0.017071	 0.000000	 0.000000	 0.001708
 0.0801	 0.000678	 0.018629	 0.000000	 0.000000	 0.001871
 0.0870	 0.000799	 0.020175	 0.000000	 0.000000	 0.002034
 0.0940	 0.000930	 0.021708	 0.000000	 0.000000	 0.002196
 0.1010	 0.001070	 0.023230	 0.000000	 0.000000	 0.002359
 0.1079	 0.001220	 0.024866	 0.000000	 0.000000	 0.002522
 0.1149	 0.001380	 0.026491	 0.000000	 0.000000	 0.002684
 0.1219	 0.001551	 0.028106	 0.000000	 0.000000	 0.002847
 0.1288	 0.001731	 0.029711	 0.000000	 0.000000	 0.003010
 0.1358	 0.001921	 0.031305	 0.000000	 0.000000	 0.003173
 0.1399	 0.002038	 0.032240	 0.000000	 0.000000	 0.003269
 0.1497	 0.002332	 0.034462	 0.000000	 0.000000	 0.003498
 0.1567	 0.002552	 0.036024	 0.000000	 0.000000	 0.003661
 0.1636	 0.002781	 0.037576	 0.000000	 0.000000	 0.003823
 0.1706	 0.003021	 0.039118	 0.000000	 0.000000	 0.003986
 0.1776	 0.003270	 0.040648	 0.000000	 0.000000	 0.004149
 0.1845	 0.003528	 0.042168	 0.000000	 0.000000	 0.004311
 0.1915	 0.003796	 0.043677	 0.000000	 0.000000	 0.004474
 0.1985	 0.004073	 0.045176	 0.000000	 0.000000	 0.004637
 0.2054	 0.004360	 0.046782	 0.000000	 0.000000	 0.004800
 0.2124	 0.004657	 0.048390	 0.000000	 0.000000	 0.004962
 0.2194	 0.004964	 0.049999	 0.000000	 0.000000	 0.005125
 0.2263	 0.005281	 0.051609	 0.000000	 0.000000	 0.005288
 0.2333	 0.005608	 0.053221	 0.000000	 0.000000	 0.005450
 0.2403	 0.005945	 0.054835	 0.000000	 0.000000	 0.005613
 0.2472	 0.006292	 0.056450	 0.000000	 0.000000	 0.005776
 0.2507	 0.006470	 0.057258	 0.000000	 0.000000	 0.005857
 0.3203	 0.010558	 0.073510	 0.000000	 0.000000	 0.007484
 0.3797	 0.014871	 0.088372	 0.000000	 0.000000	 0.008871
 0.4248	 0.018689	 0.100505	 0.000000	 0.000000	 0.009924
 0.4596	 0.021976	 0.110070	 0.000000	 0.000000	 0.010738
 0.4866	 0.024734	 0.117635	 0.000000	 0.000000	 0.011369
 0.5137	 0.027677	 0.125343	 0.000000	 0.000000	 0.012001
 0.5407	 0.030813	 0.133608	 0.000000	 0.000000	 0.012632
 0.5677	 0.034151	 0.142031	 0.000000	 0.000000	 0.013263
 0.5947	 0.037694	 0.150641	 0.000000	 0.000000	 0.013894
 0.6217	 0.041456	 0.160002	 0.000000	 0.000000	 0.014526
 0.6488	 0.045443	 0.169210	 0.000000	 0.000000	 0.015157
 0.6758	 0.049651	 0.178249	 0.000000	 0.000000	 0.015788
 0.7028	 0.054075	 0.187106	 0.000000	 0.000000	 0.016419
 0.7298	 0.058723	 0.196704	 0.000000	 0.000000	 0.017051
 0.7568	 0.063596	 0.205641	 0.000000	 0.000000	 0.017682
 0.7839	 0.068677	 0.213897	 0.000000	 0.000000	 0.018313
 0.8109	 0.073949	 0.221453	 0.000000	 0.000000	 0.018945
 0.8379	 0.079409	 0.229327	 0.000000	 0.000000	 0.019576
 0.8649	 0.085047	 0.236350	 0.000000	 0.000000	 0.020207
 0.8919	 0.090845	 0.242495	 0.000000	 0.000000	 0.020838
 0.9189	 0.096774	 0.247047	 0.000000	 0.000000	 0.021469
 0.9460	 0.102802	 0.250737	 0.000000	 0.000000	 0.022101
 0.9730	 0.108909	 0.253560	 0.000000	 0.000000	 0.022732
 1.0000	 0.115074	 0.255512	 0.000000	 0.000000	 0.023363


 -------- Mode No.   2  (freq = 0.24655E+00 Hz)

span_loc	s-s disp	s-s slope	f-a disp	f-a slope	twist

 0.0000	 0.000000	 0.000000	 0.000000	 0.000000	 0.000000
 0.0035	 0.000000	 0.000000	 0.000001	 0.000858	 0.000000
 0.0104	 0.000000	 0.000000	 0.000012	 0.002563	 0.000000
 0.0174	 0.000000	 0.000000	 0.000033	 0.004257	 0.000000
 0.0244	 0.000000	 0.000000	 0.000065	 0.005939	 0.000000
 0.0313	 0.000000	 0.000000	 0.000107	 0.007608	 0.000000
 0.0383	 0.000000	 0.000000	 0.000160	 0.009265	 0.000000
 0.0453	 0.000000	 0.000000	 0.000223	 0.010910	 0.000000
 0.0522	 0.000000	 0.000000	 0.000296	 0.012542	 0.000000
 0.0592	 0.000000	 0.000000	 0.000380	 0.014163	 0.000000
 0.0662	 0.000000	 0.000000	 0.000473	 0.015771	 0.000000
 0.0731	 0.000000	 0.000000	 0.000576	 0.017367	 0.000000
 0.0801	 0.000000	 0.000000	 0.000690	 0.018951	 0.000000
 0.0870	 0.000000	 0.000000	 0.000813	 0.020522	 0.000000
 0.0940	 0.000000	 0.000000	 0.000946	 0.022082	 0.000000
 0.1010	 0.000000	 0.000000	 0.001088	 0.023629	 0.000000
 0.1079	 0.000000	 0.000000	 0.001241	 0.025292	 0.000000
 0.1149	 0.000000	 0.000000	 0.001404	 0.026944	 0.000000
 0.1219	 0.000000	 0.000000	 0.001577	 0.028585	 0.000000
 0.1288	 0.000000	 0.000000	 0.001761	 0.030216	 0.000000
 0.1358	 0.000000	 0.000000	 0.001954	 0.031836	 0.000000
 0.1399	 0.000000	 0.000000	 0.002073	 0.032786	 0.000000
 0.1497	 0.000000	 0.000000	 0.002372	 0.035043	 0.000000
 0.1567	 0.000000	 0.000000	 0.002595	 0.036630	 0.000000
 0.1636	 0.000000	 0.000000	 0.002829	 0.038207	 0.000000
 0.1706	 0.000000	 0.000000	 0.003072	 0.039772	 0.000000
 0.1776	 0.000000	 0.000000	 0.003325	 0.041326	 0.000000
 0.1845	 0.000000	 0.000000	 0.003588	 0.042870	 0.000000
 0.1915	 0.000000	 0.000000	 0.003860	 0.044402	 0.000000
 0.1985	 0.000000	 0.000000	 0.004142	 0.045924	 0.000000
 0.2054	 0.000000	 0.000000	 0.004434	 0.047554	 0.000000
 0.2124	 0.000000	 0.000000	 0.004736	 0.049186	 0.000000
 0.2194	 0.000000	 0.000000	 0.005048	 0.050819	 0.000000
 0.2263	 0.000000	 0.000000	 0.005370	 0.052453	 0.000000
 0.2333	 0.000000	 0.000000	 0.005702	 0.054089	 0.000000
 0.2403	 0.000000	 0.000000	 0.006045	 0.055725	 0.000000
 0.2472	 0.000000	 0.000000	 0.006398	 0.057364	 0.000000
 0.2507	 0.000000	 0.000000	 0.006578	 0.058183	 0.000000
 0.3203	 0.000000	 0.000000	 0.010732	 0.074657	 0.000000
 0.3797	 0.000000	 0.000000	 0.015110	 0.089702	 0.000000
 0.4248	 0.000000	 0.000000	 0.018985	 0.101966	 0.000000
 0.4596	 0.000000	 0.000000	 0.022319	 0.111625	 0.000000
 0.4866	 0.000000	 0.000000	 0.025115	 0.119255	 0.000000
 0.5137	 0.000000	 0.000000	 0.028098	 0.127022	 0.000000
 0.5407	 0.000000	 0.000000	 0.031275	 0.135341	 0.000000
 0.5677	 0.000000	 0.000000	 0.034656	 0.143810	 0.000000
 0.5947	 0.000000	 0.000000	 0.038243	 0.152454	 0.000000
 0.6217	 0.000000	 0.000000	 0.042049	 0.161838	 0.000000
 0.6488	 0.000000	 0.000000	 0.046080	 0.171053	 0.000000
 0.6758	 0.000000	 0.000000	 0.050332	 0.180081	 0.000000
 0.7028	 0.000000	 0.000000	 0.054801	 0.188906	 0.000000
 0.7298	 0.000000	 0.000000	 0.059492	 0.198445	 0.000000
 0.7568	 0.000000	 0.000000	 0.064406	 0.207299	 0.000000
 0.7839	 0.000000	 0.000000	 0.069526	 0.215449	 0.000000
 0.8109	 0.000000	 0.000000	 0.074834	 0.222873	 0.000000
 0.8379	 0.000000	 0.000000	 0.080326	 0.230565	 0.000000
 0.8649	 0.000000	 0.000000	 0.085992	 0.237375	 0.000000
 0.8919	 0.000000	 0.000000	 0.091812	 0.243276	 0.000000
 0.9189	 0.000000	 0.000000	 0.097756	 0.247586	 0.000000
 0.9460	 0.000000	 0.000000	 0.103795	 0.251009	 0.000000
 0.9730	 0.000000	 0.000000	 0.109905	 0.253539	 0.000000
 1.0000	 0.000000	 0.000000	 0.116065	 0.255172	 0.000000


 -------- Mode No.   3  (freq = 0.73358E+00 Hz)

span_loc	s-s disp	s-s slope	f-a disp	f-a slope	twist

 0.0000	 0.000000	 0.000000	 0.000000	 0.000000	 0.000000
 0.0035	 0.000000	 0.000011	 0.000000	 0.000000	-0.000689
 0.0104	 0.000000	 0.000034	 0.000000	 0.000000	-0.002066
 0.0174	 0.000000	 0.000057	 0.000000	 0.000000	-0.003444
 0.0244	 0.000001	 0.000080	 0.000000	 0.000000	-0.004822
 0.0313	 0.000001	 0.000104	 0.000000	 0.000000	-0.006199
 0.0383	 0.000002	 0.000128	 0.000000	 0.000000	-0.007577
 0.0453	 0.000003	 0.000152	 0.000000	 0.000000	-0.008954
 0.0522	 0.000004	 0.000176	 0.000000	 0.000000	-0.010332
 0.0592	 0.000005	 0.000200	 0.000000	 0.000000	-0.011710
 0.0662	 0.000007	 0.000225	 0.000000	 0.000000	-0.013087
 0.0731	 0.000008	 0.000249	 0.000000	 0.000000	-0.014465
 0.0801	 0.000010	 0.000274	 0.000000	 0.000000	-0.015843
 0.0870	 0.000011	 0.000299	 0.000000	 0.000000	-0.017220
 0.0940	 0.000013	 0.000325	 0.000000	 0.000000	-0.018598
 0.1010	 0.000016	 0.000351	 0.000000	 0.000000	-0.019975
 0.1079	 0.000018	 0.000379	 0.000000	 0.000000	-0.021353
 0.1149	 0.000020	 0.000407	 0.000000	 0.000000	-0.022731
 0.1219	 0.000023	 0.000435	 0.000000	 0.000000	-0.024108
 0.1288	 0.000026	 0.000464	 0.000000	 0.000000	-0.025486
 0.1358	 0.000029	 0.000493	 0.000000	 0.000000	-0.026863
 0.1399	 0.000031	 0.000511	 0.000000	 0.000000	-0.027676
 0.1497	 0.000035	 0.000553	 0.000000	 0.000000	-0.029619
 0.1567	 0.000039	 0.000583	 0.000000	 0.000000	-0.030996
 0.1636	 0.000042	 0.000613	 0.000000	 0.000000	-0.032374
 0.1706	 0.000046	 0.000643	 0.000000	 0.000000	-0.033751
 0.1776	 0.000050	 0.000674	 0.000000	 0.000000	-0.035129
 0.1845	 0.000055	 0.000705	 0.000000	 0.000000	-0.036507
 0.1915	 0.000059	 0.000737	 0.000000	 0.000000	-0.037884
 0.1985	 0.000064	 0.000768	 0.000000	 0.000000	-0.039262
 0.2054	 0.000069	 0.000803	 0.000000	 0.000000	-0.040640
 0.2124	 0.000074	 0.000838	 0.000000	 0.000000	-0.042017
 0.2194	 0.000079	 0.000874	 0.000000	 0.000000	-0.043395
 0.2263	 0.000085	 0.000910	 0.000000	 0.000000	-0.044772
 0.2333	 0.000091	 0.000947	 0.000000	 0.000000	-0.046150
 0.2403	 0.000097	 0.000985	 0.000000	 0.000000	-0.047528
 0.2472	 0.000103	 0.001024	 0.000000	 0.000000	-0.048905
 0.2507	 0.000106	 0.001043	 0.000000	 0.000000	-0.049594
 0.3203	 0.000185	 0.001471	 0.000000	 0.000000	-0.063370
 0.3797	 0.000275	 0.001930	 0.000000	 0.000000	-0.075116
 0.4248	 0.000361	 0.002360	 0.000000	 0.000000	-0.084034
 0.4596	 0.000441	 0.002738	 0.000000	 0.000000	-0.090922
 0.4866	 0.000511	 0.003064	 0.000000	 0.000000	-0.096269
 0.5137	 0.000590	 0.003424	 0.000000	 0.000000	-0.101615
 0.5407	 0.000678	 0.003842	 0.000000	 0.000000	-0.106960
 0.5677	 0.000776	 0.004307	 0.000000	 0.000000	-0.112305
 0.5947	 0.000887	 0.004826	 0.000000	 0.000000	-0.117649
 0.6217	 0.001011	 0.005446	 0.000000	 0.000000	-0.122994
 0.6488	 0.001151	 0.006117	 0.000000	 0.000000	-0.128339
 0.6758	 0.001308	 0.006846	 0.000000	 0.000000	-0.133684
 0.7028	 0.001483	 0.007642	 0.000000	 0.000000	-0.139029
 0.7298	 0.001680	 0.008609	 0.000000	 0.000000	-0.144375
 0.7568	 0.001901	 0.009625	 0.000000	 0.000000	-0.149720
 0.7839	 0.002147	 0.010695	 0.000000	 0.000000	-0.155065
 0.8109	 0.002419	 0.011823	 0.000000	 0.000000	-0.160410
 0.8379	 0.002722	 0.013193	 0.000000	 0.000000	-0.165756
 0.8649	 0.003059	 0.014641	 0.000000	 0.000000	-0.171100
 0.8919	 0.003432	 0.016173	 0.000000	 0.000000	-0.176444
 0.9189	 0.003840	 0.017583	 0.000000	 0.000000	-0.181789
 0.9460	 0.004284	 0.019061	 0.000000	 0.000000	-0.187134
 0.9730	 0.004764	 0.020612	 0.000000	 0.000000	-0.192480
 1.0000	 0.005282	 0.022241	 0.000000	 0.000000	-0.197825


 -------- Mode No.   4  (freq = 0.11238E+01 Hz)

span_loc	s-s disp	s-s slope	f-a disp	f-a slope	twist

 0.0000	 0.000000	 0.000000	 0.000000	 0.000000	 0.000000
 0.0035	-0.000003	-0.001718	 0.000000	 0.000000	 0.000215
 0.0104	-0.000024	-0.005112	 0.000000	 0.000000	 0.000645
 0.0174	-0.000066	-0.008450	 0.000000	 0.000000	 0.001075
 0.0244	-0.000129	-0.011733	 0.000000	 0.000000	 0.001506
 0.0313	-0.000213	-0.014961	 0.000000	 0.000000	 0.001936
 0.0383	-0.000316	-0.018133	 0.000000	 0.000000	 0.002366
 0.0453	-0.000439	-0.021249	 0.000000	 0.000000	 0.002796
 0.0522	-0.000581	-0.024310	 0.000000	 0.000000	 0.003226
 0.0592	-0.000742	-0.027316	 0.000000	 0.000000	 0.003657
 0.0662	-0.000922	-0.030266	 0.000000	 0.000000	 0.004087
 0.0731	-0.001120	-0.033161	 0.000000	 0.000000	 0.004517
 0.0801	-0.001336	-0.036001	 0.000000	 0.000000	 0.004947
 0.0870	-0.001569	-0.038785	 0.000000	 0.000000	 0.005377
 0.0940	-0.001820	-0.041513	 0.000000	 0.000000	 0.005807
 0.1010	-0.002087	-0.044187	 0.000000	 0.000000	 0.006238
 0.1079	-0.002372	-0.047023	 0.000000	 0.000000	 0.006668
 0.1149	-0.002674	-0.049804	 0.000000	 0.000000	 0.007098
 0.1219	-0.002993	-0.052529	 0.000000	 0.000000	 0.007528
 0.1288	-0.003329	-0.055198	 0.000000	 0.000000	 0.007958
 0.1358	-0.003682	-0.057811	 0.000000	 0.000000	 0.008388
 0.1399	-0.003897	-0.059326	 0.000000	 0.000000	 0.008642
 0.1497	-0.004435	-0.062869	 0.000000	 0.000000	 0.009249
 0.1567	-0.004835	-0.065314	 0.000000	 0.000000	 0.009679
 0.1636	-0.005250	-0.067702	 0.000000	 0.000000	 0.010109
 0.1706	-0.005680	-0.070034	 0.000000	 0.000000	 0.010539
 0.1776	-0.006124	-0.072309	 0.000000	 0.000000	 0.010970
 0.1845	-0.006582	-0.074528	 0.000000	 0.000000	 0.011400
 0.1915	-0.007054	-0.076690	 0.000000	 0.000000	 0.011830
 0.1985	-0.007539	-0.078796	 0.000000	 0.000000	 0.012260
 0.2054	-0.008038	-0.081007	 0.000000	 0.000000	 0.012690
 0.2124	-0.008550	-0.083175	 0.000000	 0.000000	 0.013120
 0.2194	-0.009076	-0.085299	 0.000000	 0.000000	 0.013551
 0.2263	-0.009615	-0.087377	 0.000000	 0.000000	 0.013981
 0.2333	-0.010167	-0.089410	 0.000000	 0.000000	 0.014411
 0.2403	-0.010731	-0.091396	 0.000000	 0.000000	 0.014841
 0.2472	-0.011307	-0.093334	 0.000000	 0.000000	 0.015271
 0.2507	-0.011600	-0.094285	 0.000000	 0.000000	 0.015486
 0.3203	-0.018032	-0.110669	 0.000000	 0.000000	 0.019788
 0.3797	-0.024213	-0.120703	 0.000000	 0.000000	 0.023456
 0.4248	-0.029192	-0.125183	 0.000000	 0.000000	 0.026241
 0.4596	-0.033120	-0.126233	 0.000000	 0.000000	 0.028392
 0.4866	-0.036170	-0.125411	 0.000000	 0.000000	 0.030061
 0.5137	-0.039181	-0.122994	 0.000000	 0.000000	 0.031731
 0.5407	-0.042109	-0.118585	 0.000000	 0.000000	 0.033400
 0.5677	-0.044905	-0.112094	 0.000000	 0.000000	 0.035069
 0.5947	-0.047515	-0.103246	 0.000000	 0.000000	 0.036738
 0.6217	-0.049870	-0.091001	 0.000000	 0.000000	 0.038406
 0.6488	-0.051897	-0.076115	 0.000000	 0.000000	 0.040076
 0.6758	-0.053530	-0.058403	 0.000000	 0.000000	 0.041745
 0.7028	-0.054697	-0.037648	 0.000000	 0.000000	 0.043414
 0.7298	-0.055290	-0.010973	 0.000000	 0.000000	 0.045083
 0.7568	-0.055204	 0.018354	 0.000000	 0.000000	 0.046752
 0.7839	-0.054377	 0.050310	 0.000000	 0.000000	 0.048421
 0.8109	-0.052744	 0.084875	 0.000000	 0.000000	 0.050090
 0.8379	-0.050176	 0.127677	 0.000000	 0.000000	 0.051759
 0.8649	-0.046534	 0.173491	 0.000000	 0.000000	 0.053428
 0.8919	-0.041747	 0.222344	 0.000000	 0.000000	 0.055097
 0.9189	-0.035821	 0.267448	 0.000000	 0.000000	 0.056766
 0.9460	-0.028777	 0.314612	 0.000000	 0.000000	 0.058435
 0.9730	-0.020567	 0.363798	 0.000000	 0.000000	 0.060104
 1.0000	-0.011142	 0.414982	 0.000000	 0.000000	 0.061773


 -------- Mode No.   5  (freq = 0.12432E+01 Hz)

span_loc	s-s disp	s-s slope	f-a disp	f-a slope	twist

 0.0000	 0.000000	 0.000000	 0.000000	 0.000000	 0.000000
 0.0035	 0.000000	 0.000000	 0.000003	 0.001805	 0.000000
 0.0104	 0.000000	 0.000000	 0.000025	 0.005368	 0.000000
 0.0174	 0.000000	 0.000000	 0.000070	 0.008872	 0.000000
 0.0244	 0.000000	 0.000000	 0.000136	 0.012315	 0.000000
 0.0313	 0.000000	 0.000000	 0.000223	 0.015698	 0.000000
 0.0383	 0.000000	 0.000000	 0.000332	 0.019020	 0.000000
 0.0453	 0.000000	 0.000000	 0.000461	 0.022282	 0.000000
 0.0522	 0.000000	 0.000000	 0.000610	 0.025483	 0.000000
 0.0592	 0.000000	 0.000000	 0.000778	 0.028624	 0.000000
 0.0662	 0.000000	 0.000000	 0.000967	 0.031705	 0.000000
 0.0731	 0.000000	 0.000000	 0.001174	 0.034726	 0.000000
 0.0801	 0.000000	 0.000000	 0.001400	 0.037686	 0.000000
 0.0870	 0.000000	 0.000000	 0.001644	 0.040586	 0.000000
 0.0940	 0.000000	 0.000000	 0.001906	 0.043426	 0.000000
 0.1010	 0.000000	 0.000000	 0.002186	 0.046205	 0.000000
 0.1079	 0.000000	 0.000000	 0.002484	 0.049151	 0.000000
 0.1149	 0.000000	 0.000000	 0.002799	 0.052036	 0.000000
 0.1219	 0.000000	 0.000000	 0.003133	 0.054861	 0.000000
 0.1288	 0.000000	 0.000000	 0.003484	 0.057624	 0.000000
 0.1358	 0.000000	 0.000000	 0.003852	 0.060326	 0.000000
 0.1399	 0.000000	 0.000000	 0.004077	 0.061891	 0.000000
 0.1497	 0.000000	 0.000000	 0.004638	 0.065548	 0.000000
 0.1567	 0.000000	 0.000000	 0.005055	 0.068066	 0.000000
 0.1636	 0.000000	 0.000000	 0.005487	 0.070523	 0.000000
 0.1706	 0.000000	 0.000000	 0.005935	 0.072919	 0.000000
 0.1776	 0.000000	 0.000000	 0.006397	 0.075253	 0.000000
 0.1845	 0.000000	 0.000000	 0.006874	 0.077525	 0.000000
 0.1915	 0.000000	 0.000000	 0.007365	 0.079736	 0.000000
 0.1985	 0.000000	 0.000000	 0.007869	 0.081885	 0.000000
 0.2054	 0.000000	 0.000000	 0.008387	 0.084138	 0.000000
 0.2124	 0.000000	 0.000000	 0.008919	 0.086343	 0.000000
 0.2194	 0.000000	 0.000000	 0.009464	 0.088498	 0.000000
 0.2263	 0.000000	 0.000000	 0.010023	 0.090602	 0.000000
 0.2333	 0.000000	 0.000000	 0.010595	 0.092656	 0.000000
 0.2403	 0.000000	 0.000000	 0.011180	 0.094657	 0.000000
 0.2472	 0.000000	 0.000000	 0.011776	 0.096606	 0.000000
 0.2507	 0.000000	 0.000000	 0.012079	 0.097560	 0.000000
 0.3203	 0.000000	 0.000000	 0.018711	 0.113717	 0.000000
 0.3797	 0.000000	 0.000000	 0.025038	 0.123052	 0.000000
 0.4248	 0.000000	 0.000000	 0.030094	 0.126628	 0.000000
 0.4596	 0.000000	 0.000000	 0.034054	 0.126765	 0.000000
 0.4866	 0.000000	 0.000000	 0.037106	 0.125100	 0.000000
 0.5137	 0.000000	 0.000000	 0.040098	 0.121719	 0.000000
 0.5407	 0.000000	 0.000000	 0.042982	 0.116171	 0.000000
 0.5677	 0.000000	 0.000000	 0.045704	 0.108415	 0.000000
 0.5947	 0.000000	 0.000000	 0.048208	 0.098175	 0.000000
 0.6217	 0.000000	 0.000000	 0.050421	 0.084318	 0.000000
 0.6488	 0.000000	 0.000000	 0.052266	 0.067760	 0.000000
 0.6758	 0.000000	 0.000000	 0.053675	 0.048336	 0.000000
 0.7028	 0.000000	 0.000000	 0.054577	 0.025850	 0.000000
 0.7298	 0.000000	 0.000000	 0.054861	-0.002739	 0.000000
 0.7568	 0.000000	 0.000000	 0.054422	-0.033861	 0.000000
 0.7839	 0.000000	 0.000000	 0.053199	-0.067463	 0.000000
 0.8109	 0.000000	 0.000000	 0.051132	-0.103494	 0.000000
 0.8379	 0.000000	 0.000000	 0.048095	-0.147740	 0.000000
 0.8649	 0.000000	 0.000000	 0.043953	-0.194726	 0.000000
 0.8919	 0.000000	 0.000000	 0.038640	-0.244445	 0.000000
 0.9189	 0.000000	 0.000000	 0.032173	-0.290011	 0.000000
 0.9460	 0.000000	 0.000000	 0.024580	-0.337322	 0.000000
 0.9730	 0.000000	 0.000000	 0.015822	-0.386325	 0.000000
 1.0000	 0.000000	 0.000000	 0.005857	-0.436992	 0.000000


 -------- Mode No.   6  (freq = 0.33522E+01 Hz)

span_loc	s-s disp	s-s slope	f-a disp	f-a slope	twist

 0.0000	 0.000000	 0.000000	 0.000000	 0.000000	 0.000000
 0.0035	-0.000006	-0.003825	 0.000000	 0.000000	-0.000060
 0.0104	-0.000053	-0.011320	 0.000000	 0.000000	-0.000181
 0.0174	-0.000147	-0.018609	 0.000000	 0.000000	-0.000302
 0.0244	-0.000285	-0.025690	 0.000000	 0.000000	-0.000423
 0.0313	-0.000467	-0.032565	 0.000000	 0.000000	-0.000544
 0.0383	-0.000691	-0.039233	 0.000000	 0.000000	-0.000665
 0.0453	-0.000956	-0.045694	 0.000000	 0.000000	-0.000786
 0.0522	-0.001261	-0.051949	 0.000000	 0.000000	-0.000907
 0.0592	-0.001604	-0.057998	 0.000000	 0.000000	-0.001027
 0.0662	-0.001984	-0.063840	 0.000000	 0.000000	-0.001148
 0.0731	-0.002401	-0.069477	 0.000000	 0.000000	-0.001269
 0.0801	-0.002851	-0.074908	 0.000000	 0.000000	-0.001390
 0.0870	-0.003335	-0.080134	 0.000000	 0.000000	-0.001511
 0.0940	-0.003851	-0.085156	 0.000000	 0.000000	-0.001632
 0.1010	-0.004397	-0.089974	 0.000000	 0.000000	-0.001753
 0.1079	-0.004975	-0.094973	 0.000000	 0.000000	-0.001874
 0.1149	-0.005582	-0.099759	 0.000000	 0.000000	-0.001995
 0.1219	-0.006219	-0.104334	 0.000000	 0.000000	-0.002115
 0.1288	-0.006884	-0.108697	 0.000000	 0.000000	-0.002236
 0.1358	-0.007575	-0.112848	 0.000000	 0.000000	-0.002357
 0.1399	-0.007995	-0.115197	 0.000000	 0.000000	-0.002428
 0.1497	-0.009033	-0.120520	 0.000000	 0.000000	-0.002599
 0.1567	-0.009796	-0.124040	 0.000000	 0.000000	-0.002720
 0.1636	-0.010580	-0.127353	 0.000000	 0.000000	-0.002841
 0.1706	-0.011385	-0.130457	 0.000000	 0.000000	-0.002962
 0.1776	-0.012208	-0.133355	 0.000000	 0.000000	-0.003082
 0.1845	-0.013049	-0.136047	 0.000000	 0.000000	-0.003203
 0.1915	-0.013906	-0.138536	 0.000000	 0.000000	-0.003324
 0.1985	-0.014777	-0.140822	 0.000000	 0.000000	-0.003445
 0.2054	-0.015663	-0.143073	 0.000000	 0.000000	-0.003566
 0.2124	-0.016563	-0.145125	 0.000000	 0.000000	-0.003687
 0.2194	-0.017474	-0.146978	 0.000000	 0.000000	-0.003808
 0.2263	-0.018397	-0.148630	 0.000000	 0.000000	-0.003929
 0.2333	-0.019329	-0.150081	 0.000000	 0.000000	-0.004049
 0.2403	-0.020269	-0.151328	 0.000000	 0.000000	-0.004170
 0.2472	-0.021217	-0.152371	 0.000000	 0.000000	-0.004291
 0.2507	-0.021693	-0.152816	 0.000000	 0.000000	-0.004352
 0.3203	-0.031282	-0.151094	 0.000000	 0.000000	-0.005560
 0.3797	-0.038885	-0.132461	 0.000000	 0.000000	-0.006591
 0.4248	-0.043740	-0.106837	 0.000000	 0.000000	-0.007374
 0.4596	-0.046679	-0.081071	 0.000000	 0.000000	-0.007978
 0.4866	-0.048363	-0.057756	 0.000000	 0.000000	-0.008447
 0.5137	-0.049448	-0.031824	 0.000000	 0.000000	-0.008916
 0.5407	-0.049860	-0.002187	 0.000000	 0.000000	-0.009385
 0.5677	-0.049530	 0.029311	 0.000000	 0.000000	-0.009854
 0.5947	-0.048419	 0.062166	 0.000000	 0.000000	-0.010323
 0.6217	-0.046477	 0.097782	 0.000000	 0.000000	-0.010792
 0.6488	-0.043690	 0.131825	 0.000000	 0.000000	-0.011261
 0.6758	-0.040107	 0.163278	 0.000000	 0.000000	-0.011730
 0.7028	-0.035806	 0.191031	 0.000000	 0.000000	-0.012199
 0.7298	-0.030858	 0.216362	 0.000000	 0.000000	-0.012668
 0.7568	-0.025389	 0.233997	 0.000000	 0.000000	-0.013137
 0.7839	-0.019595	 0.243079	 0.000000	 0.000000	-0.013606
 0.8109	-0.013693	 0.242813	 0.000000	 0.000000	-0.014075
 0.8379	-0.007934	 0.230920	 0.000000	 0.000000	-0.014544
 0.8649	-0.002612	 0.206716	 0.000000	 0.000000	-0.015013
 0.8919	 0.001968	 0.169553	 0.000000	 0.000000	-0.015482
 0.9189	 0.005562	 0.125501	 0.000000	 0.000000	-0.015951
 0.9460	 0.007951	 0.069969	 0.000000	 0.000000	-0.016420
 0.9730	 0.008855	 0.002889	 0.000000	 0.000000	-0.016889
 1.0000	 0.007994	-0.075776	 0.000000	 0.000000	-0.017358


 -------- Mode No.   7  (freq = 0.34023E+01 Hz)

span_loc	s-s disp	s-s slope	f-a disp	f-a slope	twist

 0.0000	 0.000000	 0.000000	 0.000000	 0.000000	 0.000000
 0.0035	 0.000000	 0.000000	-0.000006	-0.003873	 0.000000
 0.0104	 0.000000	 0.000000	-0.000054	-0.011462	 0.000000
 0.0174	 0.000000	 0.000000	-0.000149	-0.018839	 0.000000
 0.0244	 0.000000	 0.000000	-0.000289	-0.026005	 0.000000
 0.0313	 0.000000	 0.000000	-0.000473	-0.032959	 0.000000
 0.0383	 0.000000	 0.000000	-0.000700	-0.039703	 0.000000
 0.0453	 0.000000	 0.000000	-0.000968	-0.046235	 0.000000
 0.0522	 0.000000	 0.000000	-0.001276	-0.052556	 0.000000
 0.0592	 0.000000	 0.000000	-0.001623	-0.058666	 0.000000
 0.0662	 0.000000	 0.000000	-0.002008	-0.064566	 0.000000
 0.0731	 0.000000	 0.000000	-0.002429	-0.070255	 0.000000
 0.0801	 0.000000	 0.000000	-0.002884	-0.075735	 0.000000
 0.0870	 0.000000	 0.000000	-0.003374	-0.081005	 0.000000
 0.0940	 0.000000	 0.000000	-0.003895	-0.086066	 0.000000
 0.1010	 0.000000	 0.000000	-0.004447	-0.090919	 0.000000
 0.1079	 0.000000	 0.000000	-0.005030	-0.095951	 0.000000
 0.1149	 0.000000	 0.000000	-0.005644	-0.100766	 0.000000
 0.1219	 0.000000	 0.000000	-0.006288	-0.105364	 0.000000
 0.1288	 0.000000	 0.000000	-0.006959	-0.109747	 0.000000
 0.1358	 0.000000	 0.000000	-0.007657	-0.113913	 0.000000
 0.1399	 0.000000	 0.000000	-0.008080	-0.116268	 0.000000
 0.1497	 0.000000	 0.000000	-0.009127	-0.121600	 0.000000
 0.1567	 0.000000	 0.000000	-0.009897	-0.125122	 0.000000
 0.1636	 0.000000	 0.000000	-0.010689	-0.128430	 0.000000
 0.1706	 0.000000	 0.000000	-0.011500	-0.131527	 0.000000
 0.1776	 0.000000	 0.000000	-0.012330	-0.134413	 0.000000
 0.1845	 0.000000	 0.000000	-0.013177	-0.137089	 0.000000
 0.1915	 0.000000	 0.000000	-0.014040	-0.139557	 0.000000
 0.1985	 0.000000	 0.000000	-0.014918	-0.141818	 0.000000
 0.2054	 0.000000	 0.000000	-0.015810	-0.144039	 0.000000
 0.2124	 0.000000	 0.000000	-0.016716	-0.146056	 0.000000
 0.2194	 0.000000	 0.000000	-0.017633	-0.147869	 0.000000
 0.2263	 0.000000	 0.000000	-0.018561	-0.149477	 0.000000
 0.2333	 0.000000	 0.000000	-0.019498	-0.150878	 0.000000
 0.2403	 0.000000	 0.000000	-0.020443	-0.152071	 0.000000
 0.2472	 0.000000	 0.000000	-0.021396	-0.153057	 0.000000
 0.2507	 0.000000	 0.000000	-0.021874	-0.153471	 0.000000
 0.3203	 0.000000	 0.000000	-0.031479	-0.150922	 0.000000
 0.3797	 0.000000	 0.000000	-0.039046	-0.131245	 0.000000
 0.4248	 0.000000	 0.000000	-0.043832	-0.104653	 0.000000
 0.4596	 0.000000	 0.000000	-0.046691	-0.078098	 0.000000
 0.4866	 0.000000	 0.000000	-0.048295	-0.054173	 0.000000
 0.5137	 0.000000	 0.000000	-0.049287	-0.027653	 0.000000
 0.5407	 0.000000	 0.000000	-0.049590	 0.002551	 0.000000
 0.5677	 0.000000	 0.000000	-0.049139	 0.034537	 0.000000
 0.5947	 0.000000	 0.000000	-0.047897	 0.067766	 0.000000
 0.6217	 0.000000	 0.000000	-0.045816	 0.103617	 0.000000
 0.6488	 0.000000	 0.000000	-0.042887	 0.137684	 0.000000
 0.6758	 0.000000	 0.000000	-0.039164	 0.168914	 0.000000
 0.7028	 0.000000	 0.000000	-0.034732	 0.196163	 0.000000
 0.7298	 0.000000	 0.000000	-0.029671	 0.220580	 0.000000
 0.7568	 0.000000	 0.000000	-0.024114	 0.236964	 0.000000
 0.7839	 0.000000	 0.000000	-0.018266	 0.244449	 0.000000
 0.8109	 0.000000	 0.000000	-0.012354	 0.242242	 0.000000
 0.8379	 0.000000	 0.000000	-0.006640	 0.227721	 0.000000
 0.8649	 0.000000	 0.000000	-0.001432	 0.200501	 0.000000
 0.8919	 0.000000	 0.000000	 0.002957	 0.159940	 0.000000
 0.9189	 0.000000	 0.000000	 0.006279	 0.112610	 0.000000
 0.9460	 0.000000	 0.000000	 0.008313	 0.053529	 0.000000
 0.9730	 0.000000	 0.000000	 0.008774	-0.017361	 0.000000
 1.0000	 0.000000	 0.000000	 0.007374	-0.100093	 0.000000


 -------- Mode No.   8  (freq = 0.85580E+01 Hz)

span_loc	s-s disp	s-s slope	f-a disp	f-a slope	twist

 0.0000	 0.000000	 0.000000	 0.000000	 0.000000	 0.000000
 0.0035	 0.000008	 0.005295	 0.000000	 0.000000	-0.000018
 0.0104	 0.000073	 0.015507	 0.000000	 0.000000	-0.000055
 0.0174	 0.000201	 0.025214	 0.000000	 0.000000	-0.000091
 0.0244	 0.000387	 0.034417	 0.000000	 0.000000	-0.000128
 0.0313	 0.000629	 0.043117	 0.000000	 0.000000	-0.000164
 0.0383	 0.000924	 0.051313	 0.000000	 0.000000	-0.000201
 0.0453	 0.001269	 0.059007	 0.000000	 0.000000	-0.000238
 0.0522	 0.001660	 0.066199	 0.000000	 0.000000	-0.000274
 0.0592	 0.002094	 0.072892	 0.000000	 0.000000	-0.000311
 0.0662	 0.002568	 0.079086	 0.000000	 0.000000	-0.000347
 0.0731	 0.003080	 0.084786	 0.000000	 0.000000	-0.000384
 0.0801	 0.003625	 0.089992	 0.000000	 0.000000	-0.000420
 0.0870	 0.004202	 0.094709	 0.000000	 0.000000	-0.000457
 0.0940	 0.004806	 0.098942	 0.000000	 0.000000	-0.000493
 0.1010	 0.005436	 0.102693	 0.000000	 0.000000	-0.000530
 0.1079	 0.006088	 0.106243	 0.000000	 0.000000	-0.000566
 0.1149	 0.006761	 0.109288	 0.000000	 0.000000	-0.000603
 0.1219	 0.007451	 0.111834	 0.000000	 0.000000	-0.000639
 0.1288	 0.008156	 0.113886	 0.000000	 0.000000	-0.000676
 0.1358	 0.008871	 0.115452	 0.000000	 0.000000	-0.000713
 0.1399	 0.009297	 0.116149	 0.000000	 0.000000	-0.000734
 0.1497	 0.010325	 0.117152	 0.000000	 0.000000	-0.000786
 0.1567	 0.011057	 0.117304	 0.000000	 0.000000	-0.000822
 0.1636	 0.011788	 0.117002	 0.000000	 0.000000	-0.000859
 0.1706	 0.012516	 0.116258	 0.000000	 0.000000	-0.000895
 0.1776	 0.013238	 0.115083	 0.000000	 0.000000	-0.000932
 0.1845	 0.013951	 0.113488	 0.000000	 0.000000	-0.000968
 0.1915	 0.014654	 0.111487	 0.000000	 0.000000	-0.001005
 0.1985	 0.015342	 0.109093	 0.000000	 0.000000	-0.001041
 0.2054	 0.016014	 0.106100	 0.000000	 0.000000	-0.001078
 0.2124	 0.016665	 0.102685	 0.000000	 0.000000	-0.001114
 0.2194	 0.017294	 0.098858	 0.000000	 0.000000	-0.001151
 0.2263	 0.017898	 0.094629	 0.000000	 0.000000	-0.001188
 0.2333	 0.018475	 0.090008	 0.000000	 0.000000	-0.001224
 0.2403	 0.019021	 0.085008	 0.000000	 0.000000	-0.001261
 0.2472	 0.019535	 0.079640	 0.000000	 0.000000	-0.001297
 0.2507	 0.019779	 0.076822	 0.000000	 0.000000	-0.001315
 0.3203	 0.022435	 0.005228	 0.000000	 0.000000	-0.001681
 0.3797	 0.020598	-0.073744	 0.000000	 0.000000	-0.001992
 0.4248	 0.016320	-0.136143	 0.000000	 0.000000	-0.002229
 0.4596	 0.011383	-0.178531	 0.000000	 0.000000	-0.002412
 0.4866	 0.006718	-0.205386	 0.000000	 0.000000	-0.002553
 0.5137	 0.001486	-0.225178	 0.000000	 0.000000	-0.002695
 0.5407	-0.004130	-0.236945	 0.000000	 0.000000	-0.002837
 0.5677	-0.009906	-0.238289	 0.000000	 0.000000	-0.002979
 0.5947	-0.015574	-0.228171	 0.000000	 0.000000	-0.003121
 0.6217	-0.020834	-0.204545	 0.000000	 0.000000	-0.003262
 0.6488	-0.025379	-0.169288	 0.000000	 0.000000	-0.003404
 0.6758	-0.028941	-0.123898	 0.000000	 0.000000	-0.003546
 0.7028	-0.031303	-0.070593	 0.000000	 0.000000	-0.003688
 0.7298	-0.032229	-0.005900	 0.000000	 0.000000	-0.003829
 0.7568	-0.031592	 0.057781	 0.000000	 0.000000	-0.003971
 0.7839	-0.029468	 0.116249	 0.000000	 0.000000	-0.004113
 0.8109	-0.026035	 0.165264	 0.000000	 0.000000	-0.004255
 0.8379	-0.021500	 0.206199	 0.000000	 0.000000	-0.004396
 0.8649	-0.016205	 0.227670	 0.000000	 0.000000	-0.004538
 0.8919	-0.010661	 0.226240	 0.000000	 0.000000	-0.004680
 0.9189	-0.005423	 0.202553	 0.000000	 0.000000	-0.004822
 0.9460	-0.001047	 0.154927	 0.000000	 0.000000	-0.004964
 0.9730	 0.001876	 0.082454	 0.000000	 0.000000	-0.005105
 1.0000	 0.002739	-0.015277	 0.000000	 0.000000	-0.005247


 -------- Mode No.   9  (freq = 0.85679E+01 Hz)

span_loc	s-s disp	s-s slope	f-a disp	f-a slope	twist

 0.0000	 0.000000	 0.000000	 0.000000	 0.000000	 0.000000
 0.0035	 0.000000	 0.000000	 0.000008	 0.005306	 0.000000
 0.0104	 0.000000	 0.000000	 0.000074	 0.015539	 0.000000
 0.0174	 0.000000	 0.000000	 0.000201	 0.025267	 0.000000
 0.0244	 0.000000	 0.000000	 0.000388	 0.034489	 0.000000
 0.0313	 0.000000	 0.000000	 0.000631	 0.043205	 0.000000
 0.0383	 0.000000	 0.000000	 0.000926	 0.051417	 0.000000
 0.0453	 0.000000	 0.000000	 0.001271	 0.059126	 0.000000
 0.0522	 0.000000	 0.000000	 0.001663	 0.066331	 0.000000
 0.0592	 0.000000	 0.000000	 0.002098	 0.073035	 0.000000
 0.0662	 0.000000	 0.000000	 0.002573	 0.079240	 0.000000
 0.0731	 0.000000	 0.000000	 0.003086	 0.084948	 0.000000
 0.0801	 0.000000	 0.000000	 0.003633	 0.090162	 0.000000
 0.0870	 0.000000	 0.000000	 0.004210	 0.094886	 0.000000
 0.0940	 0.000000	 0.000000	 0.004816	 0.099123	 0.000000
 0.1010	 0.000000	 0.000000	 0.005446	 0.102878	 0.000000
 0.1079	 0.000000	 0.000000	 0.006100	 0.106430	 0.000000
 0.1149	 0.000000	 0.000000	 0.006774	 0.109477	 0.000000
 0.1219	 0.000000	 0.000000	 0.007465	 0.112022	 0.000000
 0.1288	 0.000000	 0.000000	 0.008171	 0.114073	 0.000000
 0.1358	 0.000000	 0.000000	 0.008888	 0.115636	 0.000000
 0.1399	 0.000000	 0.000000	 0.009315	 0.116332	 0.000000
 0.1497	 0.000000	 0.000000	 0.010343	 0.117327	 0.000000
 0.1567	 0.000000	 0.000000	 0.011076	 0.117473	 0.000000
 0.1636	 0.000000	 0.000000	 0.011809	 0.117164	 0.000000
 0.1706	 0.000000	 0.000000	 0.012538	 0.116411	 0.000000
 0.1776	 0.000000	 0.000000	 0.013261	 0.115227	 0.000000
 0.1845	 0.000000	 0.000000	 0.013975	 0.113621	 0.000000
 0.1915	 0.000000	 0.000000	 0.014678	 0.111609	 0.000000
 0.1985	 0.000000	 0.000000	 0.015367	 0.109202	 0.000000
 0.2054	 0.000000	 0.000000	 0.016039	 0.106195	 0.000000
 0.2124	 0.000000	 0.000000	 0.016692	 0.102765	 0.000000
 0.2194	 0.000000	 0.000000	 0.017321	 0.098922	 0.000000
 0.2263	 0.000000	 0.000000	 0.017925	 0.094676	 0.000000
 0.2333	 0.000000	 0.000000	 0.018502	 0.090037	 0.000000
 0.2403	 0.000000	 0.000000	 0.019048	 0.085018	 0.000000
 0.2472	 0.000000	 0.000000	 0.019562	 0.079631	 0.000000
 0.2507	 0.000000	 0.000000	 0.019806	 0.076804	 0.000000
 0.3203	 0.000000	 0.000000	 0.022454	 0.004998	 0.000000
 0.3797	 0.000000	 0.000000	 0.020600	-0.074150	 0.000000
 0.4248	 0.000000	 0.000000	 0.016304	-0.136640	 0.000000
 0.4596	 0.000000	 0.000000	 0.011351	-0.179053	 0.000000
 0.4866	 0.000000	 0.000000	 0.006674	-0.205892	 0.000000
 0.5137	 0.000000	 0.000000	 0.001430	-0.225636	 0.000000
 0.5407	 0.000000	 0.000000	-0.004197	-0.237317	 0.000000
 0.5677	 0.000000	 0.000000	-0.009980	-0.238539	 0.000000
 0.5947	 0.000000	 0.000000	-0.015653	-0.228267	 0.000000
 0.6217	 0.000000	 0.000000	-0.020913	-0.204453	 0.000000
 0.6488	 0.000000	 0.000000	-0.025452	-0.168999	 0.000000
 0.6758	 0.000000	 0.000000	-0.029006	-0.123419	 0.000000
 0.7028	 0.000000	 0.000000	-0.031354	-0.069948	 0.000000
 0.7298	 0.000000	 0.000000	-0.032262	-0.005118	 0.000000
 0.7568	 0.000000	 0.000000	-0.031605	 0.058626	 0.000000
 0.7839	 0.000000	 0.000000	-0.029461	 0.117068	 0.000000
 0.8109	 0.000000	 0.000000	-0.026009	 0.165954	 0.000000
 0.8379	 0.000000	 0.000000	-0.021461	 0.206612	 0.000000
 0.8649	 0.000000	 0.000000	-0.016160	 0.227666	 0.000000
 0.8919	 0.000000	 0.000000	-0.010623	 0.225675	 0.000000
 0.9189	 0.000000	 0.000000	-0.005407	 0.201370	 0.000000
 0.9460	 0.000000	 0.000000	-0.001068	 0.153001	 0.000000
 0.9730	 0.000000	 0.000000	 0.001799	 0.079656	 0.000000
 1.0000	 0.000000	 0.000000	 0.002581	-0.019085	 0.000000


 -------- Mode No.  10  (freq = 0.13346E+02 Hz)

span_loc	s-s disp	s-s slope	f-a disp	f-a slope	twist

 0.0000	 0.000000	 0.000000	 0.000000	 0.000000	 0.000000
 0.0035	 0.000000	 0.000000	-0.000006	-0.003995	 0.000000
 0.0104	 0.000000	 0.000000	-0.000055	-0.011620	 0.000000
 0.0174	 0.000000	 0.000000	-0.000150	-0.018759	 0.000000
 0.0244	 0.000000	 0.000000	-0.000288	-0.025411	 0.000000
 0.0313	 0.000000	 0.000000	-0.000466	-0.031577	 0.000000
 0.0383	 0.000000	 0.000000	-0.000681	-0.037259	 0.000000
 0.0453	 0.000000	 0.000000	-0.000930	-0.042458	 0.000000
 0.0522	 0.000000	 0.000000	-0.001210	-0.047175	 0.000000
 0.0592	 0.000000	 0.000000	-0.001518	-0.051414	 0.000000
 0.0662	 0.000000	 0.000000	-0.001851	-0.055178	 0.000000
 0.0731	 0.000000	 0.000000	-0.002206	-0.058470	 0.000000
 0.0801	 0.000000	 0.000000	-0.002580	-0.061297	 0.000000
 0.0870	 0.000000	 0.000000	-0.002970	-0.063663	 0.000000
 0.0940	 0.000000	 0.000000	-0.003373	-0.065577	 0.000000
 0.1010	 0.000000	 0.000000	-0.003787	-0.067045	 0.000000
 0.1079	 0.000000	 0.000000	-0.004210	-0.068164	 0.000000
 0.1149	 0.000000	 0.000000	-0.004637	-0.068821	 0.000000
 0.1219	 0.000000	 0.000000	-0.005068	-0.069026	 0.000000
 0.1288	 0.000000	 0.000000	-0.005498	-0.068790	 0.000000
 0.1358	 0.000000	 0.000000	-0.005925	-0.068124	 0.000000
 0.1399	 0.000000	 0.000000	-0.006175	-0.067536	 0.000000
 0.1497	 0.000000	 0.000000	-0.006761	-0.065560	 0.000000
 0.1567	 0.000000	 0.000000	-0.007165	-0.063690	 0.000000
 0.1636	 0.000000	 0.000000	-0.007555	-0.061449	 0.000000
 0.1706	 0.000000	 0.000000	-0.007931	-0.058856	 0.000000
 0.1776	 0.000000	 0.000000	-0.008289	-0.055928	 0.000000
 0.1845	 0.000000	 0.000000	-0.008628	-0.052685	 0.000000
 0.1915	 0.000000	 0.000000	-0.008946	-0.049148	 0.000000
 0.1985	 0.000000	 0.000000	-0.009241	-0.045337	 0.000000
 0.2054	 0.000000	 0.000000	-0.009510	-0.040951	 0.000000
 0.2124	 0.000000	 0.000000	-0.009751	-0.036279	 0.000000
 0.2194	 0.000000	 0.000000	-0.009963	-0.031341	 0.000000
 0.2263	 0.000000	 0.000000	-0.010142	-0.026156	 0.000000
 0.2333	 0.000000	 0.000000	-0.010288	-0.020745	 0.000000
 0.2403	 0.000000	 0.000000	-0.010400	-0.015132	 0.000000
 0.2472	 0.000000	 0.000000	-0.010477	-0.009338	 0.000000
 0.2507	 0.000000	 0.000000	-0.010501	-0.006381	 0.000000
 0.3203	 0.000000	 0.000000	-0.008926	 0.055919	 0.000000
 0.3797	 0.000000	 0.000000	-0.004599	 0.102831	 0.000000
 0.4248	 0.000000	 0.000000	 0.000030	 0.122803	 0.000000
 0.4596	 0.000000	 0.000000	 0.003911	 0.123653	 0.000000
 0.4866	 0.000000	 0.000000	 0.006810	 0.114459	 0.000000
 0.5137	 0.000000	 0.000000	 0.009380	 0.096562	 0.000000
 0.5407	 0.000000	 0.000000	 0.011399	 0.069189	 0.000000
 0.5677	 0.000000	 0.000000	 0.012662	 0.034559	 0.000000
 0.5947	 0.000000	 0.000000	 0.013016	-0.005425	 0.000000
 0.6217	 0.000000	 0.000000	 0.012331	-0.050784	 0.000000
 0.6488	 0.000000	 0.000000	 0.010567	-0.093861	 0.000000
 0.6758	 0.000000	 0.000000	 0.007824	-0.131036	 0.000000
 0.7028	 0.000000	 0.000000	 0.004290	-0.158808	 0.000000
 0.7298	 0.000000	 0.000000	 0.000206	-0.175759	 0.000000
 0.7568	 0.000000	 0.000000	-0.004089	-0.176227	 0.000000
 0.7839	 0.000000	 0.000000	-0.008194	-0.160191	 0.000000
 0.8109	 0.000000	 0.000000	-0.011722	-0.128970	 0.000000
 0.8379	 0.000000	 0.000000	-0.014256	-0.078446	 0.000000
 0.8649	 0.000000	 0.000000	-0.015428	-0.017102	 0.000000
 0.8919	 0.000000	 0.000000	-0.015028	 0.050572	 0.000000
 0.9189	 0.000000	 0.000000	-0.013072	 0.110502	 0.000000
 0.9460	 0.000000	 0.000000	-0.009709	 0.166136	 0.000000
 0.9730	 0.000000	 0.000000	-0.005092	 0.213484	 0.000000
 1.0000	 0.000000	 0.000000	 0.000541	 0.249832	 0.000000


 -------- Mode No.  11  (freq = 0.16423E+02 Hz)

span_loc	s-s disp	s-s slope	f-a disp	f-a slope	twist

 0.0000	 0.000000	 0.000000	 0.000000	 0.000000	 0.000000
 0.0035	-0.000012	-0.007378	 0.000000	 0.000000	-0.000010
 0.0104	-0.000102	-0.021378	 0.000000	 0.000000	-0.000029
 0.0174	-0.000276	-0.034373	 0.000000	 0.000000	-0.000048
 0.0244	-0.000529	-0.046362	 0.000000	 0.000000	-0.000067
 0.0313	-0.000853	-0.057348	 0.000000	 0.000000	-0.000086
 0.0383	-0.001242	-0.067332	 0.000000	 0.000000	-0.000105
 0.0453	-0.001691	-0.076320	 0.000000	 0.000000	-0.000125
 0.0522	-0.002193	-0.084316	 0.000000	 0.000000	-0.000144
 0.0592	-0.002741	-0.091328	 0.000000	 0.000000	-0.000163
 0.0662	-0.003331	-0.097364	 0.000000	 0.000000	-0.000182
 0.0731	-0.003955	-0.102438	 0.000000	 0.000000	-0.000201
 0.0801	-0.004607	-0.106561	 0.000000	 0.000000	-0.000220
 0.0870	-0.005283	-0.109752	 0.000000	 0.000000	-0.000240
 0.0940	-0.005975	-0.112027	 0.000000	 0.000000	-0.000259
 0.1010	-0.006679	-0.113410	 0.000000	 0.000000	-0.000278
 0.1079	-0.007389	-0.113965	 0.000000	 0.000000	-0.000297
 0.1149	-0.008099	-0.113604	 0.000000	 0.000000	-0.000316
 0.1219	-0.008805	-0.112354	 0.000000	 0.000000	-0.000335
 0.1288	-0.009500	-0.110244	 0.000000	 0.000000	-0.000355
 0.1358	-0.010179	-0.107306	 0.000000	 0.000000	-0.000374
 0.1399	-0.010570	-0.105200	 0.000000	 0.000000	-0.000385
 0.1497	-0.011470	-0.099089	 0.000000	 0.000000	-0.000412
 0.1567	-0.012073	-0.093887	 0.000000	 0.000000	-0.000431
 0.1636	-0.012640	-0.088013	 0.000000	 0.000000	-0.000450
 0.1706	-0.013170	-0.081512	 0.000000	 0.000000	-0.000470
 0.1776	-0.013657	-0.074430	 0.000000	 0.000000	-0.000489
 0.1845	-0.014098	-0.066819	 0.000000	 0.000000	-0.000508
 0.1915	-0.014490	-0.058728	 0.000000	 0.000000	-0.000527
 0.1985	-0.014830	-0.050212	 0.000000	 0.000000	-0.000546
 0.2054	-0.015113	-0.040617	 0.000000	 0.000000	-0.000565
 0.2124	-0.015336	-0.030596	 0.000000	 0.000000	-0.000585
 0.2194	-0.015494	-0.020202	 0.000000	 0.000000	-0.000604
 0.2263	-0.015587	-0.009486	 0.000000	 0.000000	-0.000623
 0.2333	-0.015612	 0.001496	 0.000000	 0.000000	-0.000642
 0.2403	-0.015568	 0.012687	 0.000000	 0.000000	-0.000661
 0.2472	-0.015453	 0.024029	 0.000000	 0.000000	-0.000680
 0.2507	-0.015369	 0.029739	 0.000000	 0.000000	-0.000690
 0.3203	-0.009972	 0.137265	 0.000000	 0.000000	-0.000882
 0.3797	-0.000907	 0.192993	 0.000000	 0.000000	-0.001045
 0.4248	 0.006996	 0.190750	 0.000000	 0.000000	-0.001169
 0.4596	 0.012491	 0.157371	 0.000000	 0.000000	-0.001265
 0.4866	 0.015794	 0.113462	 0.000000	 0.000000	-0.001339
 0.5137	 0.017866	 0.056511	 0.000000	 0.000000	-0.001414
 0.5407	 0.018398	-0.012848	 0.000000	 0.000000	-0.001488
 0.5677	 0.017190	-0.086121	 0.000000	 0.000000	-0.001562
 0.5947	 0.014224	-0.156922	 0.000000	 0.000000	-0.001637
 0.6217	 0.009599	-0.221871	 0.000000	 0.000000	-0.001711
 0.6488	 0.003629	-0.267034	 0.000000	 0.000000	-0.001785
 0.6758	-0.003138	-0.287257	 0.000000	 0.000000	-0.001860
 0.7028	-0.010056	-0.279490	 0.000000	 0.000000	-0.001934
 0.7298	-0.016395	-0.239367	 0.000000	 0.000000	-0.002008
 0.7568	-0.021433	-0.173284	 0.000000	 0.000000	-0.002083
 0.7839	-0.024635	-0.089316	 0.000000	 0.000000	-0.002157
 0.8109	-0.025691	 0.002032	 0.000000	 0.000000	-0.002231
 0.8379	-0.024403	 0.102124	 0.000000	 0.000000	-0.002306
 0.8649	-0.020885	 0.184084	 0.000000	 0.000000	-0.002380
 0.8919	-0.015730	 0.235655	 0.000000	 0.000000	-0.002455
 0.9189	-0.009834	 0.244525	 0.000000	 0.000000	-0.002529
 0.9460	-0.004241	 0.209789	 0.000000	 0.000000	-0.002603
 0.9730	-0.000066	 0.126968	 0.000000	 0.000000	-0.002678
 1.0000	 0.001498	-0.005977	 0.000000	 0.000000	-0.002752


 -------- Mode No.  12  (freq = 0.16435E+02 Hz)

span_loc	s-s disp	s-s slope	f-a disp	f-a slope	twist

 0.0000	 0.000000	 0.000000	 0.000000	 0.000000	 0.000000
 0.0035	 0.000000	 0.000000	-0.000012	-0.007387	 0.000000
 0.0104	 0.000000	 0.000000	-0.000102	-0.021405	 0.000000
 0.0174	 0.000000	 0.000000	-0.000277	-0.034415	 0.000000
 0.0244	 0.000000	 0.000000	-0.000529	-0.046418	 0.000000
 0.0313	 0.000000	 0.000000	-0.000854	-0.057416	 0.000000
 0.0383	 0.000000	 0.000000	-0.001244	-0.067411	 0.000000
 0.0453	 0.000000	 0.000000	-0.001693	-0.076407	 0.000000
 0.0522	 0.000000	 0.000000	-0.002195	-0.084411	 0.000000
 0.0592	 0.000000	 0.000000	-0.002745	-0.091428	 0.000000
 0.0662	 0.000000	 0.000000	-0.003334	-0.097469	 0.000000
 0.0731	 0.000000	 0.000000	-0.003959	-0.102545	 0.000000
 0.0801	 0.000000	 0.000000	-0.004612	-0.106669	 0.000000
 0.0870	 0.000000	 0.000000	-0.005288	-0.109859	 0.000000
 0.0940	 0.000000	 0.000000	-0.005982	-0.112133	 0.000000
 0.1010	 0.000000	 0.000000	-0.006686	-0.113512	 0.000000
 0.1079	 0.000000	 0.000000	-0.007397	-0.114062	 0.000000
 0.1149	 0.000000	 0.000000	-0.008108	-0.113695	 0.000000
 0.1219	 0.000000	 0.000000	-0.008814	-0.112437	 0.000000
 0.1288	 0.000000	 0.000000	-0.009509	-0.110318	 0.000000
 0.1358	 0.000000	 0.000000	-0.010189	-0.107370	 0.000000
 0.1399	 0.000000	 0.000000	-0.010580	-0.105257	 0.000000
 0.1497	 0.000000	 0.000000	-0.011481	-0.099130	 0.000000
 0.1567	 0.000000	 0.000000	-0.012083	-0.093916	 0.000000
 0.1636	 0.000000	 0.000000	-0.012651	-0.088028	 0.000000
 0.1706	 0.000000	 0.000000	-0.013181	-0.081512	 0.000000
 0.1776	 0.000000	 0.000000	-0.013667	-0.074416	 0.000000
 0.1845	 0.000000	 0.000000	-0.014108	-0.066789	 0.000000
 0.1915	 0.000000	 0.000000	-0.014500	-0.058683	 0.000000
 0.1985	 0.000000	 0.000000	-0.014840	-0.050152	 0.000000
 0.2054	 0.000000	 0.000000	-0.015123	-0.040540	 0.000000
 0.2124	 0.000000	 0.000000	-0.015345	-0.030502	 0.000000
 0.2194	 0.000000	 0.000000	-0.015503	-0.020091	 0.000000
 0.2263	 0.000000	 0.000000	-0.015595	-0.009359	 0.000000
 0.2333	 0.000000	 0.000000	-0.015619	 0.001639	 0.000000
 0.2403	 0.000000	 0.000000	-0.015574	 0.012846	 0.000000
 0.2472	 0.000000	 0.000000	-0.015458	 0.024203	 0.000000
 0.2507	 0.000000	 0.000000	-0.015374	 0.029920	 0.000000
 0.3203	 0.000000	 0.000000	-0.009962	 0.137532	 0.000000
 0.3797	 0.000000	 0.000000	-0.000884	 0.193194	 0.000000
 0.4248	 0.000000	 0.000000	 0.007025	 0.190793	 0.000000
 0.4596	 0.000000	 0.000000	 0.012518	 0.157247	 0.000000
 0.4866	 0.000000	 0.000000	 0.015816	 0.113197	 0.000000
 0.5137	 0.000000	 0.000000	 0.017881	 0.056109	 0.000000
 0.5407	 0.000000	 0.000000	 0.018401	-0.013371	 0.000000
 0.5677	 0.000000	 0.000000	 0.017180	-0.086723	 0.000000
 0.5947	 0.000000	 0.000000	 0.014199	-0.157547	 0.000000
 0.6217	 0.000000	 0.000000	 0.009559	-0.222445	 0.000000
 0.6488	 0.000000	 0.000000	 0.003577	-0.267481	 0.000000
 0.6758	 0.000000	 0.000000	-0.003199	-0.287507	 0.000000
 0.7028	 0.000000	 0.000000	-0.010120	-0.279491	 0.000000
 0.7298	 0.000000	 0.000000	-0.016455	-0.239066	 0.000000
 0.7568	 0.000000	 0.000000	-0.021483	-0.172706	 0.000000
 0.7839	 0.000000	 0.000000	-0.024669	-0.088529	 0.000000
 0.8109	 0.000000	 0.000000	-0.025704	 0.002923	 0.000000
 0.8379	 0.000000	 0.000000	-0.024394	 0.102972	 0.000000
 0.8649	 0.000000	 0.000000	-0.020859	 0.184699	 0.000000
 0.8919	 0.000000	 0.000000	-0.015693	 0.235831	 0.000000
 0.9189	 0.000000	 0.000000	-0.009800	 0.244135	 0.000000
 0.9460	 0.000000	 0.000000	-0.004225	 0.208657	 0.000000
 0.9730	 0.000000	 0.000000	-0.000088	 0.124924	 0.000000
 1.0000	 0.000000	 0.000000	 0.001414	-0.009111	 0.000000


 -------- Mode No.  13  (freq = 0.26856E+02 Hz)

span_loc	s-s disp	s-s slope	f-a disp	f-a slope	twist

 0.0000	 0.000000	 0.000000	 0.000000	 0.000000	 0.000000
 0.0035	-0.000014	-0.009090	 0.000000	 0.000000	 0.000006
 0.0104	-0.000125	-0.026059	 0.000000	 0.000000	 0.000017
 0.0174	-0.000336	-0.041412	 0.000000	 0.000000	 0.000028
 0.0244	-0.000638	-0.055151	 0.000000	 0.000000	 0.000040
 0.0313	-0.001021	-0.067282	 0.000000	 0.000000	 0.000051
 0.0383	-0.001475	-0.077813	 0.000000	 0.000000	 0.000062
 0.0453	-0.001989	-0.086757	 0.000000	 0.000000	 0.000073
 0.0522	-0.002554	-0.094131	 0.000000	 0.000000	 0.000085
 0.0592	-0.003161	-0.099958	 0.000000	 0.000000	 0.000096
 0.0662	-0.003799	-0.104266	 0.000000	 0.000000	 0.000107
 0.0731	-0.004459	-0.107093	 0.000000	 0.000000	 0.000119
 0.0801	-0.005132	-0.108478	 0.000000	 0.000000	 0.000130
 0.0870	-0.005810	-0.108470	 0.000000	 0.000000	 0.000141
 0.0940	-0.006483	-0.107126	 0.000000	 0.000000	 0.000152
 0.1010	-0.007144	-0.104506	 0.000000	 0.000000	 0.000164
 0.1079	-0.007784	-0.100361	 0.000000	 0.000000	 0.000175
 0.1149	-0.008394	-0.094977	 0.000000	 0.000000	 0.000186
 0.1219	-0.008967	-0.088431	 0.000000	 0.000000	 0.000198
 0.1288	-0.009496	-0.080809	 0.000000	 0.000000	 0.000209
 0.1358	-0.009973	-0.072202	 0.000000	 0.000000	 0.000220
 0.1399	-0.010229	-0.066703	 0.000000	 0.000000	 0.000227
 0.1497	-0.010754	-0.052417	 0.000000	 0.000000	 0.000243
 0.1567	-0.011048	-0.041447	 0.000000	 0.000000	 0.000254
 0.1636	-0.011270	-0.029903	 0.000000	 0.000000	 0.000265
 0.1706	-0.011420	-0.017896	 0.000000	 0.000000	 0.000277
 0.1776	-0.011493	-0.005542	 0.000000	 0.000000	 0.000288
 0.1845	-0.011488	 0.007044	 0.000000	 0.000000	 0.000299
 0.1915	-0.011405	 0.019743	 0.000000	 0.000000	 0.000310
 0.1985	-0.011242	 0.032440	 0.000000	 0.000000	 0.000322
 0.2054	-0.010997	 0.046021	 0.000000	 0.000000	 0.000333
 0.2124	-0.010668	 0.059467	 0.000000	 0.000000	 0.000344
 0.2194	-0.010255	 0.072664	 0.000000	 0.000000	 0.000356
 0.2263	-0.009762	 0.085496	 0.000000	 0.000000	 0.000367
 0.2333	-0.009189	 0.097850	 0.000000	 0.000000	 0.000378
 0.2403	-0.008541	 0.109615	 0.000000	 0.000000	 0.000389
 0.2472	-0.007822	 0.120685	 0.000000	 0.000000	 0.000401
 0.2507	-0.007438	 0.125927	 0.000000	 0.000000	 0.000406
 0.3203	 0.002590	 0.174290	 0.000000	 0.000000	 0.000519
 0.3797	 0.010496	 0.107492	 0.000000	 0.000000	 0.000616
 0.4248	 0.012689	-0.002419	 0.000000	 0.000000	 0.000689
 0.4596	 0.011107	-0.097080	 0.000000	 0.000000	 0.000745
 0.4866	 0.007937	-0.161631	 0.000000	 0.000000	 0.000789
 0.5137	 0.003414	-0.207479	 0.000000	 0.000000	 0.000833
 0.5407	-0.001916	-0.227165	 0.000000	 0.000000	 0.000877
 0.5677	-0.007312	-0.212811	 0.000000	 0.000000	 0.000920
 0.5947	-0.011926	-0.163421	 0.000000	 0.000000	 0.000964
 0.6217	-0.014894	-0.078293	 0.000000	 0.000000	 0.001008
 0.6488	-0.015548	 0.025163	 0.000000	 0.000000	 0.001052
 0.6758	-0.013633	 0.130881	 0.000000	 0.000000	 0.001096
 0.7028	-0.009312	 0.221097	 0.000000	 0.000000	 0.001139
 0.7298	-0.003083	 0.285598	 0.000000	 0.000000	 0.001183
 0.7568	 0.004119	 0.300580	 0.000000	 0.000000	 0.001227
 0.7839	 0.011060	 0.264783	 0.000000	 0.000000	 0.001271
 0.8109	 0.016588	 0.186069	 0.000000	 0.000000	 0.001315
 0.8379	 0.019655	 0.064378	 0.000000	 0.000000	 0.001358
 0.8649	 0.019632	-0.064949	 0.000000	 0.000000	 0.001402
 0.8919	 0.016651	-0.175626	 0.000000	 0.000000	 0.001446
 0.9189	 0.011604	-0.232675	 0.000000	 0.000000	 0.001490
 0.9460	 0.005869	-0.229635	 0.000000	 0.000000	 0.001534
 0.9730	 0.001079	-0.153231	 0.000000	 0.000000	 0.001577
 1.0000	-0.000903	 0.002792	 0.000000	 0.000000	 0.001621


 -------- Mode No.  14  (freq = 0.26858E+02 Hz)

span_loc	s-s disp	s-s slope	f-a disp	f-a slope	twist

 0.0000	 0.000000	 0.000000	 0.000000	 0.000000	 0.000000
 0.0035	 0.000000	 0.000000	 0.000014	 0.009093	 0.000000
 0.0104	 0.000000	 0.000000	 0.000125	 0.026067	 0.000000
 0.0174	 0.000000	 0.000000	 0.000336	 0.041425	 0.000000
 0.0244	 0.000000	 0.000000	 0.000638	 0.055168	 0.000000
 0.0313	 0.000000	 0.000000	 0.001021	 0.067303	 0.000000
 0.0383	 0.000000	 0.000000	 0.001475	 0.077837	 0.000000
 0.0453	 0.000000	 0.000000	 0.001990	 0.086783	 0.000000
 0.0522	 0.000000	 0.000000	 0.002555	 0.094159	 0.000000
 0.0592	 0.000000	 0.000000	 0.003162	 0.099987	 0.000000
 0.0662	 0.000000	 0.000000	 0.003800	 0.104297	 0.000000
 0.0731	 0.000000	 0.000000	 0.004460	 0.107123	 0.000000
 0.0801	 0.000000	 0.000000	 0.005134	 0.108508	 0.000000
 0.0870	 0.000000	 0.000000	 0.005812	 0.108500	 0.000000
 0.0940	 0.000000	 0.000000	 0.006485	 0.107155	 0.000000
 0.1010	 0.000000	 0.000000	 0.007146	 0.104534	 0.000000
 0.1079	 0.000000	 0.000000	 0.007786	 0.100387	 0.000000
 0.1149	 0.000000	 0.000000	 0.008397	 0.095000	 0.000000
 0.1219	 0.000000	 0.000000	 0.008970	 0.088452	 0.000000
 0.1288	 0.000000	 0.000000	 0.009498	 0.080827	 0.000000
 0.1358	 0.000000	 0.000000	 0.009976	 0.072216	 0.000000
 0.1399	 0.000000	 0.000000	 0.010232	 0.066715	 0.000000
 0.1497	 0.000000	 0.000000	 0.010757	 0.052424	 0.000000
 0.1567	 0.000000	 0.000000	 0.011051	 0.041450	 0.000000
 0.1636	 0.000000	 0.000000	 0.011273	 0.029902	 0.000000
 0.1706	 0.000000	 0.000000	 0.011423	 0.017891	 0.000000
 0.1776	 0.000000	 0.000000	 0.011496	 0.005533	 0.000000
 0.1845	 0.000000	 0.000000	 0.011491	-0.007057	 0.000000
 0.1915	 0.000000	 0.000000	 0.011408	-0.019761	 0.000000
 0.1985	 0.000000	 0.000000	 0.011245	-0.032461	 0.000000
 0.2054	 0.000000	 0.000000	 0.011000	-0.046046	 0.000000
 0.2124	 0.000000	 0.000000	 0.010670	-0.059497	 0.000000
 0.2194	 0.000000	 0.000000	 0.010257	-0.072697	 0.000000
 0.2263	 0.000000	 0.000000	 0.009763	-0.085532	 0.000000
 0.2333	 0.000000	 0.000000	 0.009191	-0.097890	 0.000000
 0.2403	 0.000000	 0.000000	 0.008543	-0.109658	 0.000000
 0.2472	 0.000000	 0.000000	 0.007823	-0.120730	 0.000000
 0.2507	 0.000000	 0.000000	 0.007439	-0.125973	 0.000000
 0.3203	 0.000000	 0.000000	-0.002592	-0.174335	 0.000000
 0.3797	 0.000000	 0.000000	-0.010500	-0.107499	 0.000000
 0.4248	 0.000000	 0.000000	-0.012692	 0.002454	 0.000000
 0.4596	 0.000000	 0.000000	-0.011108	 0.097141	 0.000000
 0.4866	 0.000000	 0.000000	-0.007937	 0.161704	 0.000000
 0.5137	 0.000000	 0.000000	-0.003412	 0.207552	 0.000000
 0.5407	 0.000000	 0.000000	 0.001920	 0.227225	 0.000000
 0.5677	 0.000000	 0.000000	 0.007316	 0.212845	 0.000000
 0.5947	 0.000000	 0.000000	 0.011931	 0.163420	 0.000000
 0.6217	 0.000000	 0.000000	 0.014898	 0.078248	 0.000000
 0.6488	 0.000000	 0.000000	 0.015551	-0.025247	 0.000000
 0.6758	 0.000000	 0.000000	 0.013634	-0.130994	 0.000000
 0.7028	 0.000000	 0.000000	 0.009310	-0.221222	 0.000000
 0.7298	 0.000000	 0.000000	 0.003077	-0.285713	 0.000000
 0.7568	 0.000000	 0.000000	-0.004127	-0.300668	 0.000000
 0.7839	 0.000000	 0.000000	-0.011069	-0.264831	 0.000000
 0.8109	 0.000000	 0.000000	-0.016598	-0.186077	 0.000000
 0.8379	 0.000000	 0.000000	-0.019665	-0.064357	 0.000000
 0.8649	 0.000000	 0.000000	-0.019642	 0.064965	 0.000000
 0.8919	 0.000000	 0.000000	-0.016660	 0.175584	 0.000000
 0.9189	 0.000000	 0.000000	-0.011615	 0.232521	 0.000000
 0.9460	 0.000000	 0.000000	-0.005887	 0.229290	 0.000000
 0.9730	 0.000000	 0.000000	-0.001108	 0.152593	 0.000000
 1.0000	 0.000000	 0.000000	 0.000853	-0.003860	 0.000000


 -------- Mode No.  15  (freq = 0.39856E+02 Hz)

span_loc	s-s disp	s-s slope	f-a disp	f-a slope	twist

 0.0000	 0.000000	 0.000000	 0.000000	 0.000000	 0.000000
 0.0035	 0.000000	 0.000000	 0.000016	 0.010375	 0.000000
 0.0104	 0.000000	 0.000000	 0.000142	 0.029415	 0.000000
 0.0174	 0.000000	 0.000000	 0.000379	 0.046180	 0.000000
 0.0244	 0.000000	 0.000000	 0.000713	 0.060674	 0.000000
 0.0313	 0.000000	 0.000000	 0.001131	 0.072910	 0.000000
 0.0383	 0.000000	 0.000000	 0.001619	 0.082909	 0.000000
 0.0453	 0.000000	 0.000000	 0.002161	 0.090701	 0.000000
 0.0522	 0.000000	 0.000000	 0.002746	 0.096328	 0.000000
 0.0592	 0.000000	 0.000000	 0.003359	 0.099844	 0.000000
 0.0662	 0.000000	 0.000000	 0.003988	 0.101319	 0.000000
 0.0731	 0.000000	 0.000000	 0.004620	 0.100833	 0.000000
 0.0801	 0.000000	 0.000000	 0.005243	 0.098483	 0.000000
 0.0870	 0.000000	 0.000000	 0.005845	 0.094379	 0.000000
 0.0940	 0.000000	 0.000000	 0.006417	 0.088644	 0.000000
 0.1010	 0.000000	 0.000000	 0.006948	 0.081414	 0.000000
 0.1079	 0.000000	 0.000000	 0.007428	 0.072122	 0.000000
 0.1149	 0.000000	 0.000000	 0.007846	 0.061517	 0.000000
 0.1219	 0.000000	 0.000000	 0.008194	 0.049765	 0.000000
 0.1288	 0.000000	 0.000000	 0.008465	 0.037041	 0.000000
 0.1358	 0.000000	 0.000000	 0.008654	 0.023530	 0.000000
 0.1399	 0.000000	 0.000000	 0.008726	 0.015271	 0.000000
 0.1497	 0.000000	 0.000000	 0.008771	-0.005093	 0.000000
 0.1567	 0.000000	 0.000000	 0.008693	-0.019817	 0.000000
 0.1636	 0.000000	 0.000000	 0.008524	-0.034554	 0.000000
 0.1706	 0.000000	 0.000000	 0.008262	-0.049111	 0.000000
 0.1776	 0.000000	 0.000000	 0.007911	-0.063298	 0.000000
 0.1845	 0.000000	 0.000000	 0.007473	-0.076932	 0.000000
 0.1915	 0.000000	 0.000000	 0.006953	-0.089838	 0.000000
 0.1985	 0.000000	 0.000000	 0.006354	-0.101849	 0.000000
 0.2054	 0.000000	 0.000000	 0.005681	-0.113689	 0.000000
 0.2124	 0.000000	 0.000000	 0.004938	-0.124344	 0.000000
 0.2194	 0.000000	 0.000000	 0.004132	-0.133670	 0.000000
 0.2263	 0.000000	 0.000000	 0.003272	-0.141535	 0.000000
 0.2333	 0.000000	 0.000000	 0.002368	-0.147823	 0.000000
 0.2403	 0.000000	 0.000000	 0.001431	-0.152437	 0.000000
 0.2472	 0.000000	 0.000000	 0.000470	-0.155298	 0.000000
 0.2507	 0.000000	 0.000000	-0.000016	-0.156050	 0.000000
 0.3203	 0.000000	 0.000000	-0.008195	-0.079407	 0.000000
 0.3797	 0.000000	 0.000000	-0.008204	 0.078947	 0.000000
 0.4248	 0.000000	 0.000000	-0.002838	 0.173916	 0.000000
 0.4596	 0.000000	 0.000000	 0.002958	 0.186863	 0.000000
 0.4866	 0.000000	 0.000000	 0.007135	 0.152120	 0.000000
 0.5137	 0.000000	 0.000000	 0.010026	 0.082402	 0.000000
 0.5407	 0.000000	 0.000000	 0.010862	-0.014533	 0.000000
 0.5677	 0.000000	 0.000000	 0.009259	-0.115368	 0.000000
 0.5947	 0.000000	 0.000000	 0.005399	-0.197284	 0.000000
 0.6217	 0.000000	 0.000000	-0.000022	-0.241052	 0.000000
 0.6488	 0.000000	 0.000000	-0.005800	-0.226194	 0.000000
 0.6758	 0.000000	 0.000000	-0.010497	-0.153753	 0.000000
 0.7028	 0.000000	 0.000000	-0.012879	-0.039089	 0.000000
 0.7298	 0.000000	 0.000000	-0.012065	 0.104725	 0.000000
 0.7568	 0.000000	 0.000000	-0.007993	 0.224517	 0.000000
 0.7839	 0.000000	 0.000000	-0.001620	 0.290966	 0.000000
 0.8109	 0.000000	 0.000000	 0.005536	 0.288163	 0.000000
 0.8379	 0.000000	 0.000000	 0.011678	 0.207939	 0.000000
 0.8649	 0.000000	 0.000000	 0.015150	 0.073066	 0.000000
 0.8919	 0.000000	 0.000000	 0.015064	-0.078794	 0.000000
 0.9189	 0.000000	 0.000000	 0.011766	-0.185374	 0.000000
 0.9460	 0.000000	 0.000000	 0.006631	-0.224596	 0.000000
 0.9730	 0.000000	 0.000000	 0.001675	-0.167027	 0.000000
 1.0000	 0.000000	 0.000000	-0.000551	 0.001971	 0.000000


 -------- Mode No.  16  (freq = 0.39858E+02 Hz)

span_loc	s-s disp	s-s slope	f-a disp	f-a slope	twist

 0.0000	 0.000000	 0.000000	 0.000000	 0.000000	 0.000000
 0.0035	 0.000016	 0.010373	 0.000000	 0.000000	 0.000004
 0.0104	 0.000142	 0.029412	 0.000000	 0.000000	 0.000011
 0.0174	 0.000379	 0.046174	 0.000000	 0.000000	 0.000018
 0.0244	 0.000713	 0.060667	 0.000000	 0.000000	 0.000025
 0.0313	 0.001131	 0.072901	 0.000000	 0.000000	 0.000032
 0.0383	 0.001618	 0.082898	 0.000000	 0.000000	 0.000039
 0.0453	 0.002161	 0.090689	 0.000000	 0.000000	 0.000047
 0.0522	 0.002746	 0.096315	 0.000000	 0.000000	 0.000054
 0.0592	 0.003359	 0.099831	 0.000000	 0.000000	 0.000061
 0.0662	 0.003987	 0.101304	 0.000000	 0.000000	 0.000068
 0.0731	 0.004619	 0.100818	 0.000000	 0.000000	 0.000075
 0.0801	 0.005242	 0.098468	 0.000000	 0.000000	 0.000083
 0.0870	 0.005844	 0.094364	 0.000000	 0.000000	 0.000090
 0.0940	 0.006416	 0.088629	 0.000000	 0.000000	 0.000097
 0.1010	 0.006947	 0.081400	 0.000000	 0.000000	 0.000104
 0.1079	 0.007427	 0.072109	 0.000000	 0.000000	 0.000111
 0.1149	 0.007845	 0.061504	 0.000000	 0.000000	 0.000118
 0.1219	 0.008192	 0.049753	 0.000000	 0.000000	 0.000126
 0.1288	 0.008464	 0.037030	 0.000000	 0.000000	 0.000133
 0.1358	 0.008653	 0.023521	 0.000000	 0.000000	 0.000140
 0.1399	 0.008724	 0.015262	 0.000000	 0.000000	 0.000144
 0.1497	 0.008769	-0.005100	 0.000000	 0.000000	 0.000154
 0.1567	 0.008692	-0.019822	 0.000000	 0.000000	 0.000162
 0.1636	 0.008522	-0.034557	 0.000000	 0.000000	 0.000169
 0.1706	 0.008261	-0.049113	 0.000000	 0.000000	 0.000176
 0.1776	 0.007910	-0.063298	 0.000000	 0.000000	 0.000183
 0.1845	 0.007472	-0.076930	 0.000000	 0.000000	 0.000190
 0.1915	 0.006951	-0.089833	 0.000000	 0.000000	 0.000197
 0.1985	 0.006353	-0.101843	 0.000000	 0.000000	 0.000205
 0.2054	 0.005679	-0.113680	 0.000000	 0.000000	 0.000212
 0.2124	 0.004936	-0.124333	 0.000000	 0.000000	 0.000219
 0.2194	 0.004130	-0.133657	 0.000000	 0.000000	 0.000226
 0.2263	 0.003271	-0.141520	 0.000000	 0.000000	 0.000233
 0.2333	 0.002367	-0.147806	 0.000000	 0.000000	 0.000241
 0.2403	 0.001430	-0.152418	 0.000000	 0.000000	 0.000248
 0.2472	 0.000469	-0.155277	 0.000000	 0.000000	 0.000255
 0.2507	-0.000017	-0.156028	 0.000000	 0.000000	 0.000258
 0.3203	-0.008194	-0.079379	 0.000000	 0.000000	 0.000330
 0.3797	-0.008202	 0.078958	 0.000000	 0.000000	 0.000392
 0.4248	-0.002836	 0.173901	 0.000000	 0.000000	 0.000438
 0.4596	 0.002959	 0.186828	 0.000000	 0.000000	 0.000474
 0.4866	 0.007136	 0.152075	 0.000000	 0.000000	 0.000502
 0.5137	 0.010025	 0.082353	 0.000000	 0.000000	 0.000530
 0.5407	 0.010860	-0.014576	 0.000000	 0.000000	 0.000558
 0.5677	 0.009256	-0.115394	 0.000000	 0.000000	 0.000585
 0.5947	 0.005395	-0.197285	 0.000000	 0.000000	 0.000613
 0.6217	-0.000025	-0.241021	 0.000000	 0.000000	 0.000641
 0.6488	-0.005802	-0.226135	 0.000000	 0.000000	 0.000669
 0.6758	-0.010497	-0.153677	 0.000000	 0.000000	 0.000697
 0.7028	-0.012878	-0.039012	 0.000000	 0.000000	 0.000725
 0.7298	-0.012062	 0.104781	 0.000000	 0.000000	 0.000753
 0.7568	-0.007989	 0.224533	 0.000000	 0.000000	 0.000780
 0.7839	-0.001616	 0.290932	 0.000000	 0.000000	 0.000808
 0.8109	 0.005538	 0.288078	 0.000000	 0.000000	 0.000836
 0.8379	 0.011678	 0.207807	 0.000000	 0.000000	 0.000864
 0.8649	 0.015146	 0.072905	 0.000000	 0.000000	 0.000892
 0.8919	 0.015056	-0.078967	 0.000000	 0.000000	 0.000920
 0.9189	 0.011754	-0.185553	 0.000000	 0.000000	 0.000948
 0.9460	 0.006614	-0.224801	 0.000000	 0.000000	 0.000975
 0.9730	 0.001653	-0.167321	 0.000000	 0.000000	 0.001003
 1.0000	-0.000582	 0.001466	 0.000000	 0.000000	 0.001031


 -------- Mode No.  17  (freq = 0.50908E+02 Hz)

span_loc	s-s disp	s-s slope	f-a disp	f-a slope	twist

 0.0000	 0.000000	 0.000000	 0.000000	 0.000000	 0.000000
 0.0035	 0.000000	 0.000000	 0.000004	 0.002438	 0.000000
 0.0104	 0.000000	 0.000000	 0.000033	 0.006856	 0.000000
 0.0174	 0.000000	 0.000000	 0.000088	 0.010665	 0.000000
 0.0244	 0.000000	 0.000000	 0.000165	 0.013867	 0.000000
 0.0313	 0.000000	 0.000000	 0.000260	 0.016467	 0.000000
 0.0383	 0.000000	 0.000000	 0.000369	 0.018473	 0.000000
 0.0453	 0.000000	 0.000000	 0.000489	 0.019895	 0.000000
 0.0522	 0.000000	 0.000000	 0.000616	 0.020750	 0.000000
 0.0592	 0.000000	 0.000000	 0.000747	 0.021058	 0.000000
 0.0662	 0.000000	 0.000000	 0.000878	 0.020843	 0.000000
 0.0731	 0.000000	 0.000000	 0.001006	 0.020135	 0.000000
 0.0801	 0.000000	 0.000000	 0.001128	 0.018968	 0.000000
 0.0870	 0.000000	 0.000000	 0.001242	 0.017381	 0.000000
 0.0940	 0.000000	 0.000000	 0.001345	 0.015418	 0.000000
 0.1010	 0.000000	 0.000000	 0.001434	 0.013124	 0.000000
 0.1079	 0.000000	 0.000000	 0.001507	 0.010336	 0.000000
 0.1149	 0.000000	 0.000000	 0.001562	 0.007294	 0.000000
 0.1219	 0.000000	 0.000000	 0.001598	 0.004054	 0.000000
 0.1288	 0.000000	 0.000000	 0.001613	 0.000672	 0.000000
 0.1358	 0.000000	 0.000000	 0.001606	-0.002794	 0.000000
 0.1399	 0.000000	 0.000000	 0.001592	-0.004853	 0.000000
 0.1497	 0.000000	 0.000000	 0.001528	-0.009741	 0.000000
 0.1567	 0.000000	 0.000000	 0.001456	-0.013108	 0.000000
 0.1636	 0.000000	 0.000000	 0.001364	-0.016329	 0.000000
 0.1706	 0.000000	 0.000000	 0.001253	-0.019353	 0.000000
 0.1776	 0.000000	 0.000000	 0.001123	-0.022130	 0.000000
 0.1845	 0.000000	 0.000000	 0.000977	-0.024617	 0.000000
 0.1915	 0.000000	 0.000000	 0.000817	-0.026773	 0.000000
 0.1985	 0.000000	 0.000000	 0.000644	-0.028565	 0.000000
 0.2054	 0.000000	 0.000000	 0.000461	-0.030076	 0.000000
 0.2124	 0.000000	 0.000000	 0.000269	-0.031150	 0.000000
 0.2194	 0.000000	 0.000000	 0.000073	-0.031765	 0.000000
 0.2263	 0.000000	 0.000000	-0.000126	-0.031905	 0.000000
 0.2333	 0.000000	 0.000000	-0.000324	-0.031562	 0.000000
 0.2403	 0.000000	 0.000000	-0.000519	-0.030734	 0.000000
 0.2472	 0.000000	 0.000000	-0.000707	-0.029428	 0.000000
 0.2507	 0.000000	 0.000000	-0.000797	-0.028599	 0.000000
 0.3203	 0.000000	 0.000000	-0.001634	 0.005395	 0.000000
 0.3797	 0.000000	 0.000000	-0.000446	 0.034711	 0.000000
 0.4248	 0.000000	 0.000000	 0.001011	 0.032966	 0.000000
 0.4596	 0.000000	 0.000000	 0.001777	 0.014313	 0.000000
 0.4866	 0.000000	 0.000000	 0.001876	-0.006352	 0.000000
 0.5137	 0.000000	 0.000000	 0.001465	-0.026810	 0.000000
 0.5407	 0.000000	 0.000000	 0.000611	-0.042034	 0.000000
 0.5677	 0.000000	 0.000000	-0.000482	-0.046092	 0.000000
 0.5947	 0.000000	 0.000000	-0.001511	-0.036794	 0.000000
 0.6217	 0.000000	 0.000000	-0.002147	-0.014305	 0.000000
 0.6488	 0.000000	 0.000000	-0.002150	 0.014109	 0.000000
 0.6758	 0.000000	 0.000000	-0.001478	 0.039929	 0.000000
 0.7028	 0.000000	 0.000000	-0.000301	 0.054784	 0.000000
 0.7298	 0.000000	 0.000000	 0.001044	 0.052987	 0.000000
 0.7568	 0.000000	 0.000000	 0.002117	 0.033112	 0.000000
 0.7839	 0.000000	 0.000000	 0.002551	 0.001747	 0.000000
 0.8109	 0.000000	 0.000000	 0.002190	-0.030646	 0.000000
 0.8379	 0.000000	 0.000000	 0.001101	-0.056484	 0.000000
 0.8649	 0.000000	 0.000000	-0.000382	-0.062175	 0.000000
 0.8919	 0.000000	 0.000000	-0.001723	-0.045084	 0.000000
 0.9189	 0.000000	 0.000000	-0.002465	-0.014289	 0.000000
 0.9460	 0.000000	 0.000000	-0.002367	 0.022317	 0.000000
 0.9730	 0.000000	 0.000000	-0.001433	 0.052777	 0.000000
 1.0000	 0.000000	 0.000000	 0.000061	 0.067422	 0.000000


 -------- Mode No.  18  (freq = 0.55509E+02 Hz)

span_loc	s-s disp	s-s slope	f-a disp	f-a slope	twist

 0.0000	 0.000000	 0.000000	 0.000000	 0.000000	 0.000000
 0.0035	 0.000000	 0.000000	 0.000019	 0.011849	 0.000000
 0.0104	 0.000000	 0.000000	 0.000161	 0.033219	 0.000000
 0.0174	 0.000000	 0.000000	 0.000427	 0.051490	 0.000000
 0.0244	 0.000000	 0.000000	 0.000797	 0.066675	 0.000000
 0.0313	 0.000000	 0.000000	 0.001253	 0.078799	 0.000000
 0.0383	 0.000000	 0.000000	 0.001774	 0.087907	 0.000000
 0.0453	 0.000000	 0.000000	 0.002344	 0.094065	 0.000000
 0.0522	 0.000000	 0.000000	 0.002942	 0.097361	 0.000000
 0.0592	 0.000000	 0.000000	 0.003553	 0.097911	 0.000000
 0.0662	 0.000000	 0.000000	 0.004159	 0.095853	 0.000000
 0.0731	 0.000000	 0.000000	 0.004744	 0.091355	 0.000000
 0.0801	 0.000000	 0.000000	 0.005294	 0.084610	 0.000000
 0.0870	 0.000000	 0.000000	 0.005796	 0.075834	 0.000000
 0.0940	 0.000000	 0.000000	 0.006237	 0.065267	 0.000000
 0.1010	 0.000000	 0.000000	 0.006607	 0.053169	 0.000000
 0.1079	 0.000000	 0.000000	 0.006895	 0.038702	 0.000000
 0.1149	 0.000000	 0.000000	 0.007088	 0.023144	 0.000000
 0.1219	 0.000000	 0.000000	 0.007182	 0.006796	 0.000000
 0.1288	 0.000000	 0.000000	 0.007172	-0.010035	 0.000000
 0.1358	 0.000000	 0.000000	 0.007056	-0.027038	 0.000000
 0.1399	 0.000000	 0.000000	 0.006938	-0.037020	 0.000000
 0.1497	 0.000000	 0.000000	 0.006509	-0.060335	 0.000000
 0.1567	 0.000000	 0.000000	 0.006083	-0.076034	 0.000000
 0.1636	 0.000000	 0.000000	 0.005562	-0.090725	 0.000000
 0.1706	 0.000000	 0.000000	 0.004953	-0.104152	 0.000000
 0.1776	 0.000000	 0.000000	 0.004265	-0.116080	 0.000000
 0.1845	 0.000000	 0.000000	 0.003508	-0.126303	 0.000000
 0.1915	 0.000000	 0.000000	 0.002693	-0.134646	 0.000000
 0.1985	 0.000000	 0.000000	 0.001832	-0.140967	 0.000000
 0.2054	 0.000000	 0.000000	 0.000937	-0.145495	 0.000000
 0.2124	 0.000000	 0.000000	 0.000021	-0.147675	 0.000000
 0.2194	 0.000000	 0.000000	-0.000901	-0.147440	 0.000000
 0.2263	 0.000000	 0.000000	-0.001814	-0.144761	 0.000000
 0.2333	 0.000000	 0.000000	-0.002703	-0.139650	 0.000000
 0.2403	 0.000000	 0.000000	-0.003552	-0.132160	 0.000000
 0.2472	 0.000000	 0.000000	-0.004347	-0.122386	 0.000000
 0.2507	 0.000000	 0.000000	-0.004720	-0.116682	 0.000000
 0.3203	 0.000000	 0.000000	-0.006662	 0.063946	 0.000000
 0.3797	 0.000000	 0.000000	 0.000349	 0.170383	 0.000000
 0.4248	 0.000000	 0.000000	 0.006514	 0.114161	 0.000000
 0.4596	 0.000000	 0.000000	 0.008361	-0.000785	 0.000000
 0.4866	 0.000000	 0.000000	 0.007104	-0.100550	 0.000000
 0.5137	 0.000000	 0.000000	 0.003647	-0.177941	 0.000000
 0.5407	 0.000000	 0.000000	-0.001164	-0.208937	 0.000000
 0.5677	 0.000000	 0.000000	-0.005947	-0.175651	 0.000000
 0.5947	 0.000000	 0.000000	-0.009163	-0.082985	 0.000000
 0.6217	 0.000000	 0.000000	-0.009549	 0.052002	 0.000000
 0.6488	 0.000000	 0.000000	-0.006699	 0.176785	 0.000000
 0.6758	 0.000000	 0.000000	-0.001395	 0.248904	 0.000000
 0.7028	 0.000000	 0.000000	 0.004705	 0.240697	 0.000000
 0.7298	 0.000000	 0.000000	 0.009475	 0.140678	 0.000000
 0.7568	 0.000000	 0.000000	 0.011057	-0.014503	 0.000000
 0.7839	 0.000000	 0.000000	 0.008753	-0.170642	 0.000000
 0.8109	 0.000000	 0.000000	 0.003226	-0.272668	 0.000000
 0.8379	 0.000000	 0.000000	-0.003773	-0.286632	 0.000000
 0.8649	 0.000000	 0.000000	-0.009775	-0.193519	 0.000000
 0.8919	 0.000000	 0.000000	-0.012538	-0.027876	 0.000000
 0.9189	 0.000000	 0.000000	-0.011322	 0.123219	 0.000000
 0.9460	 0.000000	 0.000000	-0.007083	 0.210897	 0.000000
 0.9730	 0.000000	 0.000000	-0.002078	 0.179299	 0.000000
 1.0000	 0.000000	 0.000000	 0.000387	-0.001231	 0.000000


 -------- Mode No.  19  (freq = 0.55512E+02 Hz)

span_loc	s-s disp	s-s slope	f-a disp	f-a slope	twist

 0.0000	 0.000000	 0.000000	 0.000000	 0.000000	 0.000000
 0.0035	-0.000019	-0.011848	 0.000000	 0.000000	 0.000002
 0.0104	-0.000161	-0.033217	 0.000000	 0.000000	 0.000007
 0.0174	-0.000427	-0.051487	 0.000000	 0.000000	 0.000012
 0.0244	-0.000797	-0.066670	 0.000000	 0.000000	 0.000017
 0.0313	-0.001253	-0.078793	 0.000000	 0.000000	 0.000022
 0.0383	-0.001774	-0.087900	 0.000000	 0.000000	 0.000027
 0.0453	-0.002343	-0.094058	 0.000000	 0.000000	 0.000032
 0.0522	-0.002942	-0.097353	 0.000000	 0.000000	 0.000037
 0.0592	-0.003553	-0.097902	 0.000000	 0.000000	 0.000042
 0.0662	-0.004159	-0.095844	 0.000000	 0.000000	 0.000047
 0.0731	-0.004744	-0.091346	 0.000000	 0.000000	 0.000052
 0.0801	-0.005294	-0.084600	 0.000000	 0.000000	 0.000057
 0.0870	-0.005796	-0.075824	 0.000000	 0.000000	 0.000062
 0.0940	-0.006237	-0.065258	 0.000000	 0.000000	 0.000067
 0.1010	-0.006607	-0.053160	 0.000000	 0.000000	 0.000072
 0.1079	-0.006894	-0.038693	 0.000000	 0.000000	 0.000077
 0.1149	-0.007087	-0.023136	 0.000000	 0.000000	 0.000082
 0.1219	-0.007181	-0.006789	 0.000000	 0.000000	 0.000087
 0.1288	-0.007171	 0.010041	 0.000000	 0.000000	 0.000092
 0.1358	-0.007055	 0.027044	 0.000000	 0.000000	 0.000097
 0.1399	-0.006938	 0.037025	 0.000000	 0.000000	 0.000100
 0.1497	-0.006508	 0.060338	 0.000000	 0.000000	 0.000107
 0.1567	-0.006082	 0.076036	 0.000000	 0.000000	 0.000112
 0.1636	-0.005561	 0.090725	 0.000000	 0.000000	 0.000117
 0.1706	-0.004953	 0.104150	 0.000000	 0.000000	 0.000122
 0.1776	-0.004265	 0.116076	 0.000000	 0.000000	 0.000127
 0.1845	-0.003507	 0.126298	 0.000000	 0.000000	 0.000132
 0.1915	-0.002692	 0.134639	 0.000000	 0.000000	 0.000137
 0.1985	-0.001831	 0.140958	 0.000000	 0.000000	 0.000142
 0.2054	-0.000936	 0.145484	 0.000000	 0.000000	 0.000147
 0.2124	-0.000020	 0.147663	 0.000000	 0.000000	 0.000152
 0.2194	 0.000902	 0.147426	 0.000000	 0.000000	 0.000157
 0.2263	 0.001815	 0.144745	 0.000000	 0.000000	 0.000162
 0.2333	 0.002703	 0.139632	 0.000000	 0.000000	 0.000167
 0.2403	 0.003552	 0.132141	 0.000000	 0.000000	 0.000172
 0.2472	 0.004347	 0.122366	 0.000000	 0.000000	 0.000177
 0.2507	 0.004720	 0.116661	 0.000000	 0.000000	 0.000180
 0.3203	 0.006661	-0.063961	 0.000000	 0.000000	 0.000230
 0.3797	-0.000351	-0.170369	 0.000000	 0.000000	 0.000273
 0.4248	-0.006514	-0.114125	 0.000000	 0.000000	 0.000305
 0.4596	-0.008360	 0.000823	 0.000000	 0.000000	 0.000330
 0.4866	-0.007102	 0.100578	 0.000000	 0.000000	 0.000349
 0.5137	-0.003644	 0.177948	 0.000000	 0.000000	 0.000369
 0.5407	 0.001166	 0.208915	 0.000000	 0.000000	 0.000388
 0.5677	 0.005948	 0.175603	 0.000000	 0.000000	 0.000408
 0.5947	 0.009163	 0.082920	 0.000000	 0.000000	 0.000427
 0.6217	 0.009547	-0.052063	 0.000000	 0.000000	 0.000446
 0.6488	 0.006696	-0.176821	 0.000000	 0.000000	 0.000466
 0.6758	 0.001392	-0.248898	 0.000000	 0.000000	 0.000485
 0.7028	-0.004708	-0.240645	 0.000000	 0.000000	 0.000505
 0.7298	-0.009476	-0.140589	 0.000000	 0.000000	 0.000524
 0.7568	-0.011056	 0.014599	 0.000000	 0.000000	 0.000543
 0.7839	-0.008749	 0.170709	 0.000000	 0.000000	 0.000563
 0.8109	-0.003221	 0.272678	 0.000000	 0.000000	 0.000582
 0.8379	 0.003777	 0.286563	 0.000000	 0.000000	 0.000602
 0.8649	 0.009777	 0.193383	 0.000000	 0.000000	 0.000621
 0.8919	 0.012536	 0.027702	 0.000000	 0.000000	 0.000640
 0.9189	 0.011315	-0.123396	 0.000000	 0.000000	 0.000660
 0.9460	 0.007072	-0.211070	 0.000000	 0.000000	 0.000679
 0.9730	 0.002063	-0.179508	 0.000000	 0.000000	 0.000699
 1.0000	-0.000410	 0.000868	 0.000000	 0.000000	 0.000718


 -------- Mode No.  20  (freq = 0.73744E+02 Hz)

span_loc	s-s disp	s-s slope	f-a disp	f-a slope	twist

 0.0000	 0.000000	 0.000000	 0.000000	 0.000000	 0.000000
 0.0035	 0.000000	 0.000000	 0.000022	 0.013681	 0.000000
 0.0104	 0.000000	 0.000000	 0.000185	 0.037919	 0.000000
 0.0174	 0.000000	 0.000000	 0.000486	 0.057997	 0.000000
 0.0244	 0.000000	 0.000000	 0.000900	 0.073941	 0.000000
 0.0313	 0.000000	 0.000000	 0.001401	 0.085805	 0.000000
 0.0383	 0.000000	 0.000000	 0.001963	 0.093675	 0.000000
 0.0453	 0.000000	 0.000000	 0.002562	 0.097681	 0.000000
 0.0522	 0.000000	 0.000000	 0.003174	 0.097994	 0.000000
 0.0592	 0.000000	 0.000000	 0.003777	 0.094833	 0.000000
 0.0662	 0.000000	 0.000000	 0.004351	 0.088465	 0.000000
 0.0731	 0.000000	 0.000000	 0.004876	 0.079198	 0.000000
 0.0801	 0.000000	 0.000000	 0.005334	 0.067385	 0.000000
 0.0870	 0.000000	 0.000000	 0.005712	 0.053415	 0.000000
 0.0940	 0.000000	 0.000000	 0.005997	 0.037710	 0.000000
 0.1010	 0.000000	 0.000000	 0.006180	 0.020717	 0.000000
 0.1079	 0.000000	 0.000000	 0.006249	 0.001407	 0.000000
 0.1149	 0.000000	 0.000000	 0.006197	-0.018351	 0.000000
 0.1219	 0.000000	 0.000000	 0.006020	-0.038084	 0.000000
 0.1288	 0.000000	 0.000000	 0.005722	-0.057324	 0.000000
 0.1358	 0.000000	 0.000000	 0.005307	-0.075619	 0.000000
 0.1399	 0.000000	 0.000000	 0.005010	-0.085790	 0.000000
 0.1497	 0.000000	 0.000000	 0.004155	-0.107705	 0.000000
 0.1567	 0.000000	 0.000000	 0.003441	-0.120754	 0.000000
 0.1636	 0.000000	 0.000000	 0.002653	-0.131394	 0.000000
 0.1706	 0.000000	 0.000000	 0.001807	-0.139380	 0.000000
 0.1776	 0.000000	 0.000000	 0.000920	-0.144534	 0.000000
 0.1845	 0.000000	 0.000000	 0.000009	-0.146740	 0.000000
 0.1915	 0.000000	 0.000000	-0.000905	-0.145954	 0.000000
 0.1985	 0.000000	 0.000000	-0.001806	-0.142201	 0.000000
 0.2054	 0.000000	 0.000000	-0.002673	-0.135047	 0.000000
 0.2124	 0.000000	 0.000000	-0.003485	-0.124874	 0.000000
 0.2194	 0.000000	 0.000000	-0.004225	-0.111864	 0.000000
 0.2263	 0.000000	 0.000000	-0.004876	-0.096266	 0.000000
 0.2333	 0.000000	 0.000000	-0.005422	-0.078391	 0.000000
 0.2403	 0.000000	 0.000000	-0.005850	-0.058606	 0.000000
 0.2472	 0.000000	 0.000000	-0.006150	-0.037326	 0.000000
 0.2507	 0.000000	 0.000000	-0.006249	-0.026267	 0.000000
 0.3203	 0.000000	 0.000000	-0.001241	 0.156555	 0.000000
 0.3797	 0.000000	 0.000000	 0.006247	 0.083059	 0.000000
 0.4248	 0.000000	 0.000000	 0.006061	-0.091699	 0.000000
 0.4596	 0.000000	 0.000000	 0.001524	-0.183694	 0.000000
 0.4866	 0.000000	 0.000000	-0.003050	-0.181788	 0.000000
 0.5137	 0.000000	 0.000000	-0.006689	-0.108900	 0.000000
 0.5407	 0.000000	 0.000000	-0.007833	 0.017627	 0.000000
 0.5677	 0.000000	 0.000000	-0.005774	 0.146494	 0.000000
 0.5947	 0.000000	 0.000000	-0.001126	 0.223671	 0.000000
 0.6217	 0.000000	 0.000000	 0.004325	 0.209027	 0.000000
 0.6488	 0.000000	 0.000000	 0.008186	 0.097361	 0.000000
 0.6758	 0.000000	 0.000000	 0.008582	-0.066174	 0.000000
 0.7028	 0.000000	 0.000000	 0.005109	-0.209561	 0.000000
 0.7298	 0.000000	 0.000000	-0.000961	-0.270257	 0.000000
 0.7568	 0.000000	 0.000000	-0.006909	-0.200490	 0.000000
 0.7839	 0.000000	 0.000000	-0.009861	-0.033259	 0.000000
 0.8109	 0.000000	 0.000000	-0.008348	 0.152995	 0.000000
 0.8379	 0.000000	 0.000000	-0.002762	 0.287801	 0.000000
 0.8649	 0.000000	 0.000000	 0.004433	 0.281112	 0.000000
 0.8919	 0.000000	 0.000000	 0.009700	 0.135210	 0.000000
 0.9189	 0.000000	 0.000000	 0.010727	-0.051818	 0.000000
 0.9460	 0.000000	 0.000000	 0.007547	-0.194160	 0.000000
 0.9730	 0.000000	 0.000000	 0.002475	-0.195156	 0.000000
 1.0000	 0.000000	 0.000000	-0.000298	 0.000782	 0.000000
=================================================================================
