Results generated by BModes (v3.00.00, 20-Mar-2008, compiled using double precision) on 23-Apr-2024 at 12:57:09.
IEA15 tower                                                                                        
=================================================================================

            tower frequencies & mode shapes
            --- only first  20 modes printed


 -------- Mode No.   1  (freq = 0.24429E+00 Hz)

span_loc	s-s disp	s-s slope	f-a disp	f-a slope	twist

 0.0000	 0.000000	 0.000000	 0.000000	 0.000000	 0.000000
 0.0035	 0.000001	 0.000848	 0.000000	 0.000000	 0.000001
 0.0104	 0.000012	 0.002536	 0.000000	 0.000000	 0.000002
 0.0174	 0.000033	 0.004212	 0.000000	 0.000000	 0.000004
 0.0244	 0.000064	 0.005876	 0.000000	 0.000000	 0.000005
 0.0313	 0.000106	 0.007528	 0.000000	 0.000000	 0.000007
 0.0383	 0.000158	 0.009167	 0.000000	 0.000000	 0.000008
 0.0453	 0.000221	 0.010795	 0.000000	 0.000000	 0.000009
 0.0522	 0.000293	 0.012411	 0.000000	 0.000000	 0.000011
 0.0592	 0.000376	 0.014015	 0.000000	 0.000000	 0.000012
 0.0662	 0.000468	 0.015607	 0.000000	 0.000000	 0.000014
 0.0731	 0.000570	 0.017187	 0.000000	 0.000000	 0.000015
 0.0801	 0.000682	 0.018755	 0.000000	 0.000000	 0.000017
 0.0870	 0.000804	 0.020311	 0.000000	 0.000000	 0.000018
 0.0940	 0.000936	 0.021856	 0.000000	 0.000000	 0.000020
 0.1010	 0.001077	 0.023388	 0.000000	 0.000000	 0.000021
 0.1079	 0.001228	 0.025035	 0.000000	 0.000000	 0.000023
 0.1149	 0.001390	 0.026671	 0.000000	 0.000000	 0.000024
 0.1219	 0.001561	 0.028297	 0.000000	 0.000000	 0.000026
 0.1288	 0.001743	 0.029913	 0.000000	 0.000000	 0.000027
 0.1358	 0.001934	 0.031518	 0.000000	 0.000000	 0.000028
 0.1399	 0.002052	 0.032459	 0.000000	 0.000000	 0.000029
 0.1497	 0.002348	 0.034696	 0.000000	 0.000000	 0.000031
 0.1567	 0.002569	 0.036269	 0.000000	 0.000000	 0.000033
 0.1636	 0.002800	 0.037832	 0.000000	 0.000000	 0.000034
 0.1706	 0.003041	 0.039383	 0.000000	 0.000000	 0.000036
 0.1776	 0.003292	 0.040924	 0.000000	 0.000000	 0.000037
 0.1845	 0.003552	 0.042455	 0.000000	 0.000000	 0.000039
 0.1915	 0.003822	 0.043974	 0.000000	 0.000000	 0.000040
 0.1985	 0.004101	 0.045483	 0.000000	 0.000000	 0.000042
 0.2054	 0.004390	 0.047100	 0.000000	 0.000000	 0.000043
 0.2124	 0.004689	 0.048719	 0.000000	 0.000000	 0.000045
 0.2194	 0.004998	 0.050339	 0.000000	 0.000000	 0.000046
 0.2263	 0.005317	 0.051960	 0.000000	 0.000000	 0.000047
 0.2333	 0.005646	 0.053583	 0.000000	 0.000000	 0.000049
 0.2403	 0.005986	 0.055207	 0.000000	 0.000000	 0.000050
 0.2472	 0.006335	 0.056833	 0.000000	 0.000000	 0.000052
 0.2507	 0.006514	 0.057647	 0.000000	 0.000000	 0.000053
 0.3203	 0.010630	 0.074011	 0.000000	 0.000000	 0.000067
 0.3797	 0.014972	 0.088975	 0.000000	 0.000000	 0.000080
 0.4248	 0.018816	 0.101191	 0.000000	 0.000000	 0.000089
 0.4596	 0.022126	 0.110822	 0.000000	 0.000000	 0.000096
 0.4866	 0.024902	 0.118439	 0.000000	 0.000000	 0.000102
 0.5137	 0.027866	 0.126201	 0.000000	 0.000000	 0.000108
 0.5407	 0.031023	 0.134524	 0.000000	 0.000000	 0.000113
 0.5677	 0.034384	 0.143006	 0.000000	 0.000000	 0.000119
 0.5947	 0.037952	 0.151677	 0.000000	 0.000000	 0.000125
 0.6217	 0.041739	 0.161104	 0.000000	 0.000000	 0.000130
 0.6488	 0.045753	 0.170377	 0.000000	 0.000000	 0.000136
 0.6758	 0.049990	 0.179482	 0.000000	 0.000000	 0.000142
 0.7028	 0.054446	 0.188402	 0.000000	 0.000000	 0.000147
 0.7298	 0.059126	 0.198071	 0.000000	 0.000000	 0.000153
 0.7568	 0.064033	 0.207074	 0.000000	 0.000000	 0.000159
 0.7839	 0.069149	 0.215393	 0.000000	 0.000000	 0.000164
 0.8109	 0.074458	 0.223008	 0.000000	 0.000000	 0.000170
 0.8379	 0.079956	 0.230945	 0.000000	 0.000000	 0.000176
 0.8649	 0.085635	 0.238026	 0.000000	 0.000000	 0.000181
 0.8919	 0.091474	 0.244224	 0.000000	 0.000000	 0.000187
 0.9189	 0.097445	 0.248818	 0.000000	 0.000000	 0.000193
 0.9460	 0.103516	 0.252544	 0.000000	 0.000000	 0.000198
 0.9730	 0.109668	 0.255399	 0.000000	 0.000000	 0.000204
 1.0000	 0.115877	 0.257379	 0.000000	 0.000000	 0.000210


 -------- Mode No.   2  (freq = 0.24655E+00 Hz)

span_loc	s-s disp	s-s slope	f-a disp	f-a slope	twist

 0.0000	 0.000000	 0.000000	 0.000000	 0.000000	 0.000000
 0.0035	 0.000000	 0.000000	-0.000001	-0.000858	 0.000000
 0.0104	 0.000000	 0.000000	-0.000012	-0.002563	 0.000000
 0.0174	 0.000000	 0.000000	-0.000033	-0.004257	 0.000000
 0.0244	 0.000000	 0.000000	-0.000065	-0.005939	 0.000000
 0.0313	 0.000000	 0.000000	-0.000107	-0.007608	 0.000000
 0.0383	 0.000000	 0.000000	-0.000160	-0.009265	 0.000000
 0.0453	 0.000000	 0.000000	-0.000223	-0.010910	 0.000000
 0.0522	 0.000000	 0.000000	-0.000296	-0.012542	 0.000000
 0.0592	 0.000000	 0.000000	-0.000380	-0.014163	 0.000000
 0.0662	 0.000000	 0.000000	-0.000473	-0.015771	 0.000000
 0.0731	 0.000000	 0.000000	-0.000576	-0.017367	 0.000000
 0.0801	 0.000000	 0.000000	-0.000690	-0.018951	 0.000000
 0.0870	 0.000000	 0.000000	-0.000813	-0.020522	 0.000000
 0.0940	 0.000000	 0.000000	-0.000946	-0.022082	 0.000000
 0.1010	 0.000000	 0.000000	-0.001088	-0.023629	 0.000000
 0.1079	 0.000000	 0.000000	-0.001241	-0.025292	 0.000000
 0.1149	 0.000000	 0.000000	-0.001404	-0.026944	 0.000000
 0.1219	 0.000000	 0.000000	-0.001577	-0.028585	 0.000000
 0.1288	 0.000000	 0.000000	-0.001761	-0.030216	 0.000000
 0.1358	 0.000000	 0.000000	-0.001954	-0.031836	 0.000000
 0.1399	 0.000000	 0.000000	-0.002073	-0.032786	 0.000000
 0.1497	 0.000000	 0.000000	-0.002372	-0.035043	 0.000000
 0.1567	 0.000000	 0.000000	-0.002595	-0.036630	 0.000000
 0.1636	 0.000000	 0.000000	-0.002829	-0.038206	 0.000000
 0.1706	 0.000000	 0.000000	-0.003072	-0.039772	 0.000000
 0.1776	 0.000000	 0.000000	-0.003325	-0.041326	 0.000000
 0.1845	 0.000000	 0.000000	-0.003588	-0.042870	 0.000000
 0.1915	 0.000000	 0.000000	-0.003860	-0.044402	 0.000000
 0.1985	 0.000000	 0.000000	-0.004142	-0.045924	 0.000000
 0.2054	 0.000000	 0.000000	-0.004434	-0.047554	 0.000000
 0.2124	 0.000000	 0.000000	-0.004736	-0.049186	 0.000000
 0.2194	 0.000000	 0.000000	-0.005048	-0.050819	 0.000000
 0.2263	 0.000000	 0.000000	-0.005370	-0.052453	 0.000000
 0.2333	 0.000000	 0.000000	-0.005702	-0.054088	 0.000000
 0.2403	 0.000000	 0.000000	-0.006045	-0.055725	 0.000000
 0.2472	 0.000000	 0.000000	-0.006398	-0.057364	 0.000000
 0.2507	 0.000000	 0.000000	-0.006578	-0.058183	 0.000000
 0.3203	 0.000000	 0.000000	-0.010732	-0.074657	 0.000000
 0.3797	 0.000000	 0.000000	-0.015110	-0.089701	 0.000000
 0.4248	 0.000000	 0.000000	-0.018985	-0.101966	 0.000000
 0.4596	 0.000000	 0.000000	-0.022319	-0.111624	 0.000000
 0.4866	 0.000000	 0.000000	-0.025115	-0.119254	 0.000000
 0.5137	 0.000000	 0.000000	-0.028098	-0.127022	 0.000000
 0.5407	 0.000000	 0.000000	-0.031275	-0.135341	 0.000000
 0.5677	 0.000000	 0.000000	-0.034656	-0.143810	 0.000000
 0.5947	 0.000000	 0.000000	-0.038243	-0.152454	 0.000000
 0.6217	 0.000000	 0.000000	-0.042049	-0.161838	 0.000000
 0.6488	 0.000000	 0.000000	-0.046080	-0.171052	 0.000000
 0.6758	 0.000000	 0.000000	-0.050332	-0.180081	 0.000000
 0.7028	 0.000000	 0.000000	-0.054801	-0.188906	 0.000000
 0.7298	 0.000000	 0.000000	-0.059492	-0.198445	 0.000000
 0.7568	 0.000000	 0.000000	-0.064406	-0.207299	 0.000000
 0.7839	 0.000000	 0.000000	-0.069526	-0.215449	 0.000000
 0.8109	 0.000000	 0.000000	-0.074834	-0.222873	 0.000000
 0.8379	 0.000000	 0.000000	-0.080326	-0.230565	 0.000000
 0.8649	 0.000000	 0.000000	-0.085992	-0.237375	 0.000000
 0.8919	 0.000000	 0.000000	-0.091812	-0.243276	 0.000000
 0.9189	 0.000000	 0.000000	-0.097756	-0.247587	 0.000000
 0.9460	 0.000000	 0.000000	-0.103794	-0.251010	 0.000000
 0.9730	 0.000000	 0.000000	-0.109905	-0.253539	 0.000000
 1.0000	 0.000000	 0.000000	-0.116065	-0.255172	 0.000000


 -------- Mode No.   3  (freq = 0.11184E+01 Hz)

span_loc	s-s disp	s-s slope	f-a disp	f-a slope	twist

 0.0000	 0.000000	 0.000000	 0.000000	 0.000000	 0.000000
 0.0035	 0.000003	 0.001783	 0.000000	 0.000000	 0.000003
 0.0104	 0.000025	 0.005307	 0.000000	 0.000000	 0.000009
 0.0174	 0.000069	 0.008773	 0.000000	 0.000000	 0.000015
 0.0244	 0.000134	 0.012181	 0.000000	 0.000000	 0.000022
 0.0313	 0.000221	 0.015532	 0.000000	 0.000000	 0.000028
 0.0383	 0.000328	 0.018825	 0.000000	 0.000000	 0.000034
 0.0453	 0.000456	 0.022060	 0.000000	 0.000000	 0.000040
 0.0522	 0.000603	 0.025237	 0.000000	 0.000000	 0.000046
 0.0592	 0.000770	 0.028357	 0.000000	 0.000000	 0.000052
 0.0662	 0.000957	 0.031419	 0.000000	 0.000000	 0.000059
 0.0731	 0.001163	 0.034424	 0.000000	 0.000000	 0.000065
 0.0801	 0.001387	 0.037371	 0.000000	 0.000000	 0.000071
 0.0870	 0.001629	 0.040260	 0.000000	 0.000000	 0.000077
 0.0940	 0.001889	 0.043092	 0.000000	 0.000000	 0.000083
 0.1010	 0.002166	 0.045866	 0.000000	 0.000000	 0.000089
 0.1079	 0.002462	 0.048810	 0.000000	 0.000000	 0.000096
 0.1149	 0.002776	 0.051695	 0.000000	 0.000000	 0.000102
 0.1219	 0.003107	 0.054522	 0.000000	 0.000000	 0.000108
 0.1288	 0.003456	 0.057292	 0.000000	 0.000000	 0.000114
 0.1358	 0.003822	 0.060003	 0.000000	 0.000000	 0.000120
 0.1399	 0.004046	 0.061574	 0.000000	 0.000000	 0.000124
 0.1497	 0.004604	 0.065250	 0.000000	 0.000000	 0.000133
 0.1567	 0.005019	 0.067786	 0.000000	 0.000000	 0.000139
 0.1636	 0.005450	 0.070263	 0.000000	 0.000000	 0.000145
 0.1706	 0.005896	 0.072682	 0.000000	 0.000000	 0.000151
 0.1776	 0.006357	 0.075042	 0.000000	 0.000000	 0.000157
 0.1845	 0.006832	 0.077342	 0.000000	 0.000000	 0.000163
 0.1915	 0.007322	 0.079584	 0.000000	 0.000000	 0.000170
 0.1985	 0.007825	 0.081767	 0.000000	 0.000000	 0.000176
 0.2054	 0.008343	 0.084060	 0.000000	 0.000000	 0.000182
 0.2124	 0.008874	 0.086308	 0.000000	 0.000000	 0.000188
 0.2194	 0.009420	 0.088509	 0.000000	 0.000000	 0.000194
 0.2263	 0.009979	 0.090663	 0.000000	 0.000000	 0.000200
 0.2333	 0.010551	 0.092769	 0.000000	 0.000000	 0.000206
 0.2403	 0.011137	 0.094827	 0.000000	 0.000000	 0.000213
 0.2472	 0.011735	 0.096835	 0.000000	 0.000000	 0.000219
 0.2507	 0.012038	 0.097820	 0.000000	 0.000000	 0.000222
 0.3203	 0.018710	 0.114774	 0.000000	 0.000000	 0.000284
 0.3797	 0.025119	 0.125118	 0.000000	 0.000000	 0.000336
 0.4248	 0.030279	 0.129689	 0.000000	 0.000000	 0.000376
 0.4596	 0.034347	 0.130700	 0.000000	 0.000000	 0.000407
 0.4866	 0.037504	 0.129772	 0.000000	 0.000000	 0.000431
 0.5137	 0.040619	 0.127175	 0.000000	 0.000000	 0.000455
 0.5407	 0.043645	 0.122489	 0.000000	 0.000000	 0.000479
 0.5677	 0.046531	 0.115622	 0.000000	 0.000000	 0.000503
 0.5947	 0.049221	 0.106283	 0.000000	 0.000000	 0.000526
 0.6217	 0.051641	 0.093376	 0.000000	 0.000000	 0.000550
 0.6488	 0.053717	 0.077697	 0.000000	 0.000000	 0.000574
 0.6758	 0.055376	 0.059051	 0.000000	 0.000000	 0.000598
 0.7028	 0.056546	 0.037207	 0.000000	 0.000000	 0.000622
 0.7298	 0.057111	 0.009134	 0.000000	 0.000000	 0.000646
 0.7568	 0.056963	-0.021732	 0.000000	 0.000000	 0.000670
 0.7839	 0.056034	-0.055372	 0.000000	 0.000000	 0.000694
 0.8109	 0.054257	-0.091767	 0.000000	 0.000000	 0.000718
 0.8379	 0.051494	-0.136849	 0.000000	 0.000000	 0.000742
 0.8649	 0.047601	-0.185125	 0.000000	 0.000000	 0.000766
 0.8919	 0.042500	-0.236625	 0.000000	 0.000000	 0.000789
 0.9189	 0.036198	-0.284196	 0.000000	 0.000000	 0.000813
 0.9460	 0.028718	-0.333969	 0.000000	 0.000000	 0.000837
 0.9730	 0.020006	-0.385906	 0.000000	 0.000000	 0.000861
 1.0000	 0.010011	-0.439989	 0.000000	 0.000000	 0.000885


 -------- Mode No.   4  (freq = 0.12435E+01 Hz)

span_loc	s-s disp	s-s slope	f-a disp	f-a slope	twist

 0.0000	 0.000000	 0.000000	 0.000000	 0.000000	 0.000000
 0.0035	 0.000000	 0.000000	 0.000003	 0.001805	 0.000000
 0.0104	 0.000000	 0.000000	 0.000025	 0.005369	 0.000000
 0.0174	 0.000000	 0.000000	 0.000070	 0.008872	 0.000000
 0.0244	 0.000000	 0.000000	 0.000136	 0.012315	 0.000000
 0.0313	 0.000000	 0.000000	 0.000223	 0.015698	 0.000000
 0.0383	 0.000000	 0.000000	 0.000332	 0.019020	 0.000000
 0.0453	 0.000000	 0.000000	 0.000461	 0.022282	 0.000000
 0.0522	 0.000000	 0.000000	 0.000610	 0.025484	 0.000000
 0.0592	 0.000000	 0.000000	 0.000778	 0.028625	 0.000000
 0.0662	 0.000000	 0.000000	 0.000967	 0.031706	 0.000000
 0.0731	 0.000000	 0.000000	 0.001174	 0.034727	 0.000000
 0.0801	 0.000000	 0.000000	 0.001400	 0.037687	 0.000000
 0.0870	 0.000000	 0.000000	 0.001644	 0.040587	 0.000000
 0.0940	 0.000000	 0.000000	 0.001906	 0.043427	 0.000000
 0.1010	 0.000000	 0.000000	 0.002186	 0.046206	 0.000000
 0.1079	 0.000000	 0.000000	 0.002484	 0.049152	 0.000000
 0.1149	 0.000000	 0.000000	 0.002799	 0.052037	 0.000000
 0.1219	 0.000000	 0.000000	 0.003133	 0.054862	 0.000000
 0.1288	 0.000000	 0.000000	 0.003484	 0.057625	 0.000000
 0.1358	 0.000000	 0.000000	 0.003852	 0.060328	 0.000000
 0.1399	 0.000000	 0.000000	 0.004077	 0.061893	 0.000000
 0.1497	 0.000000	 0.000000	 0.004638	 0.065549	 0.000000
 0.1567	 0.000000	 0.000000	 0.005055	 0.068068	 0.000000
 0.1636	 0.000000	 0.000000	 0.005487	 0.070525	 0.000000
 0.1706	 0.000000	 0.000000	 0.005935	 0.072920	 0.000000
 0.1776	 0.000000	 0.000000	 0.006397	 0.075254	 0.000000
 0.1845	 0.000000	 0.000000	 0.006874	 0.077527	 0.000000
 0.1915	 0.000000	 0.000000	 0.007365	 0.079737	 0.000000
 0.1985	 0.000000	 0.000000	 0.007869	 0.081886	 0.000000
 0.2054	 0.000000	 0.000000	 0.008387	 0.084139	 0.000000
 0.2124	 0.000000	 0.000000	 0.008919	 0.086344	 0.000000
 0.2194	 0.000000	 0.000000	 0.009465	 0.088499	 0.000000
 0.2263	 0.000000	 0.000000	 0.010024	 0.090603	 0.000000
 0.2333	 0.000000	 0.000000	 0.010595	 0.092657	 0.000000
 0.2403	 0.000000	 0.000000	 0.011180	 0.094658	 0.000000
 0.2472	 0.000000	 0.000000	 0.011777	 0.096607	 0.000000
 0.2507	 0.000000	 0.000000	 0.012080	 0.097561	 0.000000
 0.3203	 0.000000	 0.000000	 0.018711	 0.113716	 0.000000
 0.3797	 0.000000	 0.000000	 0.025038	 0.123049	 0.000000
 0.4248	 0.000000	 0.000000	 0.030094	 0.126623	 0.000000
 0.4596	 0.000000	 0.000000	 0.034053	 0.126758	 0.000000
 0.4866	 0.000000	 0.000000	 0.037106	 0.125092	 0.000000
 0.5137	 0.000000	 0.000000	 0.040098	 0.121710	 0.000000
 0.5407	 0.000000	 0.000000	 0.042981	 0.116160	 0.000000
 0.5677	 0.000000	 0.000000	 0.045703	 0.108402	 0.000000
 0.5947	 0.000000	 0.000000	 0.048207	 0.098160	 0.000000
 0.6217	 0.000000	 0.000000	 0.050419	 0.084301	 0.000000
 0.6488	 0.000000	 0.000000	 0.052264	 0.067742	 0.000000
 0.6758	 0.000000	 0.000000	 0.053673	 0.048316	 0.000000
 0.7028	 0.000000	 0.000000	 0.054574	 0.025829	 0.000000
 0.7298	 0.000000	 0.000000	 0.054857	-0.002761	 0.000000
 0.7568	 0.000000	 0.000000	 0.054417	-0.033883	 0.000000
 0.7839	 0.000000	 0.000000	 0.053194	-0.067486	 0.000000
 0.8109	 0.000000	 0.000000	 0.051127	-0.103516	 0.000000
 0.8379	 0.000000	 0.000000	 0.048089	-0.147760	 0.000000
 0.8649	 0.000000	 0.000000	 0.043946	-0.194744	 0.000000
 0.8919	 0.000000	 0.000000	 0.038634	-0.244459	 0.000000
 0.9189	 0.000000	 0.000000	 0.032166	-0.290020	 0.000000
 0.9460	 0.000000	 0.000000	 0.024573	-0.337326	 0.000000
 0.9730	 0.000000	 0.000000	 0.015815	-0.386322	 0.000000
 1.0000	 0.000000	 0.000000	 0.005850	-0.436983	 0.000000


 -------- Mode No.   5  (freq = 0.33405E+01 Hz)

span_loc	s-s disp	s-s slope	f-a disp	f-a slope	twist

 0.0000	 0.000000	 0.000000	 0.000000	 0.000000	 0.000000
 0.0035	-0.000006	-0.003843	 0.000000	 0.000000	 0.000015
 0.0104	-0.000054	-0.011373	 0.000000	 0.000000	 0.000045
 0.0174	-0.000148	-0.018696	 0.000000	 0.000000	 0.000075
 0.0244	-0.000287	-0.025812	 0.000000	 0.000000	 0.000105
 0.0313	-0.000469	-0.032720	 0.000000	 0.000000	 0.000135
 0.0383	-0.000694	-0.039422	 0.000000	 0.000000	 0.000165
 0.0453	-0.000961	-0.045916	 0.000000	 0.000000	 0.000195
 0.0522	-0.001267	-0.052203	 0.000000	 0.000000	 0.000225
 0.0592	-0.001612	-0.058284	 0.000000	 0.000000	 0.000255
 0.0662	-0.001994	-0.064157	 0.000000	 0.000000	 0.000285
 0.0731	-0.002412	-0.069825	 0.000000	 0.000000	 0.000315
 0.0801	-0.002865	-0.075287	 0.000000	 0.000000	 0.000345
 0.0870	-0.003351	-0.080543	 0.000000	 0.000000	 0.000375
 0.0940	-0.003870	-0.085594	 0.000000	 0.000000	 0.000405
 0.1010	-0.004419	-0.090441	 0.000000	 0.000000	 0.000435
 0.1079	-0.004999	-0.095470	 0.000000	 0.000000	 0.000465
 0.1149	-0.005610	-0.100287	 0.000000	 0.000000	 0.000495
 0.1219	-0.006251	-0.104892	 0.000000	 0.000000	 0.000525
 0.1288	-0.006919	-0.109284	 0.000000	 0.000000	 0.000555
 0.1358	-0.007614	-0.113465	 0.000000	 0.000000	 0.000585
 0.1399	-0.008036	-0.115831	 0.000000	 0.000000	 0.000603
 0.1497	-0.009079	-0.121192	 0.000000	 0.000000	 0.000645
 0.1567	-0.009847	-0.124741	 0.000000	 0.000000	 0.000675
 0.1636	-0.010636	-0.128080	 0.000000	 0.000000	 0.000705
 0.1706	-0.011445	-0.131211	 0.000000	 0.000000	 0.000735
 0.1776	-0.012273	-0.134134	 0.000000	 0.000000	 0.000765
 0.1845	-0.013119	-0.136852	 0.000000	 0.000000	 0.000795
 0.1915	-0.013981	-0.139366	 0.000000	 0.000000	 0.000825
 0.1985	-0.014858	-0.141676	 0.000000	 0.000000	 0.000855
 0.2054	-0.015749	-0.143953	 0.000000	 0.000000	 0.000885
 0.2124	-0.016654	-0.146031	 0.000000	 0.000000	 0.000915
 0.2194	-0.017571	-0.147909	 0.000000	 0.000000	 0.000945
 0.2263	-0.018499	-0.149586	 0.000000	 0.000000	 0.000975
 0.2333	-0.019438	-0.151060	 0.000000	 0.000000	 0.001005
 0.2403	-0.020384	-0.152331	 0.000000	 0.000000	 0.001035
 0.2472	-0.021338	-0.153398	 0.000000	 0.000000	 0.001065
 0.2507	-0.021818	-0.153854	 0.000000	 0.000000	 0.001080
 0.3203	-0.031478	-0.152336	 0.000000	 0.000000	 0.001380
 0.3797	-0.039151	-0.133838	 0.000000	 0.000000	 0.001636
 0.4248	-0.044063	-0.108281	 0.000000	 0.000000	 0.001830
 0.4596	-0.047048	-0.082537	 0.000000	 0.000000	 0.001980
 0.4866	-0.048767	-0.059219	 0.000000	 0.000000	 0.002096
 0.5137	-0.049888	-0.033264	 0.000000	 0.000000	 0.002213
 0.5407	-0.050334	-0.003582	 0.000000	 0.000000	 0.002329
 0.5677	-0.050037	 0.027986	 0.000000	 0.000000	 0.002446
 0.5947	-0.048957	 0.060937	 0.000000	 0.000000	 0.002562
 0.6217	-0.047043	 0.096685	 0.000000	 0.000000	 0.002678
 0.6488	-0.044280	 0.130883	 0.000000	 0.000000	 0.002795
 0.6758	-0.040719	 0.162512	 0.000000	 0.000000	 0.002911
 0.7028	-0.036433	 0.190460	 0.000000	 0.000000	 0.003028
 0.7298	-0.031497	 0.216021	 0.000000	 0.000000	 0.003144
 0.7568	-0.026033	 0.233886	 0.000000	 0.000000	 0.003260
 0.7839	-0.020239	 0.243185	 0.000000	 0.000000	 0.003377
 0.8109	-0.014332	 0.243116	 0.000000	 0.000000	 0.003493
 0.8379	-0.008563	 0.231412	 0.000000	 0.000000	 0.003610
 0.8649	-0.003228	 0.207346	 0.000000	 0.000000	 0.003726
 0.8919	 0.001368	 0.170256	 0.000000	 0.000000	 0.003842
 0.9189	 0.004980	 0.126197	 0.000000	 0.000000	 0.003959
 0.9460	 0.007384	 0.070573	 0.000000	 0.000000	 0.004075
 0.9730	 0.008301	 0.003299	 0.000000	 0.000000	 0.004191
 1.0000	 0.007447	-0.075676	 0.000000	 0.000000	 0.004308


 -------- Mode No.   6  (freq = 0.34034E+01 Hz)

span_loc	s-s disp	s-s slope	f-a disp	f-a slope	twist

 0.0000	 0.000000	 0.000000	 0.000000	 0.000000	 0.000000
 0.0035	 0.000000	 0.000000	-0.000006	-0.003874	 0.000000
 0.0104	 0.000000	 0.000000	-0.000054	-0.011463	 0.000000
 0.0174	 0.000000	 0.000000	-0.000149	-0.018841	 0.000000
 0.0244	 0.000000	 0.000000	-0.000289	-0.026008	 0.000000
 0.0313	 0.000000	 0.000000	-0.000473	-0.032963	 0.000000
 0.0383	 0.000000	 0.000000	-0.000700	-0.039707	 0.000000
 0.0453	 0.000000	 0.000000	-0.000968	-0.046240	 0.000000
 0.0522	 0.000000	 0.000000	-0.001276	-0.052561	 0.000000
 0.0592	 0.000000	 0.000000	-0.001624	-0.058672	 0.000000
 0.0662	 0.000000	 0.000000	-0.002008	-0.064572	 0.000000
 0.0731	 0.000000	 0.000000	-0.002429	-0.070262	 0.000000
 0.0801	 0.000000	 0.000000	-0.002885	-0.075742	 0.000000
 0.0870	 0.000000	 0.000000	-0.003374	-0.081012	 0.000000
 0.0940	 0.000000	 0.000000	-0.003895	-0.086073	 0.000000
 0.1010	 0.000000	 0.000000	-0.004448	-0.090926	 0.000000
 0.1079	 0.000000	 0.000000	-0.005031	-0.095958	 0.000000
 0.1149	 0.000000	 0.000000	-0.005645	-0.100773	 0.000000
 0.1219	 0.000000	 0.000000	-0.006288	-0.105371	 0.000000
 0.1288	 0.000000	 0.000000	-0.006960	-0.109753	 0.000000
 0.1358	 0.000000	 0.000000	-0.007658	-0.113919	 0.000000
 0.1399	 0.000000	 0.000000	-0.008081	-0.116275	 0.000000
 0.1497	 0.000000	 0.000000	-0.009128	-0.121605	 0.000000
 0.1567	 0.000000	 0.000000	-0.009898	-0.125127	 0.000000
 0.1636	 0.000000	 0.000000	-0.010689	-0.128435	 0.000000
 0.1706	 0.000000	 0.000000	-0.011501	-0.131531	 0.000000
 0.1776	 0.000000	 0.000000	-0.012331	-0.134416	 0.000000
 0.1845	 0.000000	 0.000000	-0.013178	-0.137092	 0.000000
 0.1915	 0.000000	 0.000000	-0.014041	-0.139559	 0.000000
 0.1985	 0.000000	 0.000000	-0.014919	-0.141819	 0.000000
 0.2054	 0.000000	 0.000000	-0.015811	-0.144039	 0.000000
 0.2124	 0.000000	 0.000000	-0.016717	-0.146055	 0.000000
 0.2194	 0.000000	 0.000000	-0.017634	-0.147867	 0.000000
 0.2263	 0.000000	 0.000000	-0.018562	-0.149473	 0.000000
 0.2333	 0.000000	 0.000000	-0.019499	-0.150873	 0.000000
 0.2403	 0.000000	 0.000000	-0.020444	-0.152065	 0.000000
 0.2472	 0.000000	 0.000000	-0.021396	-0.153049	 0.000000
 0.2507	 0.000000	 0.000000	-0.021874	-0.153463	 0.000000
 0.3203	 0.000000	 0.000000	-0.031479	-0.150896	 0.000000
 0.3797	 0.000000	 0.000000	-0.039043	-0.131199	 0.000000
 0.4248	 0.000000	 0.000000	-0.043828	-0.104589	 0.000000
 0.4596	 0.000000	 0.000000	-0.046684	-0.078021	 0.000000
 0.4866	 0.000000	 0.000000	-0.048286	-0.054085	 0.000000
 0.5137	 0.000000	 0.000000	-0.049276	-0.027555	 0.000000
 0.5407	 0.000000	 0.000000	-0.049577	 0.002657	 0.000000
 0.5677	 0.000000	 0.000000	-0.049123	 0.034649	 0.000000
 0.5947	 0.000000	 0.000000	-0.047878	 0.067882	 0.000000
 0.6217	 0.000000	 0.000000	-0.045794	 0.103735	 0.000000
 0.6488	 0.000000	 0.000000	-0.042862	 0.137798	 0.000000
 0.6758	 0.000000	 0.000000	-0.039137	 0.169021	 0.000000
 0.7028	 0.000000	 0.000000	-0.034703	 0.196257	 0.000000
 0.7298	 0.000000	 0.000000	-0.029639	 0.220653	 0.000000
 0.7568	 0.000000	 0.000000	-0.024081	 0.237010	 0.000000
 0.7839	 0.000000	 0.000000	-0.018233	 0.244462	 0.000000
 0.8109	 0.000000	 0.000000	-0.012320	 0.242218	 0.000000
 0.8379	 0.000000	 0.000000	-0.006608	 0.227647	 0.000000
 0.8649	 0.000000	 0.000000	-0.001402	 0.200372	 0.000000
 0.8919	 0.000000	 0.000000	 0.002983	 0.159750	 0.000000
 0.9189	 0.000000	 0.000000	 0.006300	 0.112364	 0.000000
 0.9460	 0.000000	 0.000000	 0.008328	 0.053223	 0.000000
 0.9730	 0.000000	 0.000000	 0.008780	-0.017730	 0.000000
 1.0000	 0.000000	 0.000000	 0.007370	-0.100527	 0.000000


 -------- Mode No.   7  (freq = 0.73584E+01 Hz)

span_loc	s-s disp	s-s slope	f-a disp	f-a slope	twist

 0.0000	 0.000000	 0.000000	 0.000000	 0.000000	 0.000000
 0.0035	-0.000002	-0.001163	 0.000000	 0.000000	-0.000671
 0.0104	-0.000016	-0.003412	 0.000000	 0.000000	-0.002014
 0.0174	-0.000044	-0.005559	 0.000000	 0.000000	-0.003356
 0.0244	-0.000085	-0.007605	 0.000000	 0.000000	-0.004698
 0.0313	-0.000139	-0.009549	 0.000000	 0.000000	-0.006041
 0.0383	-0.000204	-0.011392	 0.000000	 0.000000	-0.007383
 0.0453	-0.000281	-0.013133	 0.000000	 0.000000	-0.008725
 0.0522	-0.000368	-0.014773	 0.000000	 0.000000	-0.010068
 0.0592	-0.000465	-0.016312	 0.000000	 0.000000	-0.011410
 0.0662	-0.000571	-0.017749	 0.000000	 0.000000	-0.012752
 0.0731	-0.000686	-0.019087	 0.000000	 0.000000	-0.014095
 0.0801	-0.000809	-0.020325	 0.000000	 0.000000	-0.015437
 0.0870	-0.000940	-0.021464	 0.000000	 0.000000	-0.016780
 0.0940	-0.001077	-0.022504	 0.000000	 0.000000	-0.018122
 0.1010	-0.001220	-0.023446	 0.000000	 0.000000	-0.019464
 0.1079	-0.001370	-0.024362	 0.000000	 0.000000	-0.020807
 0.1149	-0.001524	-0.025175	 0.000000	 0.000000	-0.022149
 0.1219	-0.001684	-0.025886	 0.000000	 0.000000	-0.023491
 0.1288	-0.001847	-0.026496	 0.000000	 0.000000	-0.024834
 0.1358	-0.002014	-0.027006	 0.000000	 0.000000	-0.026176
 0.1399	-0.002114	-0.027260	 0.000000	 0.000000	-0.026968
 0.1497	-0.002356	-0.027730	 0.000000	 0.000000	-0.028861
 0.1567	-0.002530	-0.027947	 0.000000	 0.000000	-0.030203
 0.1636	-0.002705	-0.028070	 0.000000	 0.000000	-0.031546
 0.1706	-0.002880	-0.028099	 0.000000	 0.000000	-0.032888
 0.1776	-0.003055	-0.028038	 0.000000	 0.000000	-0.034230
 0.1845	-0.003230	-0.027887	 0.000000	 0.000000	-0.035573
 0.1915	-0.003403	-0.027650	 0.000000	 0.000000	-0.036915
 0.1985	-0.003575	-0.027328	 0.000000	 0.000000	-0.038257
 0.2054	-0.003744	-0.026892	 0.000000	 0.000000	-0.039600
 0.2124	-0.003910	-0.026365	 0.000000	 0.000000	-0.040942
 0.2194	-0.004073	-0.025749	 0.000000	 0.000000	-0.042284
 0.2263	-0.004231	-0.025045	 0.000000	 0.000000	-0.043627
 0.2333	-0.004385	-0.024254	 0.000000	 0.000000	-0.044969
 0.2403	-0.004534	-0.023379	 0.000000	 0.000000	-0.046312
 0.2472	-0.004677	-0.022421	 0.000000	 0.000000	-0.047654
 0.2507	-0.004746	-0.021912	 0.000000	 0.000000	-0.048325
 0.3203	-0.005707	-0.008021	 0.000000	 0.000000	-0.061749
 0.3797	-0.005689	 0.008835	 0.000000	 0.000000	-0.073194
 0.4248	-0.005033	 0.023407	 0.000000	 0.000000	-0.081884
 0.4596	-0.004128	 0.034334	 0.000000	 0.000000	-0.088596
 0.4866	-0.003200	 0.042121	 0.000000	 0.000000	-0.093805
 0.5137	-0.002094	 0.048925	 0.000000	 0.000000	-0.099015
 0.5407	-0.000836	 0.054674	 0.000000	 0.000000	-0.104223
 0.5677	 0.000541	 0.058656	 0.000000	 0.000000	-0.109432
 0.5947	 0.001989	 0.060555	 0.000000	 0.000000	-0.114639
 0.6217	 0.003454	 0.060056	 0.000000	 0.000000	-0.119847
 0.6488	 0.004875	 0.056924	 0.000000	 0.000000	-0.125055
 0.6758	 0.006189	 0.051238	 0.000000	 0.000000	-0.130264
 0.7028	 0.007336	 0.043212	 0.000000	 0.000000	-0.135472
 0.7298	 0.008250	 0.032103	 0.000000	 0.000000	-0.140681
 0.7568	 0.008880	 0.019855	 0.000000	 0.000000	-0.145889
 0.7839	 0.009208	 0.007250	 0.000000	 0.000000	-0.151098
 0.8109	 0.009235	-0.004844	 0.000000	 0.000000	-0.156306
 0.8379	 0.008964	-0.017134	 0.000000	 0.000000	-0.161515
 0.8649	 0.008425	-0.026783	 0.000000	 0.000000	-0.166722
 0.8919	 0.007696	-0.032796	 0.000000	 0.000000	-0.171930
 0.9189	 0.006878	-0.033978	 0.000000	 0.000000	-0.177138
 0.9460	 0.006090	-0.030237	 0.000000	 0.000000	-0.182347
 0.9730	 0.005460	-0.020802	 0.000000	 0.000000	-0.187555
 1.0000	 0.005135	-0.004961	 0.000000	 0.000000	-0.192763


 -------- Mode No.   8  (freq = 0.85718E+01 Hz)

span_loc	s-s disp	s-s slope	f-a disp	f-a slope	twist

 0.0000	 0.000000	 0.000000	 0.000000	 0.000000	 0.000000
 0.0035	 0.000000	 0.000000	-0.000008	-0.005308	 0.000000
 0.0104	 0.000000	 0.000000	-0.000074	-0.015545	 0.000000
 0.0174	 0.000000	 0.000000	-0.000201	-0.025277	 0.000000
 0.0244	 0.000000	 0.000000	-0.000388	-0.034502	 0.000000
 0.0313	 0.000000	 0.000000	-0.000631	-0.043222	 0.000000
 0.0383	 0.000000	 0.000000	-0.000926	-0.051437	 0.000000
 0.0453	 0.000000	 0.000000	-0.001272	-0.059147	 0.000000
 0.0522	 0.000000	 0.000000	-0.001664	-0.066355	 0.000000
 0.0592	 0.000000	 0.000000	-0.002099	-0.073061	 0.000000
 0.0662	 0.000000	 0.000000	-0.002574	-0.079267	 0.000000
 0.0731	 0.000000	 0.000000	-0.003087	-0.084976	 0.000000
 0.0801	 0.000000	 0.000000	-0.003634	-0.090191	 0.000000
 0.0870	 0.000000	 0.000000	-0.004212	-0.094915	 0.000000
 0.0940	 0.000000	 0.000000	-0.004818	-0.099152	 0.000000
 0.1010	 0.000000	 0.000000	-0.005448	-0.102907	 0.000000
 0.1079	 0.000000	 0.000000	-0.006102	-0.106459	 0.000000
 0.1149	 0.000000	 0.000000	-0.006776	-0.109504	 0.000000
 0.1219	 0.000000	 0.000000	-0.007467	-0.112049	 0.000000
 0.1288	 0.000000	 0.000000	-0.008173	-0.114098	 0.000000
 0.1358	 0.000000	 0.000000	-0.008890	-0.115660	 0.000000
 0.1399	 0.000000	 0.000000	-0.009317	-0.116354	 0.000000
 0.1497	 0.000000	 0.000000	-0.010346	-0.117347	 0.000000
 0.1567	 0.000000	 0.000000	-0.011079	-0.117489	 0.000000
 0.1636	 0.000000	 0.000000	-0.011812	-0.117178	 0.000000
 0.1706	 0.000000	 0.000000	-0.012541	-0.116422	 0.000000
 0.1776	 0.000000	 0.000000	-0.013264	-0.115234	 0.000000
 0.1845	 0.000000	 0.000000	-0.013978	-0.113625	 0.000000
 0.1915	 0.000000	 0.000000	-0.014681	-0.111609	 0.000000
 0.1985	 0.000000	 0.000000	-0.015370	-0.109199	 0.000000
 0.2054	 0.000000	 0.000000	-0.016043	-0.106187	 0.000000
 0.2124	 0.000000	 0.000000	-0.016695	-0.102753	 0.000000
 0.2194	 0.000000	 0.000000	-0.017324	-0.098905	 0.000000
 0.2263	 0.000000	 0.000000	-0.017928	-0.094654	 0.000000
 0.2333	 0.000000	 0.000000	-0.018505	-0.090011	 0.000000
 0.2403	 0.000000	 0.000000	-0.019051	-0.084987	 0.000000
 0.2472	 0.000000	 0.000000	-0.019565	-0.079595	 0.000000
 0.2507	 0.000000	 0.000000	-0.019808	-0.076765	 0.000000
 0.3203	 0.000000	 0.000000	-0.022453	-0.004906	 0.000000
 0.3797	 0.000000	 0.000000	-0.020592	 0.074276	 0.000000
 0.4248	 0.000000	 0.000000	-0.016291	 0.136774	 0.000000
 0.4596	 0.000000	 0.000000	-0.011334	 0.179178	 0.000000
 0.4866	 0.000000	 0.000000	-0.006654	 0.205999	 0.000000
 0.5137	 0.000000	 0.000000	-0.001407	 0.225714	 0.000000
 0.5407	 0.000000	 0.000000	 0.004220	 0.237353	 0.000000
 0.5677	 0.000000	 0.000000	 0.010004	 0.238525	 0.000000
 0.5947	 0.000000	 0.000000	 0.015675	 0.228195	 0.000000
 0.6217	 0.000000	 0.000000	 0.020933	 0.204313	 0.000000
 0.6488	 0.000000	 0.000000	 0.025468	 0.168790	 0.000000
 0.6758	 0.000000	 0.000000	 0.029016	 0.123149	 0.000000
 0.7028	 0.000000	 0.000000	 0.031357	 0.069626	 0.000000
 0.7298	 0.000000	 0.000000	 0.032257	 0.004758	 0.000000
 0.7568	 0.000000	 0.000000	 0.031591	-0.058999	 0.000000
 0.7839	 0.000000	 0.000000	 0.029438	-0.117425	 0.000000
 0.8109	 0.000000	 0.000000	 0.025978	-0.166265	 0.000000
 0.8379	 0.000000	 0.000000	 0.021423	-0.206832	 0.000000
 0.8649	 0.000000	 0.000000	 0.016119	-0.227759	 0.000000
 0.8919	 0.000000	 0.000000	 0.010582	-0.225604	 0.000000
 0.9189	 0.000000	 0.000000	 0.005368	-0.201130	 0.000000
 0.9460	 0.000000	 0.000000	 0.001038	-0.152568	 0.000000
 0.9730	 0.000000	 0.000000	-0.001816	-0.079013	 0.000000
 1.0000	 0.000000	 0.000000	-0.002580	 0.019954	 0.000000


 -------- Mode No.   9  (freq = 0.85806E+01 Hz)

span_loc	s-s disp	s-s slope	f-a disp	f-a slope	twist

 0.0000	 0.000000	 0.000000	 0.000000	 0.000000	 0.000000
 0.0035	-0.000008	-0.005272	 0.000000	 0.000000	 0.000069
 0.0104	-0.000073	-0.015438	 0.000000	 0.000000	 0.000208
 0.0174	-0.000200	-0.025101	 0.000000	 0.000000	 0.000346
 0.0244	-0.000385	-0.034262	 0.000000	 0.000000	 0.000484
 0.0313	-0.000626	-0.042921	 0.000000	 0.000000	 0.000623
 0.0383	-0.000920	-0.051077	 0.000000	 0.000000	 0.000761
 0.0453	-0.001263	-0.058733	 0.000000	 0.000000	 0.000899
 0.0522	-0.001652	-0.065889	 0.000000	 0.000000	 0.001038
 0.0592	-0.002084	-0.072546	 0.000000	 0.000000	 0.001176
 0.0662	-0.002556	-0.078707	 0.000000	 0.000000	 0.001315
 0.0731	-0.003065	-0.084374	 0.000000	 0.000000	 0.001453
 0.0801	-0.003608	-0.089550	 0.000000	 0.000000	 0.001591
 0.0870	-0.004182	-0.094238	 0.000000	 0.000000	 0.001730
 0.0940	-0.004784	-0.098443	 0.000000	 0.000000	 0.001868
 0.1010	-0.005410	-0.102168	 0.000000	 0.000000	 0.002007
 0.1079	-0.006059	-0.105691	 0.000000	 0.000000	 0.002145
 0.1149	-0.006728	-0.108711	 0.000000	 0.000000	 0.002283
 0.1219	-0.007414	-0.111233	 0.000000	 0.000000	 0.002422
 0.1288	-0.008115	-0.113264	 0.000000	 0.000000	 0.002560
 0.1358	-0.008827	-0.114809	 0.000000	 0.000000	 0.002698
 0.1399	-0.009251	-0.115495	 0.000000	 0.000000	 0.002780
 0.1497	-0.010272	-0.116473	 0.000000	 0.000000	 0.002975
 0.1567	-0.011000	-0.116609	 0.000000	 0.000000	 0.003114
 0.1636	-0.011727	-0.116294	 0.000000	 0.000000	 0.003252
 0.1706	-0.012450	-0.115538	 0.000000	 0.000000	 0.003390
 0.1776	-0.013168	-0.114352	 0.000000	 0.000000	 0.003529
 0.1845	-0.013876	-0.112748	 0.000000	 0.000000	 0.003667
 0.1915	-0.014574	-0.110740	 0.000000	 0.000000	 0.003805
 0.1985	-0.015258	-0.108340	 0.000000	 0.000000	 0.003944
 0.2054	-0.015925	-0.105343	 0.000000	 0.000000	 0.004082
 0.2124	-0.016572	-0.101926	 0.000000	 0.000000	 0.004221
 0.2194	-0.017196	-0.098098	 0.000000	 0.000000	 0.004359
 0.2263	-0.017795	-0.093870	 0.000000	 0.000000	 0.004497
 0.2333	-0.018367	-0.089252	 0.000000	 0.000000	 0.004636
 0.2403	-0.018908	-0.084256	 0.000000	 0.000000	 0.004774
 0.2472	-0.019417	-0.078895	 0.000000	 0.000000	 0.004913
 0.2507	-0.019659	-0.076082	 0.000000	 0.000000	 0.004982
 0.3203	-0.022274	-0.004673	 0.000000	 0.000000	 0.006366
 0.3797	-0.020415	 0.073959	 0.000000	 0.000000	 0.007545
 0.4248	-0.016137	 0.135979	 0.000000	 0.000000	 0.008441
 0.4596	-0.011211	 0.178020	 0.000000	 0.000000	 0.009133
 0.4866	-0.006562	 0.204580	 0.000000	 0.000000	 0.009670
 0.5137	-0.001353	 0.224063	 0.000000	 0.000000	 0.010207
 0.5407	 0.004233	 0.235503	 0.000000	 0.000000	 0.010744
 0.5677	 0.009970	 0.236531	 0.000000	 0.000000	 0.011281
 0.5947	 0.015592	 0.226121	 0.000000	 0.000000	 0.011818
 0.6217	 0.020799	 0.202232	 0.000000	 0.000000	 0.012355
 0.6488	 0.025285	 0.166785	 0.000000	 0.000000	 0.012892
 0.6758	 0.028785	 0.121295	 0.000000	 0.000000	 0.013429
 0.7028	 0.031084	 0.067992	 0.000000	 0.000000	 0.013966
 0.7298	 0.031948	 0.003424	 0.000000	 0.000000	 0.014502
 0.7568	 0.031254	-0.060014	 0.000000	 0.000000	 0.015039
 0.7839	 0.029080	-0.118137	 0.000000	 0.000000	 0.015576
 0.8109	 0.025606	-0.166726	 0.000000	 0.000000	 0.016113
 0.8379	 0.021042	-0.207115	 0.000000	 0.000000	 0.016650
 0.8649	 0.015732	-0.228025	 0.000000	 0.000000	 0.017187
 0.8919	 0.010186	-0.226069	 0.000000	 0.000000	 0.017724
 0.9189	 0.004957	-0.202008	 0.000000	 0.000000	 0.018261
 0.9460	 0.000597	-0.154157	 0.000000	 0.000000	 0.018798
 0.9730	-0.002307	-0.081674	 0.000000	 0.000000	 0.019335
 1.0000	-0.003153	 0.015785	 0.000000	 0.000000	 0.019872


 -------- Mode No.  10  (freq = 0.16425E+02 Hz)

span_loc	s-s disp	s-s slope	f-a disp	f-a slope	twist

 0.0000	 0.000000	 0.000000	 0.000000	 0.000000	 0.000000
 0.0035	 0.000012	 0.007377	 0.000000	 0.000000	 0.000012
 0.0104	 0.000102	 0.021377	 0.000000	 0.000000	 0.000036
 0.0174	 0.000276	 0.034371	 0.000000	 0.000000	 0.000060
 0.0244	 0.000529	 0.046360	 0.000000	 0.000000	 0.000084
 0.0313	 0.000853	 0.057345	 0.000000	 0.000000	 0.000108
 0.0383	 0.001242	 0.067329	 0.000000	 0.000000	 0.000132
 0.0453	 0.001691	 0.076316	 0.000000	 0.000000	 0.000156
 0.0522	 0.002193	 0.084311	 0.000000	 0.000000	 0.000180
 0.0592	 0.002741	 0.091322	 0.000000	 0.000000	 0.000204
 0.0662	 0.003330	 0.097358	 0.000000	 0.000000	 0.000228
 0.0731	 0.003954	 0.102430	 0.000000	 0.000000	 0.000252
 0.0801	 0.004607	 0.106553	 0.000000	 0.000000	 0.000276
 0.0870	 0.005282	 0.109743	 0.000000	 0.000000	 0.000300
 0.0940	 0.005975	 0.112018	 0.000000	 0.000000	 0.000324
 0.1010	 0.006678	 0.113399	 0.000000	 0.000000	 0.000348
 0.1079	 0.007388	 0.113953	 0.000000	 0.000000	 0.000371
 0.1149	 0.008099	 0.113591	 0.000000	 0.000000	 0.000395
 0.1219	 0.008804	 0.112340	 0.000000	 0.000000	 0.000419
 0.1288	 0.009499	 0.110229	 0.000000	 0.000000	 0.000443
 0.1358	 0.010178	 0.107291	 0.000000	 0.000000	 0.000467
 0.1399	 0.010569	 0.105184	 0.000000	 0.000000	 0.000481
 0.1497	 0.011469	 0.099072	 0.000000	 0.000000	 0.000515
 0.1567	 0.012071	 0.093869	 0.000000	 0.000000	 0.000539
 0.1636	 0.012639	 0.087995	 0.000000	 0.000000	 0.000563
 0.1706	 0.013168	 0.081493	 0.000000	 0.000000	 0.000587
 0.1776	 0.013655	 0.074411	 0.000000	 0.000000	 0.000611
 0.1845	 0.014096	 0.066798	 0.000000	 0.000000	 0.000635
 0.1915	 0.014488	 0.058707	 0.000000	 0.000000	 0.000659
 0.1985	 0.014828	 0.050190	 0.000000	 0.000000	 0.000683
 0.2054	 0.015111	 0.040595	 0.000000	 0.000000	 0.000707
 0.2124	 0.015333	 0.030574	 0.000000	 0.000000	 0.000731
 0.2194	 0.015492	 0.020179	 0.000000	 0.000000	 0.000755
 0.2263	 0.015584	 0.009464	 0.000000	 0.000000	 0.000779
 0.2333	 0.015609	-0.001518	 0.000000	 0.000000	 0.000803
 0.2403	 0.015565	-0.012709	 0.000000	 0.000000	 0.000827
 0.2472	 0.015450	-0.024051	 0.000000	 0.000000	 0.000851
 0.2507	 0.015366	-0.029760	 0.000000	 0.000000	 0.000863
 0.3203	 0.009968	-0.137275	 0.000000	 0.000000	 0.001102
 0.3797	 0.000903	-0.192980	 0.000000	 0.000000	 0.001307
 0.4248	-0.006999	-0.190712	 0.000000	 0.000000	 0.001462
 0.4596	-0.012492	-0.157314	 0.000000	 0.000000	 0.001582
 0.4866	-0.015794	-0.113394	 0.000000	 0.000000	 0.001675
 0.5137	-0.017864	-0.056435	 0.000000	 0.000000	 0.001768
 0.5407	-0.018395	 0.012927	 0.000000	 0.000000	 0.001861
 0.5677	-0.017185	 0.086194	 0.000000	 0.000000	 0.001954
 0.5947	-0.014217	 0.156981	 0.000000	 0.000000	 0.002047
 0.6217	-0.009590	 0.221906	 0.000000	 0.000000	 0.002140
 0.6488	-0.003621	 0.267036	 0.000000	 0.000000	 0.002233
 0.6758	 0.003146	 0.287221	 0.000000	 0.000000	 0.002326
 0.7028	 0.010063	 0.279413	 0.000000	 0.000000	 0.002419
 0.7298	 0.016399	 0.239247	 0.000000	 0.000000	 0.002512
 0.7568	 0.021435	 0.173129	 0.000000	 0.000000	 0.002605
 0.7839	 0.024633	 0.089139	 0.000000	 0.000000	 0.002698
 0.8109	 0.025684	-0.002217	 0.000000	 0.000000	 0.002791
 0.8379	 0.024391	-0.102299	 0.000000	 0.000000	 0.002884
 0.8649	 0.020870	-0.184230	 0.000000	 0.000000	 0.002977
 0.8919	 0.015711	-0.235758	 0.000000	 0.000000	 0.003070
 0.9189	 0.009814	-0.244584	 0.000000	 0.000000	 0.003163
 0.9460	 0.004220	-0.209803	 0.000000	 0.000000	 0.003256
 0.9730	 0.000045	-0.126949	 0.000000	 0.000000	 0.003349
 1.0000	-0.001519	 0.006006	 0.000000	 0.000000	 0.003442


 -------- Mode No.  11  (freq = 0.16427E+02 Hz)

span_loc	s-s disp	s-s slope	f-a disp	f-a slope	twist

 0.0000	 0.000000	 0.000000	 0.000000	 0.000000	 0.000000
 0.0035	 0.000000	 0.000000	-0.000012	-0.007383	 0.000000
 0.0104	 0.000000	 0.000000	-0.000102	-0.021394	 0.000000
 0.0174	 0.000000	 0.000000	-0.000276	-0.034398	 0.000000
 0.0244	 0.000000	 0.000000	-0.000529	-0.046396	 0.000000
 0.0313	 0.000000	 0.000000	-0.000853	-0.057389	 0.000000
 0.0383	 0.000000	 0.000000	-0.001243	-0.067380	 0.000000
 0.0453	 0.000000	 0.000000	-0.001692	-0.076374	 0.000000
 0.0522	 0.000000	 0.000000	-0.002194	-0.084375	 0.000000
 0.0592	 0.000000	 0.000000	-0.002743	-0.091391	 0.000000
 0.0662	 0.000000	 0.000000	-0.003333	-0.097431	 0.000000
 0.0731	 0.000000	 0.000000	-0.003957	-0.102507	 0.000000
 0.0801	 0.000000	 0.000000	-0.004610	-0.106632	 0.000000
 0.0870	 0.000000	 0.000000	-0.005286	-0.109824	 0.000000
 0.0940	 0.000000	 0.000000	-0.005979	-0.112100	 0.000000
 0.1010	 0.000000	 0.000000	-0.006683	-0.113481	 0.000000
 0.1079	 0.000000	 0.000000	-0.007394	-0.114035	 0.000000
 0.1149	 0.000000	 0.000000	-0.008105	-0.113672	 0.000000
 0.1219	 0.000000	 0.000000	-0.008811	-0.112420	 0.000000
 0.1288	 0.000000	 0.000000	-0.009506	-0.110306	 0.000000
 0.1358	 0.000000	 0.000000	-0.010186	-0.107364	 0.000000
 0.1399	 0.000000	 0.000000	-0.010577	-0.105255	 0.000000
 0.1497	 0.000000	 0.000000	-0.011477	-0.099137	 0.000000
 0.1567	 0.000000	 0.000000	-0.012080	-0.093930	 0.000000
 0.1636	 0.000000	 0.000000	-0.012648	-0.088049	 0.000000
 0.1706	 0.000000	 0.000000	-0.013178	-0.081541	 0.000000
 0.1776	 0.000000	 0.000000	-0.013665	-0.074453	 0.000000
 0.1845	 0.000000	 0.000000	-0.014106	-0.066834	 0.000000
 0.1915	 0.000000	 0.000000	-0.014498	-0.058736	 0.000000
 0.1985	 0.000000	 0.000000	-0.014838	-0.050212	 0.000000
 0.2054	 0.000000	 0.000000	-0.015122	-0.040608	 0.000000
 0.2124	 0.000000	 0.000000	-0.015344	-0.030579	 0.000000
 0.2194	 0.000000	 0.000000	-0.015502	-0.020175	 0.000000
 0.2263	 0.000000	 0.000000	-0.015595	-0.009451	 0.000000
 0.2333	 0.000000	 0.000000	-0.015620	 0.001540	 0.000000
 0.2403	 0.000000	 0.000000	-0.015575	 0.012740	 0.000000
 0.2472	 0.000000	 0.000000	-0.015460	 0.024091	 0.000000
 0.2507	 0.000000	 0.000000	-0.015376	 0.029804	 0.000000
 0.3203	 0.000000	 0.000000	-0.009972	 0.137395	 0.000000
 0.3797	 0.000000	 0.000000	-0.000900	 0.193123	 0.000000
 0.4248	 0.000000	 0.000000	 0.007007	 0.190831	 0.000000
 0.4596	 0.000000	 0.000000	 0.012504	 0.157389	 0.000000
 0.4866	 0.000000	 0.000000	 0.015806	 0.113421	 0.000000
 0.5137	 0.000000	 0.000000	 0.017877	 0.056408	 0.000000
 0.5407	 0.000000	 0.000000	 0.018406	-0.013013	 0.000000
 0.5677	 0.000000	 0.000000	 0.017193	-0.086337	 0.000000
 0.5947	 0.000000	 0.000000	 0.014221	-0.157172	 0.000000
 0.6217	 0.000000	 0.000000	 0.009590	-0.222131	 0.000000
 0.6488	 0.000000	 0.000000	 0.003614	-0.267275	 0.000000
 0.6758	 0.000000	 0.000000	-0.003158	-0.287449	 0.000000
 0.7028	 0.000000	 0.000000	-0.010080	-0.279609	 0.000000
 0.7298	 0.000000	 0.000000	-0.016421	-0.239389	 0.000000
 0.7568	 0.000000	 0.000000	-0.021459	-0.173209	 0.000000
 0.7839	 0.000000	 0.000000	-0.024658	-0.089164	 0.000000
 0.8109	 0.000000	 0.000000	-0.025710	 0.002227	 0.000000
 0.8379	 0.000000	 0.000000	-0.024416	 0.102308	 0.000000
 0.8649	 0.000000	 0.000000	-0.020895	 0.184180	 0.000000
 0.8919	 0.000000	 0.000000	-0.015739	 0.235570	 0.000000
 0.9189	 0.000000	 0.000000	-0.009849	 0.244192	 0.000000
 0.9460	 0.000000	 0.000000	-0.004268	 0.209107	 0.000000
 0.9730	 0.000000	 0.000000	-0.000115	 0.125822	 0.000000
 1.0000	 0.000000	 0.000000	 0.001415	-0.007724	 0.000000


 -------- Mode No.  12  (freq = 0.26856E+02 Hz)

span_loc	s-s disp	s-s slope	f-a disp	f-a slope	twist

 0.0000	 0.000000	 0.000000	 0.000000	 0.000000	 0.000000
 0.0035	 0.000000	 0.000000	-0.000014	-0.009093	 0.000000
 0.0104	 0.000000	 0.000000	-0.000125	-0.026065	 0.000000
 0.0174	 0.000000	 0.000000	-0.000336	-0.041422	 0.000000
 0.0244	 0.000000	 0.000000	-0.000638	-0.055165	 0.000000
 0.0313	 0.000000	 0.000000	-0.001021	-0.067299	 0.000000
 0.0383	 0.000000	 0.000000	-0.001475	-0.077833	 0.000000
 0.0453	 0.000000	 0.000000	-0.001989	-0.086779	 0.000000
 0.0522	 0.000000	 0.000000	-0.002555	-0.094155	 0.000000
 0.0592	 0.000000	 0.000000	-0.003161	-0.099983	 0.000000
 0.0662	 0.000000	 0.000000	-0.003800	-0.104293	 0.000000
 0.0731	 0.000000	 0.000000	-0.004460	-0.107120	 0.000000
 0.0801	 0.000000	 0.000000	-0.005133	-0.108506	 0.000000
 0.0870	 0.000000	 0.000000	-0.005811	-0.108499	 0.000000
 0.0940	 0.000000	 0.000000	-0.006485	-0.107154	 0.000000
 0.1010	 0.000000	 0.000000	-0.007146	-0.104534	 0.000000
 0.1079	 0.000000	 0.000000	-0.007786	-0.100388	 0.000000
 0.1149	 0.000000	 0.000000	-0.008396	-0.095003	 0.000000
 0.1219	 0.000000	 0.000000	-0.008969	-0.088456	 0.000000
 0.1288	 0.000000	 0.000000	-0.009498	-0.080832	 0.000000
 0.1358	 0.000000	 0.000000	-0.009976	-0.072223	 0.000000
 0.1399	 0.000000	 0.000000	-0.010232	-0.066723	 0.000000
 0.1497	 0.000000	 0.000000	-0.010757	-0.052434	 0.000000
 0.1567	 0.000000	 0.000000	-0.011051	-0.041461	 0.000000
 0.1636	 0.000000	 0.000000	-0.011273	-0.029914	 0.000000
 0.1706	 0.000000	 0.000000	-0.011423	-0.017905	 0.000000
 0.1776	 0.000000	 0.000000	-0.011496	-0.005548	 0.000000
 0.1845	 0.000000	 0.000000	-0.011492	 0.007041	 0.000000
 0.1915	 0.000000	 0.000000	-0.011408	 0.019744	 0.000000
 0.1985	 0.000000	 0.000000	-0.011245	 0.032444	 0.000000
 0.2054	 0.000000	 0.000000	-0.011000	 0.046028	 0.000000
 0.2124	 0.000000	 0.000000	-0.010671	 0.059478	 0.000000
 0.2194	 0.000000	 0.000000	-0.010258	 0.072678	 0.000000
 0.2263	 0.000000	 0.000000	-0.009764	 0.085513	 0.000000
 0.2333	 0.000000	 0.000000	-0.009192	 0.097870	 0.000000
 0.2403	 0.000000	 0.000000	-0.008544	 0.109639	 0.000000
 0.2472	 0.000000	 0.000000	-0.007825	 0.120712	 0.000000
 0.2507	 0.000000	 0.000000	-0.007440	 0.125955	 0.000000
 0.3203	 0.000000	 0.000000	 0.002590	 0.174337	 0.000000
 0.3797	 0.000000	 0.000000	 0.010499	 0.107530	 0.000000
 0.4248	 0.000000	 0.000000	 0.012692	-0.002406	 0.000000
 0.4596	 0.000000	 0.000000	 0.011110	-0.097091	 0.000000
 0.4866	 0.000000	 0.000000	 0.007940	-0.161661	 0.000000
 0.5137	 0.000000	 0.000000	 0.003416	-0.207526	 0.000000
 0.5407	 0.000000	 0.000000	-0.001915	-0.227225	 0.000000
 0.5677	 0.000000	 0.000000	-0.007312	-0.212876	 0.000000
 0.5947	 0.000000	 0.000000	-0.011928	-0.163481	 0.000000
 0.6217	 0.000000	 0.000000	-0.014897	-0.078337	 0.000000
 0.6488	 0.000000	 0.000000	-0.015552	 0.025142	 0.000000
 0.6758	 0.000000	 0.000000	-0.013638	 0.130891	 0.000000
 0.7028	 0.000000	 0.000000	-0.009316	 0.221139	 0.000000
 0.7298	 0.000000	 0.000000	-0.003085	 0.285674	 0.000000
 0.7568	 0.000000	 0.000000	 0.004119	 0.300683	 0.000000
 0.7839	 0.000000	 0.000000	 0.011063	 0.264903	 0.000000
 0.8109	 0.000000	 0.000000	 0.016594	 0.186196	 0.000000
 0.8379	 0.000000	 0.000000	 0.019664	 0.064509	 0.000000
 0.8649	 0.000000	 0.000000	 0.019644	-0.064814	 0.000000
 0.8919	 0.000000	 0.000000	 0.016666	-0.175471	 0.000000
 0.9189	 0.000000	 0.000000	 0.011623	-0.232475	 0.000000
 0.9460	 0.000000	 0.000000	 0.005895	-0.229338	 0.000000
 0.9730	 0.000000	 0.000000	 0.001113	-0.152754	 0.000000
 1.0000	 0.000000	 0.000000	-0.000853	 0.003575	 0.000000


 -------- Mode No.  13  (freq = 0.26857E+02 Hz)

span_loc	s-s disp	s-s slope	f-a disp	f-a slope	twist

 0.0000	 0.000000	 0.000000	 0.000000	 0.000000	 0.000000
 0.0035	-0.000014	-0.009090	 0.000000	 0.000000	 0.000006
 0.0104	-0.000125	-0.026059	 0.000000	 0.000000	 0.000018
 0.0174	-0.000336	-0.041411	 0.000000	 0.000000	 0.000031
 0.0244	-0.000638	-0.055151	 0.000000	 0.000000	 0.000043
 0.0313	-0.001021	-0.067282	 0.000000	 0.000000	 0.000055
 0.0383	-0.001475	-0.077813	 0.000000	 0.000000	 0.000067
 0.0453	-0.001989	-0.086756	 0.000000	 0.000000	 0.000079
 0.0522	-0.002554	-0.094130	 0.000000	 0.000000	 0.000092
 0.0592	-0.003161	-0.099956	 0.000000	 0.000000	 0.000104
 0.0662	-0.003799	-0.104265	 0.000000	 0.000000	 0.000116
 0.0731	-0.004459	-0.107091	 0.000000	 0.000000	 0.000128
 0.0801	-0.005132	-0.108476	 0.000000	 0.000000	 0.000140
 0.0870	-0.005810	-0.108468	 0.000000	 0.000000	 0.000153
 0.0940	-0.006483	-0.107123	 0.000000	 0.000000	 0.000165
 0.1010	-0.007144	-0.104504	 0.000000	 0.000000	 0.000177
 0.1079	-0.007784	-0.100358	 0.000000	 0.000000	 0.000189
 0.1149	-0.008394	-0.094974	 0.000000	 0.000000	 0.000201
 0.1219	-0.008967	-0.088428	 0.000000	 0.000000	 0.000214
 0.1288	-0.009495	-0.080806	 0.000000	 0.000000	 0.000226
 0.1358	-0.009973	-0.072198	 0.000000	 0.000000	 0.000238
 0.1399	-0.010229	-0.066699	 0.000000	 0.000000	 0.000245
 0.1497	-0.010754	-0.052413	 0.000000	 0.000000	 0.000262
 0.1567	-0.011047	-0.041443	 0.000000	 0.000000	 0.000275
 0.1636	-0.011270	-0.029899	 0.000000	 0.000000	 0.000287
 0.1706	-0.011419	-0.017892	 0.000000	 0.000000	 0.000299
 0.1776	-0.011493	-0.005538	 0.000000	 0.000000	 0.000311
 0.1845	-0.011488	 0.007048	 0.000000	 0.000000	 0.000323
 0.1915	-0.011405	 0.019747	 0.000000	 0.000000	 0.000336
 0.1985	-0.011242	 0.032444	 0.000000	 0.000000	 0.000348
 0.2054	-0.010997	 0.046025	 0.000000	 0.000000	 0.000360
 0.2124	-0.010667	 0.059471	 0.000000	 0.000000	 0.000372
 0.2194	-0.010255	 0.072667	 0.000000	 0.000000	 0.000384
 0.2263	-0.009761	 0.085499	 0.000000	 0.000000	 0.000397
 0.2333	-0.009189	 0.097853	 0.000000	 0.000000	 0.000409
 0.2403	-0.008541	 0.109618	 0.000000	 0.000000	 0.000421
 0.2472	-0.007822	 0.120687	 0.000000	 0.000000	 0.000433
 0.2507	-0.007437	 0.125928	 0.000000	 0.000000	 0.000439
 0.3203	 0.002591	 0.174285	 0.000000	 0.000000	 0.000561
 0.3797	 0.010496	 0.107481	 0.000000	 0.000000	 0.000665
 0.4248	 0.012688	-0.002432	 0.000000	 0.000000	 0.000744
 0.4596	 0.011106	-0.097091	 0.000000	 0.000000	 0.000805
 0.4866	 0.007936	-0.161638	 0.000000	 0.000000	 0.000853
 0.5137	 0.003413	-0.207481	 0.000000	 0.000000	 0.000900
 0.5407	-0.001917	-0.227159	 0.000000	 0.000000	 0.000947
 0.5677	-0.007313	-0.212798	 0.000000	 0.000000	 0.000995
 0.5947	-0.011926	-0.163401	 0.000000	 0.000000	 0.001042
 0.6217	-0.014894	-0.078267	 0.000000	 0.000000	 0.001090
 0.6488	-0.015547	 0.025190	 0.000000	 0.000000	 0.001137
 0.6758	-0.013632	 0.130905	 0.000000	 0.000000	 0.001184
 0.7028	-0.009311	 0.221113	 0.000000	 0.000000	 0.001232
 0.7298	-0.003081	 0.285600	 0.000000	 0.000000	 0.001279
 0.7568	 0.004121	 0.300568	 0.000000	 0.000000	 0.001326
 0.7839	 0.011062	 0.264755	 0.000000	 0.000000	 0.001374
 0.8109	 0.016589	 0.186029	 0.000000	 0.000000	 0.001421
 0.8379	 0.019655	 0.064331	 0.000000	 0.000000	 0.001468
 0.8649	 0.019631	-0.064996	 0.000000	 0.000000	 0.001516
 0.8919	 0.016648	-0.175665	 0.000000	 0.000000	 0.001563
 0.9189	 0.011600	-0.232702	 0.000000	 0.000000	 0.001610
 0.9460	 0.005865	-0.229647	 0.000000	 0.000000	 0.001658
 0.9730	 0.001075	-0.153230	 0.000000	 0.000000	 0.001705
 1.0000	-0.000907	 0.002797	 0.000000	 0.000000	 0.001752


 -------- Mode No.  14  (freq = 0.39855E+02 Hz)

span_loc	s-s disp	s-s slope	f-a disp	f-a slope	twist

 0.0000	 0.000000	 0.000000	 0.000000	 0.000000	 0.000000
 0.0035	 0.000000	 0.000000	-0.000016	-0.010374	 0.000000
 0.0104	 0.000000	 0.000000	-0.000142	-0.029415	 0.000000
 0.0174	 0.000000	 0.000000	-0.000379	-0.046179	 0.000000
 0.0244	 0.000000	 0.000000	-0.000713	-0.060673	 0.000000
 0.0313	 0.000000	 0.000000	-0.001131	-0.072909	 0.000000
 0.0383	 0.000000	 0.000000	-0.001619	-0.082908	 0.000000
 0.0453	 0.000000	 0.000000	-0.002161	-0.090700	 0.000000
 0.0522	 0.000000	 0.000000	-0.002746	-0.096327	 0.000000
 0.0592	 0.000000	 0.000000	-0.003359	-0.099844	 0.000000
 0.0662	 0.000000	 0.000000	-0.003988	-0.101318	 0.000000
 0.0731	 0.000000	 0.000000	-0.004620	-0.100833	 0.000000
 0.0801	 0.000000	 0.000000	-0.005243	-0.098483	 0.000000
 0.0870	 0.000000	 0.000000	-0.005845	-0.094379	 0.000000
 0.0940	 0.000000	 0.000000	-0.006417	-0.088645	 0.000000
 0.1010	 0.000000	 0.000000	-0.006948	-0.081416	 0.000000
 0.1079	 0.000000	 0.000000	-0.007428	-0.072124	 0.000000
 0.1149	 0.000000	 0.000000	-0.007846	-0.061520	 0.000000
 0.1219	 0.000000	 0.000000	-0.008194	-0.049768	 0.000000
 0.1288	 0.000000	 0.000000	-0.008465	-0.037045	 0.000000
 0.1358	 0.000000	 0.000000	-0.008654	-0.023534	 0.000000
 0.1399	 0.000000	 0.000000	-0.008726	-0.015275	 0.000000
 0.1497	 0.000000	 0.000000	-0.008771	 0.005088	 0.000000
 0.1567	 0.000000	 0.000000	-0.008693	 0.019812	 0.000000
 0.1636	 0.000000	 0.000000	-0.008524	 0.034548	 0.000000
 0.1706	 0.000000	 0.000000	-0.008263	 0.049105	 0.000000
 0.1776	 0.000000	 0.000000	-0.007912	 0.063293	 0.000000
 0.1845	 0.000000	 0.000000	-0.007474	 0.076927	 0.000000
 0.1915	 0.000000	 0.000000	-0.006953	 0.089832	 0.000000
 0.1985	 0.000000	 0.000000	-0.006354	 0.101844	 0.000000
 0.2054	 0.000000	 0.000000	-0.005681	 0.113683	 0.000000
 0.2124	 0.000000	 0.000000	-0.004938	 0.124339	 0.000000
 0.2194	 0.000000	 0.000000	-0.004132	 0.133665	 0.000000
 0.2263	 0.000000	 0.000000	-0.003273	 0.141531	 0.000000
 0.2333	 0.000000	 0.000000	-0.002369	 0.147821	 0.000000
 0.2403	 0.000000	 0.000000	-0.001431	 0.152435	 0.000000
 0.2472	 0.000000	 0.000000	-0.000470	 0.155296	 0.000000
 0.2507	 0.000000	 0.000000	 0.000016	 0.156049	 0.000000
 0.3203	 0.000000	 0.000000	 0.008195	 0.079418	 0.000000
 0.3797	 0.000000	 0.000000	 0.008204	-0.078932	 0.000000
 0.4248	 0.000000	 0.000000	 0.002839	-0.173909	 0.000000
 0.4596	 0.000000	 0.000000	-0.002957	-0.186868	 0.000000
 0.4866	 0.000000	 0.000000	-0.007135	-0.152135	 0.000000
 0.5137	 0.000000	 0.000000	-0.010025	-0.082425	 0.000000
 0.5407	 0.000000	 0.000000	-0.010863	 0.014504	 0.000000
 0.5677	 0.000000	 0.000000	-0.009260	 0.115341	 0.000000
 0.5947	 0.000000	 0.000000	-0.005400	 0.197266	 0.000000
 0.6217	 0.000000	 0.000000	 0.000020	 0.241050	 0.000000
 0.6488	 0.000000	 0.000000	 0.005798	 0.226211	 0.000000
 0.6758	 0.000000	 0.000000	 0.010496	 0.153788	 0.000000
 0.7028	 0.000000	 0.000000	 0.012879	 0.039136	 0.000000
 0.7298	 0.000000	 0.000000	 0.012066	-0.104677	 0.000000
 0.7568	 0.000000	 0.000000	 0.007995	-0.224481	 0.000000
 0.7839	 0.000000	 0.000000	 0.001623	-0.290953	 0.000000
 0.8109	 0.000000	 0.000000	-0.005533	-0.288179	 0.000000
 0.8379	 0.000000	 0.000000	-0.011676	-0.207984	 0.000000
 0.8649	 0.000000	 0.000000	-0.015149	-0.073129	 0.000000
 0.8919	 0.000000	 0.000000	-0.015064	 0.078734	 0.000000
 0.9189	 0.000000	 0.000000	-0.011768	 0.185336	 0.000000
 0.9460	 0.000000	 0.000000	-0.006633	 0.224596	 0.000000
 0.9730	 0.000000	 0.000000	-0.001677	 0.167079	 0.000000
 1.0000	 0.000000	 0.000000	 0.000551	-0.001860	 0.000000


 -------- Mode No.  15  (freq = 0.39858E+02 Hz)

span_loc	s-s disp	s-s slope	f-a disp	f-a slope	twist

 0.0000	 0.000000	 0.000000	 0.000000	 0.000000	 0.000000
 0.0035	 0.000016	 0.010373	 0.000000	 0.000000	 0.000004
 0.0104	 0.000142	 0.029412	 0.000000	 0.000000	 0.000011
 0.0174	 0.000379	 0.046174	 0.000000	 0.000000	 0.000019
 0.0244	 0.000713	 0.060667	 0.000000	 0.000000	 0.000026
 0.0313	 0.001131	 0.072901	 0.000000	 0.000000	 0.000033
 0.0383	 0.001618	 0.082898	 0.000000	 0.000000	 0.000041
 0.0453	 0.002161	 0.090689	 0.000000	 0.000000	 0.000048
 0.0522	 0.002746	 0.096314	 0.000000	 0.000000	 0.000056
 0.0592	 0.003359	 0.099830	 0.000000	 0.000000	 0.000063
 0.0662	 0.003987	 0.101304	 0.000000	 0.000000	 0.000071
 0.0731	 0.004619	 0.100818	 0.000000	 0.000000	 0.000078
 0.0801	 0.005242	 0.098468	 0.000000	 0.000000	 0.000085
 0.0870	 0.005844	 0.094363	 0.000000	 0.000000	 0.000093
 0.0940	 0.006416	 0.088628	 0.000000	 0.000000	 0.000100
 0.1010	 0.006947	 0.081399	 0.000000	 0.000000	 0.000108
 0.1079	 0.007427	 0.072108	 0.000000	 0.000000	 0.000115
 0.1149	 0.007845	 0.061503	 0.000000	 0.000000	 0.000123
 0.1219	 0.008192	 0.049752	 0.000000	 0.000000	 0.000130
 0.1288	 0.008464	 0.037029	 0.000000	 0.000000	 0.000138
 0.1358	 0.008653	 0.023519	 0.000000	 0.000000	 0.000145
 0.1399	 0.008724	 0.015261	 0.000000	 0.000000	 0.000149
 0.1497	 0.008769	-0.005101	 0.000000	 0.000000	 0.000160
 0.1567	 0.008692	-0.019823	 0.000000	 0.000000	 0.000167
 0.1636	 0.008522	-0.034558	 0.000000	 0.000000	 0.000175
 0.1706	 0.008261	-0.049114	 0.000000	 0.000000	 0.000182
 0.1776	 0.007910	-0.063299	 0.000000	 0.000000	 0.000190
 0.1845	 0.007472	-0.076931	 0.000000	 0.000000	 0.000197
 0.1915	 0.006951	-0.089834	 0.000000	 0.000000	 0.000204
 0.1985	 0.006352	-0.101844	 0.000000	 0.000000	 0.000212
 0.2054	 0.005679	-0.113681	 0.000000	 0.000000	 0.000219
 0.2124	 0.004936	-0.124333	 0.000000	 0.000000	 0.000227
 0.2194	 0.004130	-0.133657	 0.000000	 0.000000	 0.000234
 0.2263	 0.003271	-0.141520	 0.000000	 0.000000	 0.000242
 0.2333	 0.002367	-0.147806	 0.000000	 0.000000	 0.000249
 0.2403	 0.001430	-0.152418	 0.000000	 0.000000	 0.000256
 0.2472	 0.000469	-0.155276	 0.000000	 0.000000	 0.000264
 0.2507	-0.000017	-0.156027	 0.000000	 0.000000	 0.000268
 0.3203	-0.008194	-0.079376	 0.000000	 0.000000	 0.000342
 0.3797	-0.008201	 0.078961	 0.000000	 0.000000	 0.000405
 0.4248	-0.002836	 0.173902	 0.000000	 0.000000	 0.000453
 0.4596	 0.002959	 0.186826	 0.000000	 0.000000	 0.000491
 0.4866	 0.007136	 0.152070	 0.000000	 0.000000	 0.000519
 0.5137	 0.010025	 0.082347	 0.000000	 0.000000	 0.000548
 0.5407	 0.010860	-0.014582	 0.000000	 0.000000	 0.000577
 0.5677	 0.009256	-0.115399	 0.000000	 0.000000	 0.000606
 0.5947	 0.005395	-0.197288	 0.000000	 0.000000	 0.000635
 0.6217	-0.000025	-0.241021	 0.000000	 0.000000	 0.000664
 0.6488	-0.005802	-0.226130	 0.000000	 0.000000	 0.000692
 0.6758	-0.010498	-0.153668	 0.000000	 0.000000	 0.000721
 0.7028	-0.012877	-0.039002	 0.000000	 0.000000	 0.000750
 0.7298	-0.012062	 0.104791	 0.000000	 0.000000	 0.000779
 0.7568	-0.007988	 0.224540	 0.000000	 0.000000	 0.000808
 0.7839	-0.001615	 0.290933	 0.000000	 0.000000	 0.000837
 0.8109	 0.005539	 0.288073	 0.000000	 0.000000	 0.000866
 0.8379	 0.011678	 0.207794	 0.000000	 0.000000	 0.000894
 0.8649	 0.015146	 0.072888	 0.000000	 0.000000	 0.000923
 0.8919	 0.015055	-0.078983	 0.000000	 0.000000	 0.000952
 0.9189	 0.011753	-0.185566	 0.000000	 0.000000	 0.000981
 0.9460	 0.006613	-0.224808	 0.000000	 0.000000	 0.001010
 0.9730	 0.001652	-0.167322	 0.000000	 0.000000	 0.001039
 1.0000	-0.000584	 0.001468	 0.000000	 0.000000	 0.001067


 -------- Mode No.  16  (freq = 0.55508E+02 Hz)

span_loc	s-s disp	s-s slope	f-a disp	f-a slope	twist

 0.0000	 0.000000	 0.000000	 0.000000	 0.000000	 0.000000
 0.0035	 0.000000	 0.000000	-0.000019	-0.011849	 0.000000
 0.0104	 0.000000	 0.000000	-0.000161	-0.033219	 0.000000
 0.0174	 0.000000	 0.000000	-0.000427	-0.051489	 0.000000
 0.0244	 0.000000	 0.000000	-0.000797	-0.066674	 0.000000
 0.0313	 0.000000	 0.000000	-0.001253	-0.078798	 0.000000
 0.0383	 0.000000	 0.000000	-0.001774	-0.087906	 0.000000
 0.0453	 0.000000	 0.000000	-0.002344	-0.094064	 0.000000
 0.0522	 0.000000	 0.000000	-0.002942	-0.097361	 0.000000
 0.0592	 0.000000	 0.000000	-0.003553	-0.097910	 0.000000
 0.0662	 0.000000	 0.000000	-0.004159	-0.095853	 0.000000
 0.0731	 0.000000	 0.000000	-0.004744	-0.091356	 0.000000
 0.0801	 0.000000	 0.000000	-0.005294	-0.084611	 0.000000
 0.0870	 0.000000	 0.000000	-0.005796	-0.075836	 0.000000
 0.0940	 0.000000	 0.000000	-0.006237	-0.065270	 0.000000
 0.1010	 0.000000	 0.000000	-0.006607	-0.053172	 0.000000
 0.1079	 0.000000	 0.000000	-0.006895	-0.038705	 0.000000
 0.1149	 0.000000	 0.000000	-0.007088	-0.023148	 0.000000
 0.1219	 0.000000	 0.000000	-0.007182	-0.006801	 0.000000
 0.1288	 0.000000	 0.000000	-0.007172	 0.010029	 0.000000
 0.1358	 0.000000	 0.000000	-0.007056	 0.027033	 0.000000
 0.1399	 0.000000	 0.000000	-0.006939	 0.037014	 0.000000
 0.1497	 0.000000	 0.000000	-0.006509	 0.060329	 0.000000
 0.1567	 0.000000	 0.000000	-0.006083	 0.076028	 0.000000
 0.1636	 0.000000	 0.000000	-0.005563	 0.090719	 0.000000
 0.1706	 0.000000	 0.000000	-0.004954	 0.104146	 0.000000
 0.1776	 0.000000	 0.000000	-0.004266	 0.116075	 0.000000
 0.1845	 0.000000	 0.000000	-0.003509	 0.126298	 0.000000
 0.1915	 0.000000	 0.000000	-0.002693	 0.134642	 0.000000
 0.1985	 0.000000	 0.000000	-0.001832	 0.140964	 0.000000
 0.2054	 0.000000	 0.000000	-0.000937	 0.145493	 0.000000
 0.2124	 0.000000	 0.000000	-0.000021	 0.147674	 0.000000
 0.2194	 0.000000	 0.000000	 0.000901	 0.147440	 0.000000
 0.2263	 0.000000	 0.000000	 0.001814	 0.144762	 0.000000
 0.2333	 0.000000	 0.000000	 0.002702	 0.139653	 0.000000
 0.2403	 0.000000	 0.000000	 0.003552	 0.132165	 0.000000
 0.2472	 0.000000	 0.000000	 0.004347	 0.122392	 0.000000
 0.2507	 0.000000	 0.000000	 0.004720	 0.116689	 0.000000
 0.3203	 0.000000	 0.000000	 0.006663	-0.063930	 0.000000
 0.3797	 0.000000	 0.000000	-0.000348	-0.170382	 0.000000
 0.4248	 0.000000	 0.000000	-0.006513	-0.114179	 0.000000
 0.4596	 0.000000	 0.000000	-0.008361	 0.000757	 0.000000
 0.4866	 0.000000	 0.000000	-0.007105	 0.100523	 0.000000
 0.5137	 0.000000	 0.000000	-0.003648	 0.177925	 0.000000
 0.5407	 0.000000	 0.000000	 0.001162	 0.208939	 0.000000
 0.5677	 0.000000	 0.000000	 0.005945	 0.175675	 0.000000
 0.5947	 0.000000	 0.000000	 0.009162	 0.083025	 0.000000
 0.6217	 0.000000	 0.000000	 0.009550	-0.051954	 0.000000
 0.6488	 0.000000	 0.000000	 0.006701	-0.176748	 0.000000
 0.6758	 0.000000	 0.000000	 0.001398	-0.248893	 0.000000
 0.7028	 0.000000	 0.000000	-0.004703	-0.240720	 0.000000
 0.7298	 0.000000	 0.000000	-0.009474	-0.140734	 0.000000
 0.7568	 0.000000	 0.000000	-0.011058	 0.014432	 0.000000
 0.7839	 0.000000	 0.000000	-0.008755	 0.170580	 0.000000
 0.8109	 0.000000	 0.000000	-0.003229	 0.272638	 0.000000
 0.8379	 0.000000	 0.000000	 0.003770	 0.286651	 0.000000
 0.8649	 0.000000	 0.000000	 0.009773	 0.193584	 0.000000
 0.8919	 0.000000	 0.000000	 0.012538	 0.027961	 0.000000
 0.9189	 0.000000	 0.000000	 0.011324	-0.123148	 0.000000
 0.9460	 0.000000	 0.000000	 0.007085	-0.210876	 0.000000
 0.9730	 0.000000	 0.000000	 0.002081	-0.179354	 0.000000
 1.0000	 0.000000	 0.000000	-0.000387	 0.001087	 0.000000


 -------- Mode No.  17  (freq = 0.55512E+02 Hz)

span_loc	s-s disp	s-s slope	f-a disp	f-a slope	twist

 0.0000	 0.000000	 0.000000	 0.000000	 0.000000	 0.000000
 0.0035	 0.000019	 0.011848	 0.000000	 0.000000	-0.000003
 0.0104	 0.000161	 0.033217	 0.000000	 0.000000	-0.000008
 0.0174	 0.000427	 0.051487	 0.000000	 0.000000	-0.000013
 0.0244	 0.000797	 0.066670	 0.000000	 0.000000	-0.000018
 0.0313	 0.001253	 0.078793	 0.000000	 0.000000	-0.000023
 0.0383	 0.001774	 0.087900	 0.000000	 0.000000	-0.000028
 0.0453	 0.002343	 0.094057	 0.000000	 0.000000	-0.000033
 0.0522	 0.002942	 0.097353	 0.000000	 0.000000	-0.000038
 0.0592	 0.003553	 0.097902	 0.000000	 0.000000	-0.000043
 0.0662	 0.004159	 0.095844	 0.000000	 0.000000	-0.000048
 0.0731	 0.004744	 0.091346	 0.000000	 0.000000	-0.000053
 0.0801	 0.005294	 0.084600	 0.000000	 0.000000	-0.000059
 0.0870	 0.005796	 0.075824	 0.000000	 0.000000	-0.000064
 0.0940	 0.006237	 0.065257	 0.000000	 0.000000	-0.000069
 0.1010	 0.006607	 0.053160	 0.000000	 0.000000	-0.000074
 0.1079	 0.006894	 0.038692	 0.000000	 0.000000	-0.000079
 0.1149	 0.007087	 0.023135	 0.000000	 0.000000	-0.000084
 0.1219	 0.007181	 0.006788	 0.000000	 0.000000	-0.000089
 0.1288	 0.007171	-0.010041	 0.000000	 0.000000	-0.000094
 0.1358	 0.007055	-0.027044	 0.000000	 0.000000	-0.000099
 0.1399	 0.006937	-0.037025	 0.000000	 0.000000	-0.000102
 0.1497	 0.006508	-0.060339	 0.000000	 0.000000	-0.000109
 0.1567	 0.006082	-0.076036	 0.000000	 0.000000	-0.000114
 0.1636	 0.005561	-0.090726	 0.000000	 0.000000	-0.000120
 0.1706	 0.004953	-0.104150	 0.000000	 0.000000	-0.000125
 0.1776	 0.004265	-0.116077	 0.000000	 0.000000	-0.000130
 0.1845	 0.003507	-0.126298	 0.000000	 0.000000	-0.000135
 0.1915	 0.002692	-0.134639	 0.000000	 0.000000	-0.000140
 0.1985	 0.001831	-0.140958	 0.000000	 0.000000	-0.000145
 0.2054	 0.000936	-0.145484	 0.000000	 0.000000	-0.000150
 0.2124	 0.000020	-0.147662	 0.000000	 0.000000	-0.000155
 0.2194	-0.000902	-0.147425	 0.000000	 0.000000	-0.000160
 0.2263	-0.001815	-0.144744	 0.000000	 0.000000	-0.000165
 0.2333	-0.002703	-0.139632	 0.000000	 0.000000	-0.000170
 0.2403	-0.003552	-0.132140	 0.000000	 0.000000	-0.000176
 0.2472	-0.004347	-0.122365	 0.000000	 0.000000	-0.000181
 0.2507	-0.004721	-0.116661	 0.000000	 0.000000	-0.000183
 0.3203	-0.006661	 0.063962	 0.000000	 0.000000	-0.000234
 0.3797	 0.000351	 0.170368	 0.000000	 0.000000	-0.000277
 0.4248	 0.006514	 0.114123	 0.000000	 0.000000	-0.000310
 0.4596	 0.008360	-0.000825	 0.000000	 0.000000	-0.000336
 0.4866	 0.007102	-0.100579	 0.000000	 0.000000	-0.000356
 0.5137	 0.003644	-0.177949	 0.000000	 0.000000	-0.000375
 0.5407	-0.001166	-0.208915	 0.000000	 0.000000	-0.000395
 0.5677	-0.005948	-0.175601	 0.000000	 0.000000	-0.000415
 0.5947	-0.009163	-0.082917	 0.000000	 0.000000	-0.000435
 0.6217	-0.009547	 0.052066	 0.000000	 0.000000	-0.000454
 0.6488	-0.006696	 0.176824	 0.000000	 0.000000	-0.000474
 0.6758	-0.001392	 0.248898	 0.000000	 0.000000	-0.000494
 0.7028	 0.004708	 0.240643	 0.000000	 0.000000	-0.000514
 0.7298	 0.009476	 0.140585	 0.000000	 0.000000	-0.000533
 0.7568	 0.011056	-0.014604	 0.000000	 0.000000	-0.000553
 0.7839	 0.008749	-0.170714	 0.000000	 0.000000	-0.000573
 0.8109	 0.003221	-0.272680	 0.000000	 0.000000	-0.000593
 0.8379	-0.003777	-0.286561	 0.000000	 0.000000	-0.000612
 0.8649	-0.009777	-0.193378	 0.000000	 0.000000	-0.000632
 0.8919	-0.012536	-0.027695	 0.000000	 0.000000	-0.000652
 0.9189	-0.011315	 0.123403	 0.000000	 0.000000	-0.000671
 0.9460	-0.007071	 0.211074	 0.000000	 0.000000	-0.000691
 0.9730	-0.002062	 0.179509	 0.000000	 0.000000	-0.000711
 1.0000	 0.000410	-0.000869	 0.000000	 0.000000	-0.000731


 -------- Mode No.  18  (freq = 0.73743E+02 Hz)

span_loc	s-s disp	s-s slope	f-a disp	f-a slope	twist

 0.0000	 0.000000	 0.000000	 0.000000	 0.000000	 0.000000
 0.0035	 0.000000	 0.000000	 0.000022	 0.013681	 0.000000
 0.0104	 0.000000	 0.000000	 0.000185	 0.037919	 0.000000
 0.0174	 0.000000	 0.000000	 0.000486	 0.057996	 0.000000
 0.0244	 0.000000	 0.000000	 0.000900	 0.073941	 0.000000
 0.0313	 0.000000	 0.000000	 0.001401	 0.085804	 0.000000
 0.0383	 0.000000	 0.000000	 0.001963	 0.093674	 0.000000
 0.0453	 0.000000	 0.000000	 0.002562	 0.097680	 0.000000
 0.0522	 0.000000	 0.000000	 0.003174	 0.097993	 0.000000
 0.0592	 0.000000	 0.000000	 0.003777	 0.094833	 0.000000
 0.0662	 0.000000	 0.000000	 0.004351	 0.088465	 0.000000
 0.0731	 0.000000	 0.000000	 0.004875	 0.079199	 0.000000
 0.0801	 0.000000	 0.000000	 0.005334	 0.067386	 0.000000
 0.0870	 0.000000	 0.000000	 0.005712	 0.053417	 0.000000
 0.0940	 0.000000	 0.000000	 0.005997	 0.037712	 0.000000
 0.1010	 0.000000	 0.000000	 0.006180	 0.020719	 0.000000
 0.1079	 0.000000	 0.000000	 0.006249	 0.001409	 0.000000
 0.1149	 0.000000	 0.000000	 0.006197	-0.018349	 0.000000
 0.1219	 0.000000	 0.000000	 0.006020	-0.038082	 0.000000
 0.1288	 0.000000	 0.000000	 0.005722	-0.057321	 0.000000
 0.1358	 0.000000	 0.000000	 0.005307	-0.075616	 0.000000
 0.1399	 0.000000	 0.000000	 0.005010	-0.085787	 0.000000
 0.1497	 0.000000	 0.000000	 0.004156	-0.107702	 0.000000
 0.1567	 0.000000	 0.000000	 0.003442	-0.120752	 0.000000
 0.1636	 0.000000	 0.000000	 0.002654	-0.131392	 0.000000
 0.1706	 0.000000	 0.000000	 0.001807	-0.139379	 0.000000
 0.1776	 0.000000	 0.000000	 0.000920	-0.144532	 0.000000
 0.1845	 0.000000	 0.000000	 0.000010	-0.146739	 0.000000
 0.1915	 0.000000	 0.000000	-0.000905	-0.145954	 0.000000
 0.1985	 0.000000	 0.000000	-0.001806	-0.142202	 0.000000
 0.2054	 0.000000	 0.000000	-0.002673	-0.135048	 0.000000
 0.2124	 0.000000	 0.000000	-0.003485	-0.124876	 0.000000
 0.2194	 0.000000	 0.000000	-0.004225	-0.111867	 0.000000
 0.2263	 0.000000	 0.000000	-0.004876	-0.096270	 0.000000
 0.2333	 0.000000	 0.000000	-0.005422	-0.078396	 0.000000
 0.2403	 0.000000	 0.000000	-0.005850	-0.058611	 0.000000
 0.2472	 0.000000	 0.000000	-0.006150	-0.037332	 0.000000
 0.2507	 0.000000	 0.000000	-0.006249	-0.026273	 0.000000
 0.3203	 0.000000	 0.000000	-0.001241	 0.156552	 0.000000
 0.3797	 0.000000	 0.000000	 0.006247	 0.083068	 0.000000
 0.4248	 0.000000	 0.000000	 0.006061	-0.091688	 0.000000
 0.4596	 0.000000	 0.000000	 0.001524	-0.183690	 0.000000
 0.4866	 0.000000	 0.000000	-0.003050	-0.181793	 0.000000
 0.5137	 0.000000	 0.000000	-0.006689	-0.108914	 0.000000
 0.5407	 0.000000	 0.000000	-0.007833	 0.017608	 0.000000
 0.5677	 0.000000	 0.000000	-0.005775	 0.146478	 0.000000
 0.5947	 0.000000	 0.000000	-0.001127	 0.223665	 0.000000
 0.6217	 0.000000	 0.000000	 0.004324	 0.209038	 0.000000
 0.6488	 0.000000	 0.000000	 0.008186	 0.097386	 0.000000
 0.6758	 0.000000	 0.000000	 0.008583	-0.066145	 0.000000
 0.7028	 0.000000	 0.000000	 0.005110	-0.209541	 0.000000
 0.7298	 0.000000	 0.000000	-0.000960	-0.270258	 0.000000
 0.7568	 0.000000	 0.000000	-0.006908	-0.200515	 0.000000
 0.7839	 0.000000	 0.000000	-0.009861	-0.033298	 0.000000
 0.8109	 0.000000	 0.000000	-0.008349	 0.152959	 0.000000
 0.8379	 0.000000	 0.000000	-0.002763	 0.287787	 0.000000
 0.8649	 0.000000	 0.000000	 0.004432	 0.281128	 0.000000
 0.8919	 0.000000	 0.000000	 0.009699	 0.135250	 0.000000
 0.9189	 0.000000	 0.000000	 0.010727	-0.051775	 0.000000
 0.9460	 0.000000	 0.000000	 0.007549	-0.194139	 0.000000
 0.9730	 0.000000	 0.000000	 0.002476	-0.195177	 0.000000
 1.0000	 0.000000	 0.000000	-0.000298	 0.000708	 0.000000


 -------- Mode No.  19  (freq = 0.73748E+02 Hz)

span_loc	s-s disp	s-s slope	f-a disp	f-a slope	twist

 0.0000	 0.000000	 0.000000	 0.000000	 0.000000	 0.000000
 0.0035	-0.000022	-0.013681	 0.000000	 0.000000	-0.000002
 0.0104	-0.000185	-0.037918	 0.000000	 0.000000	-0.000006
 0.0174	-0.000486	-0.057996	 0.000000	 0.000000	-0.000010
 0.0244	-0.000900	-0.073939	 0.000000	 0.000000	-0.000013
 0.0313	-0.001401	-0.085802	 0.000000	 0.000000	-0.000017
 0.0383	-0.001963	-0.093672	 0.000000	 0.000000	-0.000021
 0.0453	-0.002562	-0.097676	 0.000000	 0.000000	-0.000025
 0.0522	-0.003174	-0.097989	 0.000000	 0.000000	-0.000029
 0.0592	-0.003777	-0.094827	 0.000000	 0.000000	-0.000033
 0.0662	-0.004351	-0.088458	 0.000000	 0.000000	-0.000037
 0.0731	-0.004875	-0.079191	 0.000000	 0.000000	-0.000040
 0.0801	-0.005334	-0.067377	 0.000000	 0.000000	-0.000044
 0.0870	-0.005712	-0.053407	 0.000000	 0.000000	-0.000048
 0.0940	-0.005997	-0.037702	 0.000000	 0.000000	-0.000052
 0.1010	-0.006180	-0.020708	 0.000000	 0.000000	-0.000056
 0.1079	-0.006249	-0.001398	 0.000000	 0.000000	-0.000060
 0.1149	-0.006196	 0.018360	 0.000000	 0.000000	-0.000064
 0.1219	-0.006020	 0.038093	 0.000000	 0.000000	-0.000067
 0.1288	-0.005722	 0.057332	 0.000000	 0.000000	-0.000071
 0.1358	-0.005306	 0.075626	 0.000000	 0.000000	-0.000075
 0.1399	-0.005009	 0.085796	 0.000000	 0.000000	-0.000077
 0.1497	-0.004155	 0.107708	 0.000000	 0.000000	-0.000083
 0.1567	-0.003441	 0.120756	 0.000000	 0.000000	-0.000087
 0.1636	-0.002653	 0.131394	 0.000000	 0.000000	-0.000090
 0.1706	-0.001806	 0.139378	 0.000000	 0.000000	-0.000094
 0.1776	-0.000919	 0.144529	 0.000000	 0.000000	-0.000098
 0.1845	-0.000009	 0.146733	 0.000000	 0.000000	-0.000102
 0.1915	 0.000906	 0.145944	 0.000000	 0.000000	-0.000106
 0.1985	 0.001807	 0.142189	 0.000000	 0.000000	-0.000110
 0.2054	 0.002673	 0.135032	 0.000000	 0.000000	-0.000114
 0.2124	 0.003486	 0.124857	 0.000000	 0.000000	-0.000117
 0.2194	 0.004226	 0.111845	 0.000000	 0.000000	-0.000121
 0.2263	 0.004876	 0.096245	 0.000000	 0.000000	-0.000125
 0.2333	 0.005422	 0.078368	 0.000000	 0.000000	-0.000129
 0.2403	 0.005850	 0.058581	 0.000000	 0.000000	-0.000133
 0.2472	 0.006150	 0.037300	 0.000000	 0.000000	-0.000137
 0.2507	 0.006249	 0.026241	 0.000000	 0.000000	-0.000139
 0.3203	 0.001239	-0.156555	 0.000000	 0.000000	-0.000177
 0.3797	-0.006248	-0.083018	 0.000000	 0.000000	-0.000210
 0.4248	-0.006059	 0.091739	 0.000000	 0.000000	-0.000235
 0.4596	-0.001522	 0.183699	 0.000000	 0.000000	-0.000254
 0.4866	 0.003052	 0.181756	 0.000000	 0.000000	-0.000269
 0.5137	 0.006690	 0.108836	 0.000000	 0.000000	-0.000284
 0.5407	 0.007832	-0.017702	 0.000000	 0.000000	-0.000299
 0.5677	 0.005772	-0.146550	 0.000000	 0.000000	-0.000314
 0.5947	 0.001123	-0.223678	 0.000000	 0.000000	-0.000329
 0.6217	-0.004327	-0.208969	 0.000000	 0.000000	-0.000344
 0.6488	-0.008187	-0.097256	 0.000000	 0.000000	-0.000359
 0.6758	-0.008580	 0.066285	 0.000000	 0.000000	-0.000374
 0.7028	-0.005105	 0.209627	 0.000000	 0.000000	-0.000389
 0.7298	 0.000966	 0.270233	 0.000000	 0.000000	-0.000404
 0.7568	 0.006912	 0.200378	 0.000000	 0.000000	-0.000418
 0.7839	 0.009861	 0.033103	 0.000000	 0.000000	-0.000433
 0.8109	 0.008344	-0.153127	 0.000000	 0.000000	-0.000448
 0.8379	 0.002756	-0.287833	 0.000000	 0.000000	-0.000463
 0.8649	-0.004438	-0.281013	 0.000000	 0.000000	-0.000478
 0.8919	-0.009701	-0.135007	 0.000000	 0.000000	-0.000493
 0.9189	-0.010723	 0.052049	 0.000000	 0.000000	-0.000508
 0.9460	-0.007538	 0.194354	 0.000000	 0.000000	-0.000523
 0.9730	-0.002461	 0.195304	 0.000000	 0.000000	-0.000538
 1.0000	 0.000315	-0.000577	 0.000000	 0.000000	-0.000553


 -------- Mode No.  20  (freq = 0.94535E+02 Hz)

span_loc	s-s disp	s-s slope	f-a disp	f-a slope	twist

 0.0000	 0.000000	 0.000000	 0.000000	 0.000000	 0.000000
 0.0035	 0.000000	 0.000000	 0.000025	 0.015530	 0.000000
 0.0104	 0.000000	 0.000000	 0.000209	 0.042543	 0.000000
 0.0174	 0.000000	 0.000000	 0.000544	 0.064172	 0.000000
 0.0244	 0.000000	 0.000000	 0.000998	 0.080464	 0.000000
 0.0313	 0.000000	 0.000000	 0.001538	 0.091516	 0.000000
 0.0383	 0.000000	 0.000000	 0.002130	 0.097488	 0.000000
 0.0453	 0.000000	 0.000000	 0.002744	 0.098609	 0.000000
 0.0522	 0.000000	 0.000000	 0.003351	 0.095184	 0.000000
 0.0592	 0.000000	 0.000000	 0.003924	 0.087597	 0.000000
 0.0662	 0.000000	 0.000000	 0.004437	 0.076302	 0.000000
 0.0731	 0.000000	 0.000000	 0.004869	 0.061824	 0.000000
 0.0801	 0.000000	 0.000000	 0.005203	 0.044747	 0.000000
 0.0870	 0.000000	 0.000000	 0.005424	 0.025702	 0.000000
 0.0940	 0.000000	 0.000000	 0.005521	 0.005355	 0.000000
 0.1010	 0.000000	 0.000000	 0.005489	-0.015608	 0.000000
 0.1079	 0.000000	 0.000000	 0.005321	-0.038247	 0.000000
 0.1149	 0.000000	 0.000000	 0.005013	-0.060161	 0.000000
 0.1219	 0.000000	 0.000000	 0.004573	-0.080698	 0.000000
 0.1288	 0.000000	 0.000000	 0.004010	-0.099251	 0.000000
 0.1358	 0.000000	 0.000000	 0.003339	-0.115274	 0.000000
 0.1399	 0.000000	 0.000000	 0.002900	-0.123341	 0.000000
 0.1497	 0.000000	 0.000000	 0.001745	-0.137931	 0.000000
 0.1567	 0.000000	 0.000000	 0.000864	-0.143899	 0.000000
 0.1636	 0.000000	 0.000000	-0.000043	-0.146023	 0.000000
 0.1706	 0.000000	 0.000000	-0.000950	-0.144237	 0.000000
 0.1776	 0.000000	 0.000000	-0.001835	-0.138594	 0.000000
 0.1845	 0.000000	 0.000000	-0.002672	-0.129258	 0.000000
 0.1915	 0.000000	 0.000000	-0.003441	-0.116503	 0.000000
 0.1985	 0.000000	 0.000000	-0.004120	-0.100707	 0.000000
 0.2054	 0.000000	 0.000000	-0.004688	-0.080873	 0.000000
 0.2124	 0.000000	 0.000000	-0.005124	-0.058636	 0.000000
 0.2194	 0.000000	 0.000000	-0.005416	-0.034583	 0.000000
 0.2263	 0.000000	 0.000000	-0.005553	-0.009365	 0.000000
 0.2333	 0.000000	 0.000000	-0.005531	 0.016325	 0.000000
 0.2403	 0.000000	 0.000000	-0.005350	 0.041763	 0.000000
 0.2472	 0.000000	 0.000000	-0.005012	 0.066224	 0.000000
 0.2507	 0.000000	 0.000000	-0.004787	 0.077863	 0.000000
 0.3203	 0.000000	 0.000000	 0.003856	 0.129694	 0.000000
 0.3797	 0.000000	 0.000000	 0.005012	-0.095099	 0.000000
 0.4248	 0.000000	 0.000000	-0.001297	-0.181216	 0.000000
 0.4596	 0.000000	 0.000000	-0.005858	-0.090801	 0.000000
 0.4866	 0.000000	 0.000000	-0.006476	 0.042052	 0.000000
 0.5137	 0.000000	 0.000000	-0.003874	 0.163694	 0.000000
 0.5407	 0.000000	 0.000000	 0.000908	 0.213466	 0.000000
 0.5677	 0.000000	 0.000000	 0.005555	 0.152912	 0.000000
 0.5947	 0.000000	 0.000000	 0.007557	 0.005082	 0.000000
 0.6217	 0.000000	 0.000000	 0.005510	-0.165682	 0.000000
 0.6488	 0.000000	 0.000000	 0.000212	-0.250469	 0.000000
 0.6758	 0.000000	 0.000000	-0.005487	-0.197213	 0.000000
 0.7028	 0.000000	 0.000000	-0.008369	-0.029720	 0.000000
 0.7298	 0.000000	 0.000000	-0.006455	 0.178739	 0.000000
 0.7568	 0.000000	 0.000000	-0.000559	 0.282878	 0.000000
 0.7839	 0.000000	 0.000000	 0.005891	 0.222639	 0.000000
 0.8109	 0.000000	 0.000000	 0.009156	 0.034415	 0.000000
 0.8379	 0.000000	 0.000000	 0.007046	-0.197924	 0.000000
 0.8649	 0.000000	 0.000000	 0.000560	-0.308374	 0.000000
 0.8919	 0.000000	 0.000000	-0.006310	-0.227491	 0.000000
 0.9189	 0.000000	 0.000000	-0.009557	-0.028911	 0.000000
 0.9460	 0.000000	 0.000000	-0.007733	 0.165399	 0.000000
 0.9730	 0.000000	 0.000000	-0.002798	 0.206315	 0.000000
 1.0000	 0.000000	 0.000000	 0.000235	-0.000473	 0.000000
=================================================================================
