Results generated by BModes (v3.00.00, 20-Mar-2008, compiled using double precision) on 30-Aug-2023 at 13:49:06.
RAAW-GE Tower                                                                                      
=================================================================================

            tower frequencies & mode shapes
            --- only first  20 modes printed


 -------- Mode No.   1  (freq = 0.77188E+00 Hz)

span_loc	s-s disp	s-s slope	f-a disp	f-a slope	twist

 0.0000	 0.000000	 0.000000	 0.000000	 0.000000	 0.000000
 0.0035	 0.000002	 0.001184	 0.000000	 0.000000	 0.000000
 0.0104	 0.000017	 0.003535	 0.000000	 0.000000	 0.000000
 0.0174	 0.000046	 0.005863	 0.000000	 0.000000	 0.000000
 0.0244	 0.000090	 0.008166	 0.000000	 0.000000	 0.000000
 0.0313	 0.000148	 0.010446	 0.000000	 0.000000	 0.000000
 0.0383	 0.000220	 0.012701	 0.000000	 0.000000	 0.000000
 0.0453	 0.000306	 0.014933	 0.000000	 0.000000	 0.000000
 0.0522	 0.000406	 0.017141	 0.000000	 0.000000	 0.000000
 0.0592	 0.000520	 0.019326	 0.000000	 0.000000	 0.000000
 0.0662	 0.000647	 0.021486	 0.000000	 0.000000	 0.000000
 0.0731	 0.000788	 0.023623	 0.000000	 0.000000	 0.000000
 0.0801	 0.000942	 0.025736	 0.000000	 0.000000	 0.000000
 0.0870	 0.001109	 0.027825	 0.000000	 0.000000	 0.000000
 0.0940	 0.001290	 0.029890	 0.000000	 0.000000	 0.000000
 0.1010	 0.001482	 0.031932	 0.000000	 0.000000	 0.000000
 0.1079	 0.001689	 0.034118	 0.000000	 0.000000	 0.000000
 0.1149	 0.001908	 0.036281	 0.000000	 0.000000	 0.000000
 0.1219	 0.002141	 0.038423	 0.000000	 0.000000	 0.000000
 0.1288	 0.002388	 0.040541	 0.000000	 0.000000	 0.000000
 0.1358	 0.002647	 0.042637	 0.000000	 0.000000	 0.000000
 0.1399	 0.002806	 0.043863	 0.000000	 0.000000	 0.000000
 0.1497	 0.003205	 0.046762	 0.000000	 0.000000	 0.000000
 0.1567	 0.003503	 0.048790	 0.000000	 0.000000	 0.000000
 0.1636	 0.003814	 0.050795	 0.000000	 0.000000	 0.000000
 0.1706	 0.004137	 0.052778	 0.000000	 0.000000	 0.000000
 0.1776	 0.004473	 0.054738	 0.000000	 0.000000	 0.000000
 0.1845	 0.004820	 0.056675	 0.000000	 0.000000	 0.000000
 0.1915	 0.005180	 0.058589	 0.000000	 0.000000	 0.000000
 0.1985	 0.005552	 0.060480	 0.000000	 0.000000	 0.000000
 0.2054	 0.005935	 0.062497	 0.000000	 0.000000	 0.000000
 0.2124	 0.006332	 0.064505	 0.000000	 0.000000	 0.000000
 0.2194	 0.006740	 0.066505	 0.000000	 0.000000	 0.000000
 0.2263	 0.007162	 0.068496	 0.000000	 0.000000	 0.000000
 0.2333	 0.007595	 0.070479	 0.000000	 0.000000	 0.000000
 0.2403	 0.008041	 0.072452	 0.000000	 0.000000	 0.000000
 0.2472	 0.008499	 0.074417	 0.000000	 0.000000	 0.000000
 0.2507	 0.008733	 0.075395	 0.000000	 0.000000	 0.000000
 0.3203	 0.014049	 0.094476	 0.000000	 0.000000	 0.000000
 0.3797	 0.019523	 0.110859	 0.000000	 0.000000	 0.000000
 0.4248	 0.024262	 0.123460	 0.000000	 0.000000	 0.000000
 0.4596	 0.028264	 0.132897	 0.000000	 0.000000	 0.000000
 0.4866	 0.031570	 0.140040	 0.000000	 0.000000	 0.000000
 0.5137	 0.035047	 0.147023	 0.000000	 0.000000	 0.000000
 0.5407	 0.038695	 0.154185	 0.000000	 0.000000	 0.000000
 0.5677	 0.042514	 0.161141	 0.000000	 0.000000	 0.000000
 0.5947	 0.046499	 0.167890	 0.000000	 0.000000	 0.000000
 0.6217	 0.050649	 0.174824	 0.000000	 0.000000	 0.000000
 0.6488	 0.054961	 0.181234	 0.000000	 0.000000	 0.000000
 0.6758	 0.059422	 0.187113	 0.000000	 0.000000	 0.000000
 0.7028	 0.064019	 0.192458	 0.000000	 0.000000	 0.000000
 0.7298	 0.068746	 0.197788	 0.000000	 0.000000	 0.000000
 0.7568	 0.073591	 0.202308	 0.000000	 0.000000	 0.000000
 0.7839	 0.078537	 0.206062	 0.000000	 0.000000	 0.000000
 0.8109	 0.083564	 0.209101	 0.000000	 0.000000	 0.000000
 0.8379	 0.088662	 0.211844	 0.000000	 0.000000	 0.000000
 0.8649	 0.093817	 0.213899	 0.000000	 0.000000	 0.000000
 0.8919	 0.099014	 0.215336	 0.000000	 0.000000	 0.000000
 0.9189	 0.104238	 0.216124	 0.000000	 0.000000	 0.000000
 0.9460	 0.109477	 0.216537	 0.000000	 0.000000	 0.000000
 0.9730	 0.114722	 0.216693	 0.000000	 0.000000	 0.000000
 1.0000	 0.119969	 0.216716	 0.000000	 0.000000	 0.000000


 -------- Mode No.   2  (freq = 0.77188E+00 Hz)

span_loc	s-s disp	s-s slope	f-a disp	f-a slope	twist

 0.0000	 0.000000	 0.000000	 0.000000	 0.000000	 0.000000
 0.0035	 0.000000	 0.000000	 0.000002	 0.001184	 0.000000
 0.0104	 0.000000	 0.000000	 0.000017	 0.003535	 0.000000
 0.0174	 0.000000	 0.000000	 0.000046	 0.005863	 0.000000
 0.0244	 0.000000	 0.000000	 0.000090	 0.008166	 0.000000
 0.0313	 0.000000	 0.000000	 0.000148	 0.010445	 0.000000
 0.0383	 0.000000	 0.000000	 0.000220	 0.012701	 0.000000
 0.0453	 0.000000	 0.000000	 0.000306	 0.014933	 0.000000
 0.0522	 0.000000	 0.000000	 0.000406	 0.017141	 0.000000
 0.0592	 0.000000	 0.000000	 0.000520	 0.019326	 0.000000
 0.0662	 0.000000	 0.000000	 0.000647	 0.021486	 0.000000
 0.0731	 0.000000	 0.000000	 0.000788	 0.023623	 0.000000
 0.0801	 0.000000	 0.000000	 0.000942	 0.025736	 0.000000
 0.0870	 0.000000	 0.000000	 0.001109	 0.027825	 0.000000
 0.0940	 0.000000	 0.000000	 0.001289	 0.029890	 0.000000
 0.1010	 0.000000	 0.000000	 0.001482	 0.031932	 0.000000
 0.1079	 0.000000	 0.000000	 0.001689	 0.034118	 0.000000
 0.1149	 0.000000	 0.000000	 0.001908	 0.036281	 0.000000
 0.1219	 0.000000	 0.000000	 0.002141	 0.038423	 0.000000
 0.1288	 0.000000	 0.000000	 0.002388	 0.040541	 0.000000
 0.1358	 0.000000	 0.000000	 0.002647	 0.042637	 0.000000
 0.1399	 0.000000	 0.000000	 0.002806	 0.043863	 0.000000
 0.1497	 0.000000	 0.000000	 0.003205	 0.046762	 0.000000
 0.1567	 0.000000	 0.000000	 0.003503	 0.048790	 0.000000
 0.1636	 0.000000	 0.000000	 0.003814	 0.050795	 0.000000
 0.1706	 0.000000	 0.000000	 0.004137	 0.052778	 0.000000
 0.1776	 0.000000	 0.000000	 0.004473	 0.054738	 0.000000
 0.1845	 0.000000	 0.000000	 0.004820	 0.056675	 0.000000
 0.1915	 0.000000	 0.000000	 0.005180	 0.058589	 0.000000
 0.1985	 0.000000	 0.000000	 0.005552	 0.060480	 0.000000
 0.2054	 0.000000	 0.000000	 0.005935	 0.062497	 0.000000
 0.2124	 0.000000	 0.000000	 0.006332	 0.064505	 0.000000
 0.2194	 0.000000	 0.000000	 0.006740	 0.066505	 0.000000
 0.2263	 0.000000	 0.000000	 0.007162	 0.068496	 0.000000
 0.2333	 0.000000	 0.000000	 0.007595	 0.070479	 0.000000
 0.2403	 0.000000	 0.000000	 0.008041	 0.072452	 0.000000
 0.2472	 0.000000	 0.000000	 0.008499	 0.074416	 0.000000
 0.2507	 0.000000	 0.000000	 0.008733	 0.075395	 0.000000
 0.3203	 0.000000	 0.000000	 0.014049	 0.094476	 0.000000
 0.3797	 0.000000	 0.000000	 0.019523	 0.110859	 0.000000
 0.4248	 0.000000	 0.000000	 0.024262	 0.123460	 0.000000
 0.4596	 0.000000	 0.000000	 0.028264	 0.132897	 0.000000
 0.4866	 0.000000	 0.000000	 0.031570	 0.140040	 0.000000
 0.5137	 0.000000	 0.000000	 0.035047	 0.147023	 0.000000
 0.5407	 0.000000	 0.000000	 0.038695	 0.154185	 0.000000
 0.5677	 0.000000	 0.000000	 0.042514	 0.161141	 0.000000
 0.5947	 0.000000	 0.000000	 0.046499	 0.167890	 0.000000
 0.6217	 0.000000	 0.000000	 0.050649	 0.174824	 0.000000
 0.6488	 0.000000	 0.000000	 0.054961	 0.181234	 0.000000
 0.6758	 0.000000	 0.000000	 0.059422	 0.187113	 0.000000
 0.7028	 0.000000	 0.000000	 0.064019	 0.192458	 0.000000
 0.7298	 0.000000	 0.000000	 0.068746	 0.197788	 0.000000
 0.7568	 0.000000	 0.000000	 0.073591	 0.202308	 0.000000
 0.7839	 0.000000	 0.000000	 0.078537	 0.206062	 0.000000
 0.8109	 0.000000	 0.000000	 0.083564	 0.209101	 0.000000
 0.8379	 0.000000	 0.000000	 0.088662	 0.211845	 0.000000
 0.8649	 0.000000	 0.000000	 0.093817	 0.213899	 0.000000
 0.8919	 0.000000	 0.000000	 0.099014	 0.215337	 0.000000
 0.9189	 0.000000	 0.000000	 0.104238	 0.216124	 0.000000
 0.9460	 0.000000	 0.000000	 0.109477	 0.216538	 0.000000
 0.9730	 0.000000	 0.000000	 0.114722	 0.216693	 0.000000
 1.0000	 0.000000	 0.000000	 0.119969	 0.216716	 0.000000


 -------- Mode No.   3  (freq = 0.32533E+01 Hz)

span_loc	s-s disp	s-s slope	f-a disp	f-a slope	twist

 0.0000	 0.000000	 0.000000	 0.000000	 0.000000	 0.000000
 0.0035	 0.000003	 0.002174	 0.000000	 0.000000	 0.000000
 0.0104	 0.000030	 0.006432	 0.000000	 0.000000	 0.000000
 0.0174	 0.000083	 0.010572	 0.000000	 0.000000	 0.000000
 0.0244	 0.000162	 0.014594	 0.000000	 0.000000	 0.000000
 0.0313	 0.000265	 0.018497	 0.000000	 0.000000	 0.000000
 0.0383	 0.000393	 0.022282	 0.000000	 0.000000	 0.000000
 0.0453	 0.000543	 0.025948	 0.000000	 0.000000	 0.000000
 0.0522	 0.000716	 0.029496	 0.000000	 0.000000	 0.000000
 0.0592	 0.000911	 0.032926	 0.000000	 0.000000	 0.000000
 0.0662	 0.001127	 0.036238	 0.000000	 0.000000	 0.000000
 0.0731	 0.001363	 0.039432	 0.000000	 0.000000	 0.000000
 0.0801	 0.001619	 0.042508	 0.000000	 0.000000	 0.000000
 0.0870	 0.001893	 0.045467	 0.000000	 0.000000	 0.000000
 0.0940	 0.002186	 0.048308	 0.000000	 0.000000	 0.000000
 0.1010	 0.002496	 0.051033	 0.000000	 0.000000	 0.000000
 0.1079	 0.002823	 0.053858	 0.000000	 0.000000	 0.000000
 0.1149	 0.003168	 0.056561	 0.000000	 0.000000	 0.000000
 0.1219	 0.003529	 0.059143	 0.000000	 0.000000	 0.000000
 0.1288	 0.003906	 0.061603	 0.000000	 0.000000	 0.000000
 0.1358	 0.004298	 0.063942	 0.000000	 0.000000	 0.000000
 0.1399	 0.004535	 0.065264	 0.000000	 0.000000	 0.000000
 0.1497	 0.005123	 0.068256	 0.000000	 0.000000	 0.000000
 0.1567	 0.005555	 0.070232	 0.000000	 0.000000	 0.000000
 0.1636	 0.005999	 0.072088	 0.000000	 0.000000	 0.000000
 0.1706	 0.006455	 0.073824	 0.000000	 0.000000	 0.000000
 0.1776	 0.006921	 0.075441	 0.000000	 0.000000	 0.000000
 0.1845	 0.007396	 0.076940	 0.000000	 0.000000	 0.000000
 0.1915	 0.007881	 0.078322	 0.000000	 0.000000	 0.000000
 0.1985	 0.008373	 0.079586	 0.000000	 0.000000	 0.000000
 0.2054	 0.008874	 0.080826	 0.000000	 0.000000	 0.000000
 0.2124	 0.009382	 0.081950	 0.000000	 0.000000	 0.000000
 0.2194	 0.009896	 0.082958	 0.000000	 0.000000	 0.000000
 0.2263	 0.010417	 0.083850	 0.000000	 0.000000	 0.000000
 0.2333	 0.010943	 0.084623	 0.000000	 0.000000	 0.000000
 0.2403	 0.011473	 0.085279	 0.000000	 0.000000	 0.000000
 0.2472	 0.012007	 0.085814	 0.000000	 0.000000	 0.000000
 0.2507	 0.012275	 0.086038	 0.000000	 0.000000	 0.000000
 0.3203	 0.017650	 0.084239	 0.000000	 0.000000	 0.000000
 0.3797	 0.021853	 0.072386	 0.000000	 0.000000	 0.000000
 0.4248	 0.024465	 0.056270	 0.000000	 0.000000	 0.000000
 0.4596	 0.025972	 0.039965	 0.000000	 0.000000	 0.000000
 0.4866	 0.026761	 0.025060	 0.000000	 0.000000	 0.000000
 0.5137	 0.027166	 0.008264	 0.000000	 0.000000	 0.000000
 0.5407	 0.027130	-0.011264	 0.000000	 0.000000	 0.000000
 0.5677	 0.026600	-0.032490	 0.000000	 0.000000	 0.000000
 0.5947	 0.025537	-0.055282	 0.000000	 0.000000	 0.000000
 0.6217	 0.023886	-0.080951	 0.000000	 0.000000	 0.000000
 0.6488	 0.021611	-0.106764	 0.000000	 0.000000	 0.000000
 0.6758	 0.018712	-0.132336	 0.000000	 0.000000	 0.000000
 0.7028	 0.015202	-0.157272	 0.000000	 0.000000	 0.000000
 0.7298	 0.011067	-0.183780	 0.000000	 0.000000	 0.000000
 0.7568	 0.006322	-0.207622	 0.000000	 0.000000	 0.000000
 0.7839	 0.001034	-0.228529	 0.000000	 0.000000	 0.000000
 0.8109	-0.004721	-0.246317	 0.000000	 0.000000	 0.000000
 0.8379	-0.010897	-0.263106	 0.000000	 0.000000	 0.000000
 0.8649	-0.017433	-0.276207	 0.000000	 0.000000	 0.000000
 0.8919	-0.024242	-0.285744	 0.000000	 0.000000	 0.000000
 0.9189	-0.031232	-0.291172	 0.000000	 0.000000	 0.000000
 0.9460	-0.038323	-0.294131	 0.000000	 0.000000	 0.000000
 0.9730	-0.045461	-0.295285	 0.000000	 0.000000	 0.000000
 1.0000	-0.052614	-0.295458	 0.000000	 0.000000	 0.000000


 -------- Mode No.   4  (freq = 0.32533E+01 Hz)

span_loc	s-s disp	s-s slope	f-a disp	f-a slope	twist

 0.0000	 0.000000	 0.000000	 0.000000	 0.000000	 0.000000
 0.0035	 0.000000	 0.000000	 0.000003	 0.002174	 0.000000
 0.0104	 0.000000	 0.000000	 0.000030	 0.006432	 0.000000
 0.0174	 0.000000	 0.000000	 0.000083	 0.010572	 0.000000
 0.0244	 0.000000	 0.000000	 0.000162	 0.014594	 0.000000
 0.0313	 0.000000	 0.000000	 0.000265	 0.018497	 0.000000
 0.0383	 0.000000	 0.000000	 0.000393	 0.022282	 0.000000
 0.0453	 0.000000	 0.000000	 0.000543	 0.025948	 0.000000
 0.0522	 0.000000	 0.000000	 0.000716	 0.029496	 0.000000
 0.0592	 0.000000	 0.000000	 0.000911	 0.032926	 0.000000
 0.0662	 0.000000	 0.000000	 0.001127	 0.036238	 0.000000
 0.0731	 0.000000	 0.000000	 0.001363	 0.039432	 0.000000
 0.0801	 0.000000	 0.000000	 0.001619	 0.042508	 0.000000
 0.0870	 0.000000	 0.000000	 0.001893	 0.045467	 0.000000
 0.0940	 0.000000	 0.000000	 0.002186	 0.048308	 0.000000
 0.1010	 0.000000	 0.000000	 0.002496	 0.051033	 0.000000
 0.1079	 0.000000	 0.000000	 0.002823	 0.053858	 0.000000
 0.1149	 0.000000	 0.000000	 0.003168	 0.056561	 0.000000
 0.1219	 0.000000	 0.000000	 0.003529	 0.059143	 0.000000
 0.1288	 0.000000	 0.000000	 0.003906	 0.061603	 0.000000
 0.1358	 0.000000	 0.000000	 0.004298	 0.063941	 0.000000
 0.1399	 0.000000	 0.000000	 0.004535	 0.065264	 0.000000
 0.1497	 0.000000	 0.000000	 0.005123	 0.068256	 0.000000
 0.1567	 0.000000	 0.000000	 0.005555	 0.070232	 0.000000
 0.1636	 0.000000	 0.000000	 0.005999	 0.072088	 0.000000
 0.1706	 0.000000	 0.000000	 0.006455	 0.073824	 0.000000
 0.1776	 0.000000	 0.000000	 0.006921	 0.075441	 0.000000
 0.1845	 0.000000	 0.000000	 0.007396	 0.076940	 0.000000
 0.1915	 0.000000	 0.000000	 0.007881	 0.078322	 0.000000
 0.1985	 0.000000	 0.000000	 0.008373	 0.079586	 0.000000
 0.2054	 0.000000	 0.000000	 0.008874	 0.080826	 0.000000
 0.2124	 0.000000	 0.000000	 0.009382	 0.081950	 0.000000
 0.2194	 0.000000	 0.000000	 0.009896	 0.082958	 0.000000
 0.2263	 0.000000	 0.000000	 0.010417	 0.083850	 0.000000
 0.2333	 0.000000	 0.000000	 0.010943	 0.084623	 0.000000
 0.2403	 0.000000	 0.000000	 0.011473	 0.085278	 0.000000
 0.2472	 0.000000	 0.000000	 0.012007	 0.085814	 0.000000
 0.2507	 0.000000	 0.000000	 0.012275	 0.086038	 0.000000
 0.3203	 0.000000	 0.000000	 0.017650	 0.084239	 0.000000
 0.3797	 0.000000	 0.000000	 0.021853	 0.072386	 0.000000
 0.4248	 0.000000	 0.000000	 0.024465	 0.056270	 0.000000
 0.4596	 0.000000	 0.000000	 0.025972	 0.039965	 0.000000
 0.4866	 0.000000	 0.000000	 0.026761	 0.025060	 0.000000
 0.5137	 0.000000	 0.000000	 0.027166	 0.008264	 0.000000
 0.5407	 0.000000	 0.000000	 0.027130	-0.011264	 0.000000
 0.5677	 0.000000	 0.000000	 0.026600	-0.032490	 0.000000
 0.5947	 0.000000	 0.000000	 0.025537	-0.055282	 0.000000
 0.6217	 0.000000	 0.000000	 0.023886	-0.080951	 0.000000
 0.6488	 0.000000	 0.000000	 0.021611	-0.106764	 0.000000
 0.6758	 0.000000	 0.000000	 0.018712	-0.132336	 0.000000
 0.7028	 0.000000	 0.000000	 0.015202	-0.157272	 0.000000
 0.7298	 0.000000	 0.000000	 0.011067	-0.183780	 0.000000
 0.7568	 0.000000	 0.000000	 0.006322	-0.207622	 0.000000
 0.7839	 0.000000	 0.000000	 0.001034	-0.228529	 0.000000
 0.8109	 0.000000	 0.000000	-0.004721	-0.246317	 0.000000
 0.8379	 0.000000	 0.000000	-0.010897	-0.263106	 0.000000
 0.8649	 0.000000	 0.000000	-0.017433	-0.276207	 0.000000
 0.8919	 0.000000	 0.000000	-0.024242	-0.285744	 0.000000
 0.9189	 0.000000	 0.000000	-0.031232	-0.291172	 0.000000
 0.9460	 0.000000	 0.000000	-0.038323	-0.294131	 0.000000
 0.9730	 0.000000	 0.000000	-0.045461	-0.295285	 0.000000
 1.0000	 0.000000	 0.000000	-0.052614	-0.295458	 0.000000


 -------- Mode No.   5  (freq = 0.83899E+01 Hz)

span_loc	s-s disp	s-s slope	f-a disp	f-a slope	twist

 0.0000	 0.000000	 0.000000	 0.000000	 0.000000	 0.000000
 0.0035	-0.000006	-0.003707	 0.000000	 0.000000	 0.000000
 0.0104	-0.000051	-0.010859	 0.000000	 0.000000	 0.000000
 0.0174	-0.000141	-0.017662	 0.000000	 0.000000	 0.000000
 0.0244	-0.000271	-0.024117	 0.000000	 0.000000	 0.000000
 0.0313	-0.000441	-0.030224	 0.000000	 0.000000	 0.000000
 0.0383	-0.000648	-0.035982	 0.000000	 0.000000	 0.000000
 0.0453	-0.000889	-0.041393	 0.000000	 0.000000	 0.000000
 0.0522	-0.001164	-0.046458	 0.000000	 0.000000	 0.000000
 0.0592	-0.001468	-0.051177	 0.000000	 0.000000	 0.000000
 0.0662	-0.001802	-0.055551	 0.000000	 0.000000	 0.000000
 0.0731	-0.002161	-0.059583	 0.000000	 0.000000	 0.000000
 0.0801	-0.002544	-0.063273	 0.000000	 0.000000	 0.000000
 0.0870	-0.002950	-0.066626	 0.000000	 0.000000	 0.000000
 0.0940	-0.003375	-0.069642	 0.000000	 0.000000	 0.000000
 0.1010	-0.003818	-0.072326	 0.000000	 0.000000	 0.000000
 0.1079	-0.004278	-0.074877	 0.000000	 0.000000	 0.000000
 0.1149	-0.004752	-0.077079	 0.000000	 0.000000	 0.000000
 0.1219	-0.005239	-0.078935	 0.000000	 0.000000	 0.000000
 0.1288	-0.005737	-0.080449	 0.000000	 0.000000	 0.000000
 0.1358	-0.006243	-0.081626	 0.000000	 0.000000	 0.000000
 0.1399	-0.006544	-0.082164	 0.000000	 0.000000	 0.000000
 0.1497	-0.007271	-0.082988	 0.000000	 0.000000	 0.000000
 0.1567	-0.007790	-0.083183	 0.000000	 0.000000	 0.000000
 0.1636	-0.008309	-0.083065	 0.000000	 0.000000	 0.000000
 0.1706	-0.008826	-0.082638	 0.000000	 0.000000	 0.000000
 0.1776	-0.009339	-0.081912	 0.000000	 0.000000	 0.000000
 0.1845	-0.009848	-0.080893	 0.000000	 0.000000	 0.000000
 0.1915	-0.010348	-0.079592	 0.000000	 0.000000	 0.000000
 0.1985	-0.010840	-0.078016	 0.000000	 0.000000	 0.000000
 0.2054	-0.011321	-0.076030	 0.000000	 0.000000	 0.000000
 0.2124	-0.011789	-0.073750	 0.000000	 0.000000	 0.000000
 0.2194	-0.012241	-0.071182	 0.000000	 0.000000	 0.000000
 0.2263	-0.012676	-0.068334	 0.000000	 0.000000	 0.000000
 0.2333	-0.013093	-0.065211	 0.000000	 0.000000	 0.000000
 0.2403	-0.013490	-0.061823	 0.000000	 0.000000	 0.000000
 0.2472	-0.013864	-0.058177	 0.000000	 0.000000	 0.000000
 0.2507	-0.014043	-0.056260	 0.000000	 0.000000	 0.000000
 0.3203	-0.016090	-0.007132	 0.000000	 0.000000	 0.000000
 0.3797	-0.015004	 0.047668	 0.000000	 0.000000	 0.000000
 0.4248	-0.012170	 0.091378	 0.000000	 0.000000	 0.000000
 0.4596	-0.008833	 0.121343	 0.000000	 0.000000	 0.000000
 0.4866	-0.005651	 0.140511	 0.000000	 0.000000	 0.000000
 0.5137	-0.002062	 0.154818	 0.000000	 0.000000	 0.000000
 0.5407	 0.001808	 0.163545	 0.000000	 0.000000	 0.000000
 0.5677	 0.005800	 0.164885	 0.000000	 0.000000	 0.000000
 0.5947	 0.009724	 0.157960	 0.000000	 0.000000	 0.000000
 0.6217	 0.013361	 0.141111	 0.000000	 0.000000	 0.000000
 0.6488	 0.016481	 0.115387	 0.000000	 0.000000	 0.000000
 0.6758	 0.018876	 0.081538	 0.000000	 0.000000	 0.000000
 0.7028	 0.020364	 0.040741	 0.000000	 0.000000	 0.000000
 0.7298	 0.020734	-0.010479	 0.000000	 0.000000	 0.000000
 0.7568	 0.019840	-0.063295	 0.000000	 0.000000	 0.000000
 0.7839	 0.017672	-0.115226	 0.000000	 0.000000	 0.000000
 0.8109	 0.014283	-0.163855	 0.000000	 0.000000	 0.000000
 0.8379	 0.009697	-0.213587	 0.000000	 0.000000	 0.000000
 0.8649	 0.004003	-0.255190	 0.000000	 0.000000	 0.000000
 0.8919	-0.002586	-0.287411	 0.000000	 0.000000	 0.000000
 0.9189	-0.009798	-0.306818	 0.000000	 0.000000	 0.000000
 0.9460	-0.017378	-0.317940	 0.000000	 0.000000	 0.000000
 0.9730	-0.025142	-0.322466	 0.000000	 0.000000	 0.000000
 1.0000	-0.032962	-0.323169	 0.000000	 0.000000	 0.000000


 -------- Mode No.   6  (freq = 0.83899E+01 Hz)

span_loc	s-s disp	s-s slope	f-a disp	f-a slope	twist

 0.0000	 0.000000	 0.000000	 0.000000	 0.000000	 0.000000
 0.0035	 0.000000	 0.000000	 0.000006	 0.003707	 0.000000
 0.0104	 0.000000	 0.000000	 0.000051	 0.010859	 0.000000
 0.0174	 0.000000	 0.000000	 0.000141	 0.017662	 0.000000
 0.0244	 0.000000	 0.000000	 0.000271	 0.024117	 0.000000
 0.0313	 0.000000	 0.000000	 0.000441	 0.030224	 0.000000
 0.0383	 0.000000	 0.000000	 0.000648	 0.035982	 0.000000
 0.0453	 0.000000	 0.000000	 0.000889	 0.041393	 0.000000
 0.0522	 0.000000	 0.000000	 0.001164	 0.046458	 0.000000
 0.0592	 0.000000	 0.000000	 0.001468	 0.051177	 0.000000
 0.0662	 0.000000	 0.000000	 0.001802	 0.055551	 0.000000
 0.0731	 0.000000	 0.000000	 0.002161	 0.059583	 0.000000
 0.0801	 0.000000	 0.000000	 0.002544	 0.063273	 0.000000
 0.0870	 0.000000	 0.000000	 0.002950	 0.066626	 0.000000
 0.0940	 0.000000	 0.000000	 0.003375	 0.069642	 0.000000
 0.1010	 0.000000	 0.000000	 0.003818	 0.072326	 0.000000
 0.1079	 0.000000	 0.000000	 0.004278	 0.074877	 0.000000
 0.1149	 0.000000	 0.000000	 0.004752	 0.077079	 0.000000
 0.1219	 0.000000	 0.000000	 0.005239	 0.078935	 0.000000
 0.1288	 0.000000	 0.000000	 0.005737	 0.080449	 0.000000
 0.1358	 0.000000	 0.000000	 0.006243	 0.081626	 0.000000
 0.1399	 0.000000	 0.000000	 0.006544	 0.082164	 0.000000
 0.1497	 0.000000	 0.000000	 0.007271	 0.082988	 0.000000
 0.1567	 0.000000	 0.000000	 0.007790	 0.083183	 0.000000
 0.1636	 0.000000	 0.000000	 0.008309	 0.083065	 0.000000
 0.1706	 0.000000	 0.000000	 0.008826	 0.082638	 0.000000
 0.1776	 0.000000	 0.000000	 0.009339	 0.081912	 0.000000
 0.1845	 0.000000	 0.000000	 0.009848	 0.080893	 0.000000
 0.1915	 0.000000	 0.000000	 0.010348	 0.079592	 0.000000
 0.1985	 0.000000	 0.000000	 0.010840	 0.078016	 0.000000
 0.2054	 0.000000	 0.000000	 0.011321	 0.076030	 0.000000
 0.2124	 0.000000	 0.000000	 0.011789	 0.073750	 0.000000
 0.2194	 0.000000	 0.000000	 0.012241	 0.071182	 0.000000
 0.2263	 0.000000	 0.000000	 0.012676	 0.068334	 0.000000
 0.2333	 0.000000	 0.000000	 0.013093	 0.065211	 0.000000
 0.2403	 0.000000	 0.000000	 0.013490	 0.061823	 0.000000
 0.2472	 0.000000	 0.000000	 0.013864	 0.058177	 0.000000
 0.2507	 0.000000	 0.000000	 0.014043	 0.056260	 0.000000
 0.3203	 0.000000	 0.000000	 0.016090	 0.007132	 0.000000
 0.3797	 0.000000	 0.000000	 0.015004	-0.047668	 0.000000
 0.4248	 0.000000	 0.000000	 0.012170	-0.091378	 0.000000
 0.4596	 0.000000	 0.000000	 0.008833	-0.121343	 0.000000
 0.4866	 0.000000	 0.000000	 0.005651	-0.140511	 0.000000
 0.5137	 0.000000	 0.000000	 0.002062	-0.154818	 0.000000
 0.5407	 0.000000	 0.000000	-0.001808	-0.163545	 0.000000
 0.5677	 0.000000	 0.000000	-0.005800	-0.164885	 0.000000
 0.5947	 0.000000	 0.000000	-0.009724	-0.157960	 0.000000
 0.6217	 0.000000	 0.000000	-0.013361	-0.141111	 0.000000
 0.6488	 0.000000	 0.000000	-0.016481	-0.115387	 0.000000
 0.6758	 0.000000	 0.000000	-0.018876	-0.081538	 0.000000
 0.7028	 0.000000	 0.000000	-0.020364	-0.040741	 0.000000
 0.7298	 0.000000	 0.000000	-0.020734	 0.010479	 0.000000
 0.7568	 0.000000	 0.000000	-0.019840	 0.063295	 0.000000
 0.7839	 0.000000	 0.000000	-0.017672	 0.115226	 0.000000
 0.8109	 0.000000	 0.000000	-0.014283	 0.163855	 0.000000
 0.8379	 0.000000	 0.000000	-0.009697	 0.213587	 0.000000
 0.8649	 0.000000	 0.000000	-0.004003	 0.255190	 0.000000
 0.8919	 0.000000	 0.000000	 0.002586	 0.287411	 0.000000
 0.9189	 0.000000	 0.000000	 0.009798	 0.306818	 0.000000
 0.9460	 0.000000	 0.000000	 0.017378	 0.317940	 0.000000
 0.9730	 0.000000	 0.000000	 0.025142	 0.322466	 0.000000
 1.0000	 0.000000	 0.000000	 0.032962	 0.323169	 0.000000


 -------- Mode No.   7  (freq = 0.16167E+02 Hz)

span_loc	s-s disp	s-s slope	f-a disp	f-a slope	twist

 0.0000	 0.000000	 0.000000	 0.000000	 0.000000	 0.000000
 0.0035	-0.000009	-0.005466	 0.000000	 0.000000	 0.000000
 0.0104	-0.000075	-0.015842	 0.000000	 0.000000	 0.000000
 0.0174	-0.000205	-0.025480	 0.000000	 0.000000	 0.000000
 0.0244	-0.000392	-0.034380	 0.000000	 0.000000	 0.000000
 0.0313	-0.000632	-0.042542	 0.000000	 0.000000	 0.000000
 0.0383	-0.000921	-0.049969	 0.000000	 0.000000	 0.000000
 0.0453	-0.001254	-0.056663	 0.000000	 0.000000	 0.000000
 0.0522	-0.001627	-0.062628	 0.000000	 0.000000	 0.000000
 0.0592	-0.002035	-0.067870	 0.000000	 0.000000	 0.000000
 0.0662	-0.002473	-0.072396	 0.000000	 0.000000	 0.000000
 0.0731	-0.002937	-0.076213	 0.000000	 0.000000	 0.000000
 0.0801	-0.003422	-0.079332	 0.000000	 0.000000	 0.000000
 0.0870	-0.003925	-0.081764	 0.000000	 0.000000	 0.000000
 0.0940	-0.004441	-0.083522	 0.000000	 0.000000	 0.000000
 0.1010	-0.004966	-0.084623	 0.000000	 0.000000	 0.000000
 0.1079	-0.005496	-0.085121	 0.000000	 0.000000	 0.000000
 0.1149	-0.006027	-0.084943	 0.000000	 0.000000	 0.000000
 0.1219	-0.006555	-0.084110	 0.000000	 0.000000	 0.000000
 0.1288	-0.007076	-0.082642	 0.000000	 0.000000	 0.000000
 0.1358	-0.007585	-0.080561	 0.000000	 0.000000	 0.000000
 0.1399	-0.007879	-0.079058	 0.000000	 0.000000	 0.000000
 0.1497	-0.008556	-0.074668	 0.000000	 0.000000	 0.000000
 0.1567	-0.009011	-0.070910	 0.000000	 0.000000	 0.000000
 0.1636	-0.009440	-0.066653	 0.000000	 0.000000	 0.000000
 0.1706	-0.009842	-0.061929	 0.000000	 0.000000	 0.000000
 0.1776	-0.010212	-0.056772	 0.000000	 0.000000	 0.000000
 0.1845	-0.010549	-0.051218	 0.000000	 0.000000	 0.000000
 0.1915	-0.010851	-0.045304	 0.000000	 0.000000	 0.000000
 0.1985	-0.011114	-0.039069	 0.000000	 0.000000	 0.000000
 0.2054	-0.011336	-0.032033	 0.000000	 0.000000	 0.000000
 0.2124	-0.011513	-0.024675	 0.000000	 0.000000	 0.000000
 0.2194	-0.011643	-0.017031	 0.000000	 0.000000	 0.000000
 0.2263	-0.011725	-0.009140	 0.000000	 0.000000	 0.000000
 0.2333	-0.011757	-0.001042	 0.000000	 0.000000	 0.000000
 0.2403	-0.011738	 0.007223	 0.000000	 0.000000	 0.000000
 0.2472	-0.011666	 0.015613	 0.000000	 0.000000	 0.000000
 0.2507	-0.011611	 0.019840	 0.000000	 0.000000	 0.000000
 0.3203	-0.007734	 0.100262	 0.000000	 0.000000	 0.000000
 0.3797	-0.001042	 0.143675	 0.000000	 0.000000	 0.000000
 0.4248	 0.004890	 0.144459	 0.000000	 0.000000	 0.000000
 0.4596	 0.009091	 0.121772	 0.000000	 0.000000	 0.000000
 0.4866	 0.011682	 0.090717	 0.000000	 0.000000	 0.000000
 0.5137	 0.013394	 0.049733	 0.000000	 0.000000	 0.000000
 0.5407	 0.013990	-0.000826	 0.000000	 0.000000	 0.000000
 0.5677	 0.013309	-0.054868	 0.000000	 0.000000	 0.000000
 0.5947	 0.011324	-0.107746	 0.000000	 0.000000	 0.000000
 0.6217	 0.008091	-0.157023	 0.000000	 0.000000	 0.000000
 0.6488	 0.003827	-0.192152	 0.000000	 0.000000	 0.000000
 0.6758	-0.001072	-0.208984	 0.000000	 0.000000	 0.000000
 0.7028	-0.006124	-0.204749	 0.000000	 0.000000	 0.000000
 0.7298	-0.010774	-0.175565	 0.000000	 0.000000	 0.000000
 0.7568	-0.014451	-0.125106	 0.000000	 0.000000	 0.000000
 0.7839	-0.016697	-0.058417	 0.000000	 0.000000	 0.000000
 0.8109	-0.017197	 0.017798	 0.000000	 0.000000	 0.000000
 0.8379	-0.015668	 0.107881	 0.000000	 0.000000	 0.000000
 0.8649	-0.012013	 0.192231	 0.000000	 0.000000	 0.000000
 0.8919	-0.006458	 0.263810	 0.000000	 0.000000	 0.000000
 0.9189	 0.000530	 0.310346	 0.000000	 0.000000	 0.000000
 0.9460	 0.008425	 0.338720	 0.000000	 0.000000	 0.000000
 0.9730	 0.016802	 0.350843	 0.000000	 0.000000	 0.000000
 1.0000	 0.025332	 0.352796	 0.000000	 0.000000	 0.000000


 -------- Mode No.   8  (freq = 0.16167E+02 Hz)

span_loc	s-s disp	s-s slope	f-a disp	f-a slope	twist

 0.0000	 0.000000	 0.000000	 0.000000	 0.000000	 0.000000
 0.0035	 0.000000	 0.000000	-0.000009	-0.005466	 0.000000
 0.0104	 0.000000	 0.000000	-0.000075	-0.015842	 0.000000
 0.0174	 0.000000	 0.000000	-0.000205	-0.025480	 0.000000
 0.0244	 0.000000	 0.000000	-0.000392	-0.034380	 0.000000
 0.0313	 0.000000	 0.000000	-0.000632	-0.042542	 0.000000
 0.0383	 0.000000	 0.000000	-0.000921	-0.049969	 0.000000
 0.0453	 0.000000	 0.000000	-0.001254	-0.056663	 0.000000
 0.0522	 0.000000	 0.000000	-0.001627	-0.062628	 0.000000
 0.0592	 0.000000	 0.000000	-0.002035	-0.067870	 0.000000
 0.0662	 0.000000	 0.000000	-0.002473	-0.072396	 0.000000
 0.0731	 0.000000	 0.000000	-0.002937	-0.076213	 0.000000
 0.0801	 0.000000	 0.000000	-0.003422	-0.079332	 0.000000
 0.0870	 0.000000	 0.000000	-0.003925	-0.081764	 0.000000
 0.0940	 0.000000	 0.000000	-0.004441	-0.083522	 0.000000
 0.1010	 0.000000	 0.000000	-0.004966	-0.084623	 0.000000
 0.1079	 0.000000	 0.000000	-0.005496	-0.085121	 0.000000
 0.1149	 0.000000	 0.000000	-0.006027	-0.084943	 0.000000
 0.1219	 0.000000	 0.000000	-0.006555	-0.084110	 0.000000
 0.1288	 0.000000	 0.000000	-0.007076	-0.082642	 0.000000
 0.1358	 0.000000	 0.000000	-0.007585	-0.080561	 0.000000
 0.1399	 0.000000	 0.000000	-0.007879	-0.079058	 0.000000
 0.1497	 0.000000	 0.000000	-0.008556	-0.074668	 0.000000
 0.1567	 0.000000	 0.000000	-0.009011	-0.070910	 0.000000
 0.1636	 0.000000	 0.000000	-0.009440	-0.066653	 0.000000
 0.1706	 0.000000	 0.000000	-0.009842	-0.061929	 0.000000
 0.1776	 0.000000	 0.000000	-0.010212	-0.056772	 0.000000
 0.1845	 0.000000	 0.000000	-0.010549	-0.051218	 0.000000
 0.1915	 0.000000	 0.000000	-0.010851	-0.045304	 0.000000
 0.1985	 0.000000	 0.000000	-0.011114	-0.039069	 0.000000
 0.2054	 0.000000	 0.000000	-0.011336	-0.032033	 0.000000
 0.2124	 0.000000	 0.000000	-0.011513	-0.024675	 0.000000
 0.2194	 0.000000	 0.000000	-0.011643	-0.017031	 0.000000
 0.2263	 0.000000	 0.000000	-0.011725	-0.009140	 0.000000
 0.2333	 0.000000	 0.000000	-0.011757	-0.001042	 0.000000
 0.2403	 0.000000	 0.000000	-0.011738	 0.007223	 0.000000
 0.2472	 0.000000	 0.000000	-0.011666	 0.015613	 0.000000
 0.2507	 0.000000	 0.000000	-0.011611	 0.019840	 0.000000
 0.3203	 0.000000	 0.000000	-0.007734	 0.100262	 0.000000
 0.3797	 0.000000	 0.000000	-0.001042	 0.143675	 0.000000
 0.4248	 0.000000	 0.000000	 0.004890	 0.144459	 0.000000
 0.4596	 0.000000	 0.000000	 0.009091	 0.121772	 0.000000
 0.4866	 0.000000	 0.000000	 0.011682	 0.090717	 0.000000
 0.5137	 0.000000	 0.000000	 0.013394	 0.049733	 0.000000
 0.5407	 0.000000	 0.000000	 0.013990	-0.000826	 0.000000
 0.5677	 0.000000	 0.000000	 0.013309	-0.054868	 0.000000
 0.5947	 0.000000	 0.000000	 0.011324	-0.107746	 0.000000
 0.6217	 0.000000	 0.000000	 0.008091	-0.157023	 0.000000
 0.6488	 0.000000	 0.000000	 0.003827	-0.192152	 0.000000
 0.6758	 0.000000	 0.000000	-0.001072	-0.208984	 0.000000
 0.7028	 0.000000	 0.000000	-0.006124	-0.204749	 0.000000
 0.7298	 0.000000	 0.000000	-0.010774	-0.175565	 0.000000
 0.7568	 0.000000	 0.000000	-0.014451	-0.125106	 0.000000
 0.7839	 0.000000	 0.000000	-0.016697	-0.058417	 0.000000
 0.8109	 0.000000	 0.000000	-0.017197	 0.017798	 0.000000
 0.8379	 0.000000	 0.000000	-0.015668	 0.107881	 0.000000
 0.8649	 0.000000	 0.000000	-0.012013	 0.192231	 0.000000
 0.8919	 0.000000	 0.000000	-0.006458	 0.263810	 0.000000
 0.9189	 0.000000	 0.000000	 0.000530	 0.310346	 0.000000
 0.9460	 0.000000	 0.000000	 0.008425	 0.338720	 0.000000
 0.9730	 0.000000	 0.000000	 0.016802	 0.350843	 0.000000
 1.0000	 0.000000	 0.000000	 0.025332	 0.352796	 0.000000


 -------- Mode No.   9  (freq = 0.26580E+02 Hz)

span_loc	s-s disp	s-s slope	f-a disp	f-a slope	twist

 0.0000	 0.000000	 0.000000	 0.000000	 0.000000	 0.000000
 0.0035	 0.000000	 0.000000	-0.000011	-0.007179	 0.000000
 0.0104	 0.000000	 0.000000	-0.000099	-0.020585	 0.000000
 0.0174	 0.000000	 0.000000	-0.000266	-0.032722	 0.000000
 0.0244	 0.000000	 0.000000	-0.000504	-0.043592	 0.000000
 0.0313	 0.000000	 0.000000	-0.000807	-0.053199	 0.000000
 0.0383	 0.000000	 0.000000	-0.001166	-0.061549	 0.000000
 0.0453	 0.000000	 0.000000	-0.001573	-0.068652	 0.000000
 0.0522	 0.000000	 0.000000	-0.002020	-0.074521	 0.000000
 0.0592	 0.000000	 0.000000	-0.002500	-0.079175	 0.000000
 0.0662	 0.000000	 0.000000	-0.003006	-0.082635	 0.000000
 0.0731	 0.000000	 0.000000	-0.003529	-0.084929	 0.000000
 0.0801	 0.000000	 0.000000	-0.004063	-0.086090	 0.000000
 0.0870	 0.000000	 0.000000	-0.004601	-0.086155	 0.000000
 0.0940	 0.000000	 0.000000	-0.005136	-0.085167	 0.000000
 0.1010	 0.000000	 0.000000	-0.005662	-0.083174	 0.000000
 0.1079	 0.000000	 0.000000	-0.006172	-0.079984	 0.000000
 0.1149	 0.000000	 0.000000	-0.006658	-0.075815	 0.000000
 0.1219	 0.000000	 0.000000	-0.007116	-0.070729	 0.000000
 0.1288	 0.000000	 0.000000	-0.007539	-0.064791	 0.000000
 0.1358	 0.000000	 0.000000	-0.007923	-0.058071	 0.000000
 0.1399	 0.000000	 0.000000	-0.008129	-0.053773	 0.000000
 0.1497	 0.000000	 0.000000	-0.008554	-0.042590	 0.000000
 0.1567	 0.000000	 0.000000	-0.008793	-0.033988	 0.000000
 0.1636	 0.000000	 0.000000	-0.008977	-0.024926	 0.000000
 0.1706	 0.000000	 0.000000	-0.009103	-0.015490	 0.000000
 0.1776	 0.000000	 0.000000	-0.009170	-0.005769	 0.000000
 0.1845	 0.000000	 0.000000	-0.009175	 0.004145	 0.000000
 0.1915	 0.000000	 0.000000	-0.009118	 0.014162	 0.000000
 0.1985	 0.000000	 0.000000	-0.008998	 0.024189	 0.000000
 0.2054	 0.000000	 0.000000	-0.008813	 0.034928	 0.000000
 0.2124	 0.000000	 0.000000	-0.008562	 0.045577	 0.000000
 0.2194	 0.000000	 0.000000	-0.008245	 0.056045	 0.000000
 0.2263	 0.000000	 0.000000	-0.007863	 0.066242	 0.000000
 0.2333	 0.000000	 0.000000	-0.007419	 0.076079	 0.000000
 0.2403	 0.000000	 0.000000	-0.006914	 0.085469	 0.000000
 0.2472	 0.000000	 0.000000	-0.006353	 0.094328	 0.000000
 0.2507	 0.000000	 0.000000	-0.006052	 0.098532	 0.000000
 0.3203	 0.000000	 0.000000	 0.001869	 0.138822	 0.000000
 0.3797	 0.000000	 0.000000	 0.008240	 0.088381	 0.000000
 0.4248	 0.000000	 0.000000	 0.010137	 0.002535	 0.000000
 0.4596	 0.000000	 0.000000	 0.009023	-0.072595	 0.000000
 0.4866	 0.000000	 0.000000	 0.006607	-0.124693	 0.000000
 0.5137	 0.000000	 0.000000	 0.003085	-0.162734	 0.000000
 0.5407	 0.000000	 0.000000	-0.001127	-0.180811	 0.000000
 0.5677	 0.000000	 0.000000	-0.005457	-0.172326	 0.000000
 0.5947	 0.000000	 0.000000	-0.009239	-0.136105	 0.000000
 0.6217	 0.000000	 0.000000	-0.011785	-0.071269	 0.000000
 0.6488	 0.000000	 0.000000	-0.012548	 0.009135	 0.000000
 0.6758	 0.000000	 0.000000	-0.011299	 0.092665	 0.000000
 0.7028	 0.000000	 0.000000	-0.008131	 0.165258	 0.000000
 0.7298	 0.000000	 0.000000	-0.003408	 0.218684	 0.000000
 0.7568	 0.000000	 0.000000	 0.002144	 0.232997	 0.000000
 0.7839	 0.000000	 0.000000	 0.007538	 0.205879	 0.000000
 0.8109	 0.000000	 0.000000	 0.011811	 0.141859	 0.000000
 0.8379	 0.000000	 0.000000	 0.014028	 0.037875	 0.000000
 0.8649	 0.000000	 0.000000	 0.013520	-0.080390	 0.000000
 0.8919	 0.000000	 0.000000	 0.010154	-0.195275	 0.000000
 0.9189	 0.000000	 0.000000	 0.004374	-0.277876	 0.000000
 0.9460	 0.000000	 0.000000	-0.003074	-0.332129	 0.000000
 0.9730	 0.000000	 0.000000	-0.011468	-0.356610	 0.000000
 1.0000	 0.000000	 0.000000	-0.020176	-0.360704	 0.000000


 -------- Mode No.  10  (freq = 0.26580E+02 Hz)

span_loc	s-s disp	s-s slope	f-a disp	f-a slope	twist

 0.0000	 0.000000	 0.000000	 0.000000	 0.000000	 0.000000
 0.0035	-0.000011	-0.007179	 0.000000	 0.000000	 0.000000
 0.0104	-0.000099	-0.020585	 0.000000	 0.000000	 0.000000
 0.0174	-0.000266	-0.032722	 0.000000	 0.000000	 0.000000
 0.0244	-0.000504	-0.043592	 0.000000	 0.000000	 0.000000
 0.0313	-0.000807	-0.053199	 0.000000	 0.000000	 0.000000
 0.0383	-0.001166	-0.061549	 0.000000	 0.000000	 0.000000
 0.0453	-0.001573	-0.068652	 0.000000	 0.000000	 0.000000
 0.0522	-0.002020	-0.074521	 0.000000	 0.000000	 0.000000
 0.0592	-0.002500	-0.079175	 0.000000	 0.000000	 0.000000
 0.0662	-0.003006	-0.082635	 0.000000	 0.000000	 0.000000
 0.0731	-0.003529	-0.084929	 0.000000	 0.000000	 0.000000
 0.0801	-0.004063	-0.086090	 0.000000	 0.000000	 0.000000
 0.0870	-0.004601	-0.086155	 0.000000	 0.000000	 0.000000
 0.0940	-0.005136	-0.085167	 0.000000	 0.000000	 0.000000
 0.1010	-0.005662	-0.083174	 0.000000	 0.000000	 0.000000
 0.1079	-0.006172	-0.079984	 0.000000	 0.000000	 0.000000
 0.1149	-0.006658	-0.075815	 0.000000	 0.000000	 0.000000
 0.1219	-0.007116	-0.070729	 0.000000	 0.000000	 0.000000
 0.1288	-0.007539	-0.064791	 0.000000	 0.000000	 0.000000
 0.1358	-0.007923	-0.058071	 0.000000	 0.000000	 0.000000
 0.1399	-0.008129	-0.053773	 0.000000	 0.000000	 0.000000
 0.1497	-0.008554	-0.042590	 0.000000	 0.000000	 0.000000
 0.1567	-0.008793	-0.033988	 0.000000	 0.000000	 0.000000
 0.1636	-0.008977	-0.024926	 0.000000	 0.000000	 0.000000
 0.1706	-0.009103	-0.015490	 0.000000	 0.000000	 0.000000
 0.1776	-0.009170	-0.005769	 0.000000	 0.000000	 0.000000
 0.1845	-0.009175	 0.004145	 0.000000	 0.000000	 0.000000
 0.1915	-0.009118	 0.014162	 0.000000	 0.000000	 0.000000
 0.1985	-0.008998	 0.024189	 0.000000	 0.000000	 0.000000
 0.2054	-0.008813	 0.034928	 0.000000	 0.000000	 0.000000
 0.2124	-0.008562	 0.045577	 0.000000	 0.000000	 0.000000
 0.2194	-0.008245	 0.056045	 0.000000	 0.000000	 0.000000
 0.2263	-0.007863	 0.066242	 0.000000	 0.000000	 0.000000
 0.2333	-0.007419	 0.076079	 0.000000	 0.000000	 0.000000
 0.2403	-0.006914	 0.085469	 0.000000	 0.000000	 0.000000
 0.2472	-0.006353	 0.094328	 0.000000	 0.000000	 0.000000
 0.2507	-0.006052	 0.098532	 0.000000	 0.000000	 0.000000
 0.3203	 0.001869	 0.138822	 0.000000	 0.000000	 0.000000
 0.3797	 0.008240	 0.088381	 0.000000	 0.000000	 0.000000
 0.4248	 0.010137	 0.002535	 0.000000	 0.000000	 0.000000
 0.4596	 0.009023	-0.072595	 0.000000	 0.000000	 0.000000
 0.4866	 0.006607	-0.124693	 0.000000	 0.000000	 0.000000
 0.5137	 0.003085	-0.162734	 0.000000	 0.000000	 0.000000
 0.5407	-0.001127	-0.180811	 0.000000	 0.000000	 0.000000
 0.5677	-0.005457	-0.172326	 0.000000	 0.000000	 0.000000
 0.5947	-0.009239	-0.136105	 0.000000	 0.000000	 0.000000
 0.6217	-0.011785	-0.071269	 0.000000	 0.000000	 0.000000
 0.6488	-0.012548	 0.009135	 0.000000	 0.000000	 0.000000
 0.6758	-0.011299	 0.092665	 0.000000	 0.000000	 0.000000
 0.7028	-0.008131	 0.165258	 0.000000	 0.000000	 0.000000
 0.7298	-0.003408	 0.218684	 0.000000	 0.000000	 0.000000
 0.7568	 0.002144	 0.232997	 0.000000	 0.000000	 0.000000
 0.7839	 0.007538	 0.205879	 0.000000	 0.000000	 0.000000
 0.8109	 0.011811	 0.141859	 0.000000	 0.000000	 0.000000
 0.8379	 0.014028	 0.037875	 0.000000	 0.000000	 0.000000
 0.8649	 0.013520	-0.080390	 0.000000	 0.000000	 0.000000
 0.8919	 0.010154	-0.195275	 0.000000	 0.000000	 0.000000
 0.9189	 0.004374	-0.277876	 0.000000	 0.000000	 0.000000
 0.9460	-0.003074	-0.332129	 0.000000	 0.000000	 0.000000
 0.9730	-0.011468	-0.356610	 0.000000	 0.000000	 0.000000
 1.0000	-0.020176	-0.360704	 0.000000	 0.000000	 0.000000


 -------- Mode No.  11  (freq = 0.27073E+02 Hz)

span_loc	s-s disp	s-s slope	f-a disp	f-a slope	twist

 0.0000	 0.000000	 0.000000	 0.000000	 0.000000	 0.000000
 0.0035	 0.000000	 0.000000	 0.000000	 0.000000	 0.000000
 0.0104	 0.000000	 0.000000	 0.000000	 0.000000	 0.000000
 0.0174	 0.000000	 0.000000	 0.000000	 0.000000	 0.000000
 0.0244	 0.000000	 0.000000	 0.000000	 0.000000	 0.000000
 0.0313	 0.000000	 0.000000	 0.000000	 0.000000	 0.000000
 0.0383	 0.000000	 0.000000	 0.000000	 0.000000	 0.000000
 0.0453	 0.000000	 0.000000	 0.000000	 0.000000	 0.000000
 0.0522	 0.000000	 0.000000	 0.000000	 0.000000	 0.000000
 0.0592	 0.000000	 0.000000	 0.000000	 0.000000	 0.000000
 0.0662	 0.000000	 0.000000	 0.000000	 0.000000	 0.000000
 0.0731	 0.000000	 0.000000	 0.000000	 0.000000	 0.000000
 0.0801	 0.000000	 0.000000	 0.000000	 0.000000	 0.000000
 0.0870	 0.000000	 0.000000	 0.000000	 0.000000	 0.000000
 0.0940	 0.000000	 0.000000	 0.000000	 0.000000	 0.000000
 0.1010	 0.000000	 0.000000	 0.000000	 0.000000	 0.000000
 0.1079	 0.000000	 0.000000	 0.000000	 0.000000	 0.000000
 0.1149	 0.000000	 0.000000	 0.000000	 0.000000	 0.000000
 0.1219	 0.000000	 0.000000	 0.000000	 0.000000	 0.000000
 0.1288	 0.000000	 0.000000	 0.000000	 0.000000	 0.000000
 0.1358	 0.000000	 0.000000	 0.000000	 0.000000	 0.000000
 0.1399	 0.000000	 0.000000	 0.000000	 0.000000	 0.000000
 0.1497	 0.000000	 0.000000	 0.000000	 0.000000	 0.000000
 0.1567	 0.000000	 0.000000	 0.000000	 0.000000	 0.000000
 0.1636	 0.000000	 0.000000	 0.000000	 0.000000	 0.000000
 0.1706	 0.000000	 0.000000	 0.000000	 0.000000	 0.000000
 0.1776	 0.000000	 0.000000	 0.000000	 0.000000	 0.000000
 0.1845	 0.000000	 0.000000	 0.000000	 0.000000	 0.000000
 0.1915	 0.000000	 0.000000	 0.000000	 0.000000	 0.000000
 0.1985	 0.000000	 0.000000	 0.000000	 0.000000	 0.000000
 0.2054	 0.000000	 0.000000	 0.000000	 0.000000	 0.000000
 0.2124	 0.000000	 0.000000	 0.000000	 0.000000	 0.000000
 0.2194	 0.000000	 0.000000	 0.000000	 0.000000	 0.000000
 0.2263	 0.000000	 0.000000	 0.000000	 0.000000	 0.000000
 0.2333	 0.000000	 0.000000	 0.000000	 0.000000	 0.000000
 0.2403	 0.000000	 0.000000	 0.000000	 0.000000	 0.000000
 0.2472	 0.000000	 0.000000	 0.000000	 0.000000	 0.000000
 0.2507	 0.000000	 0.000000	 0.000000	 0.000000	 0.000000
 0.3203	 0.000000	 0.000000	 0.000000	 0.000000	 0.000000
 0.3797	 0.000000	 0.000000	 0.000000	 0.000000	 0.000000
 0.4248	 0.000000	 0.000000	 0.000000	 0.000000	 0.000000
 0.4596	 0.000000	 0.000000	 0.000000	 0.000000	 0.000000
 0.4866	 0.000000	 0.000000	 0.000000	 0.000000	 0.000000
 0.5137	 0.000000	 0.000000	 0.000000	 0.000000	 0.000000
 0.5407	 0.000000	 0.000000	 0.000000	 0.000000	 0.000000
 0.5677	 0.000000	 0.000000	 0.000000	 0.000000	 0.000000
 0.5947	 0.000000	 0.000000	 0.000000	 0.000000	 0.000000
 0.6217	 0.000000	 0.000000	 0.000000	 0.000000	 0.000000
 0.6488	 0.000000	 0.000000	 0.000000	 0.000000	 0.000000
 0.6758	 0.000000	 0.000000	 0.000000	 0.000000	 0.000000
 0.7028	 0.000000	 0.000000	 0.000000	 0.000000	 0.000000
 0.7298	 0.000000	 0.000000	 0.000000	 0.000000	 0.000000
 0.7568	 0.000000	 0.000000	 0.000000	 0.000000	 0.000000
 0.7839	 0.000000	 0.000000	 0.000000	 0.000000	 0.000000
 0.8109	 0.000000	 0.000000	 0.000000	 0.000000	 0.000000
 0.8379	 0.000000	 0.000000	 0.000000	 0.000000	 0.000000
 0.8649	 0.000000	 0.000000	 0.000000	 0.000000	 0.000000
 0.8919	 0.000000	 0.000000	 0.000000	 0.000000	 0.000000
 0.9189	 0.000000	 0.000000	 0.000000	 0.000000	 0.000000
 0.9460	 0.000000	 0.000000	 0.000000	 0.000000	 0.000000
 0.9730	 0.000000	 0.000000	 0.000000	 0.000000	 0.000000
 1.0000	 0.000000	 0.000000	 0.000000	 0.000000	 0.000000


 -------- Mode No.  12  (freq = 0.39610E+02 Hz)

span_loc	s-s disp	s-s slope	f-a disp	f-a slope	twist

 0.0000	 0.000000	 0.000000	 0.000000	 0.000000	 0.000000
 0.0035	 0.000000	 0.000000	-0.000014	-0.008625	 0.000000
 0.0104	 0.000000	 0.000000	-0.000118	-0.024460	 0.000000
 0.0174	 0.000000	 0.000000	-0.000315	-0.038409	 0.000000
 0.0244	 0.000000	 0.000000	-0.000593	-0.050477	 0.000000
 0.0313	 0.000000	 0.000000	-0.000941	-0.060673	 0.000000
 0.0383	 0.000000	 0.000000	-0.001347	-0.069015	 0.000000
 0.0453	 0.000000	 0.000000	-0.001799	-0.075527	 0.000000
 0.0522	 0.000000	 0.000000	-0.002286	-0.080245	 0.000000
 0.0592	 0.000000	 0.000000	-0.002796	-0.083213	 0.000000
 0.0662	 0.000000	 0.000000	-0.003321	-0.084487	 0.000000
 0.0731	 0.000000	 0.000000	-0.003848	-0.084135	 0.000000
 0.0801	 0.000000	 0.000000	-0.004367	-0.082235	 0.000000
 0.0870	 0.000000	 0.000000	-0.004871	-0.078878	 0.000000
 0.0940	 0.000000	 0.000000	-0.005349	-0.074166	 0.000000
 0.1010	 0.000000	 0.000000	-0.005794	-0.068210	 0.000000
 0.1079	 0.000000	 0.000000	-0.006196	-0.060543	 0.000000
 0.1149	 0.000000	 0.000000	-0.006547	-0.051780	 0.000000
 0.1219	 0.000000	 0.000000	-0.006840	-0.042059	 0.000000
 0.1288	 0.000000	 0.000000	-0.007070	-0.031525	 0.000000
 0.1358	 0.000000	 0.000000	-0.007233	-0.020329	 0.000000
 0.1399	 0.000000	 0.000000	-0.007295	-0.013480	 0.000000
 0.1497	 0.000000	 0.000000	-0.007339	 0.003420	 0.000000
 0.1567	 0.000000	 0.000000	-0.007280	 0.015652	 0.000000
 0.1636	 0.000000	 0.000000	-0.007144	 0.027907	 0.000000
 0.1706	 0.000000	 0.000000	-0.006932	 0.040024	 0.000000
 0.1776	 0.000000	 0.000000	-0.006645	 0.051846	 0.000000
 0.1845	 0.000000	 0.000000	-0.006286	 0.063222	 0.000000
 0.1915	 0.000000	 0.000000	-0.005857	 0.074005	 0.000000
 0.1985	 0.000000	 0.000000	-0.005364	 0.084059	 0.000000
 0.2054	 0.000000	 0.000000	-0.004808	 0.093989	 0.000000
 0.2124	 0.000000	 0.000000	-0.004193	 0.102950	 0.000000
 0.2194	 0.000000	 0.000000	-0.003525	 0.110820	 0.000000
 0.2263	 0.000000	 0.000000	-0.002812	 0.117489	 0.000000
 0.2333	 0.000000	 0.000000	-0.002061	 0.122860	 0.000000
 0.2403	 0.000000	 0.000000	-0.001281	 0.126851	 0.000000
 0.2472	 0.000000	 0.000000	-0.000481	 0.129394	 0.000000
 0.2507	 0.000000	 0.000000	-0.000076	 0.130106	 0.000000
 0.3203	 0.000000	 0.000000	 0.006804	 0.068108	 0.000000
 0.3797	 0.000000	 0.000000	 0.006936	-0.063387	 0.000000
 0.4248	 0.000000	 0.000000	 0.002538	-0.143914	 0.000000
 0.4596	 0.000000	 0.000000	-0.002289	-0.156673	 0.000000
 0.4866	 0.000000	 0.000000	-0.005815	-0.129412	 0.000000
 0.5137	 0.000000	 0.000000	-0.008306	-0.072726	 0.000000
 0.5407	 0.000000	 0.000000	-0.009112	 0.007300	 0.000000
 0.5677	 0.000000	 0.000000	-0.007891	 0.091658	 0.000000
 0.5947	 0.000000	 0.000000	-0.004766	 0.161491	 0.000000
 0.6217	 0.000000	 0.000000	-0.000286	 0.200820	 0.000000
 0.6488	 0.000000	 0.000000	 0.004569	 0.191888	 0.000000
 0.6758	 0.000000	 0.000000	 0.008607	 0.134818	 0.000000
 0.7028	 0.000000	 0.000000	 0.010786	 0.041620	 0.000000
 0.7298	 0.000000	 0.000000	 0.010341	-0.077304	 0.000000
 0.7568	 0.000000	 0.000000	 0.007182	-0.177977	 0.000000
 0.7839	 0.000000	 0.000000	 0.002070	-0.235199	 0.000000
 0.8109	 0.000000	 0.000000	-0.003735	-0.234137	 0.000000
 0.8379	 0.000000	 0.000000	-0.008696	-0.165427	 0.000000
 0.8649	 0.000000	 0.000000	-0.011314	-0.044608	 0.000000
 0.8919	 0.000000	 0.000000	-0.010642	 0.101095	 0.000000
 0.9189	 0.000000	 0.000000	-0.006694	 0.221033	 0.000000
 0.9460	 0.000000	 0.000000	-0.000211	 0.307213	 0.000000
 0.9730	 0.000000	 0.000000	 0.007818	 0.348549	 0.000000
 1.0000	 0.000000	 0.000000	 0.016386	 0.355742	 0.000000


 -------- Mode No.  13  (freq = 0.39610E+02 Hz)

span_loc	s-s disp	s-s slope	f-a disp	f-a slope	twist

 0.0000	 0.000000	 0.000000	 0.000000	 0.000000	 0.000000
 0.0035	-0.000014	-0.008625	 0.000000	 0.000000	 0.000000
 0.0104	-0.000118	-0.024460	 0.000000	 0.000000	 0.000000
 0.0174	-0.000315	-0.038409	 0.000000	 0.000000	 0.000000
 0.0244	-0.000593	-0.050477	 0.000000	 0.000000	 0.000000
 0.0313	-0.000941	-0.060673	 0.000000	 0.000000	 0.000000
 0.0383	-0.001347	-0.069015	 0.000000	 0.000000	 0.000000
 0.0453	-0.001799	-0.075527	 0.000000	 0.000000	 0.000000
 0.0522	-0.002286	-0.080245	 0.000000	 0.000000	 0.000000
 0.0592	-0.002796	-0.083213	 0.000000	 0.000000	 0.000000
 0.0662	-0.003321	-0.084487	 0.000000	 0.000000	 0.000000
 0.0731	-0.003848	-0.084135	 0.000000	 0.000000	 0.000000
 0.0801	-0.004367	-0.082235	 0.000000	 0.000000	 0.000000
 0.0870	-0.004871	-0.078878	 0.000000	 0.000000	 0.000000
 0.0940	-0.005349	-0.074166	 0.000000	 0.000000	 0.000000
 0.1010	-0.005794	-0.068210	 0.000000	 0.000000	 0.000000
 0.1079	-0.006196	-0.060543	 0.000000	 0.000000	 0.000000
 0.1149	-0.006547	-0.051780	 0.000000	 0.000000	 0.000000
 0.1219	-0.006840	-0.042059	 0.000000	 0.000000	 0.000000
 0.1288	-0.007070	-0.031525	 0.000000	 0.000000	 0.000000
 0.1358	-0.007233	-0.020329	 0.000000	 0.000000	 0.000000
 0.1399	-0.007295	-0.013480	 0.000000	 0.000000	 0.000000
 0.1497	-0.007339	 0.003420	 0.000000	 0.000000	 0.000000
 0.1567	-0.007280	 0.015652	 0.000000	 0.000000	 0.000000
 0.1636	-0.007144	 0.027907	 0.000000	 0.000000	 0.000000
 0.1706	-0.006932	 0.040024	 0.000000	 0.000000	 0.000000
 0.1776	-0.006645	 0.051846	 0.000000	 0.000000	 0.000000
 0.1845	-0.006286	 0.063222	 0.000000	 0.000000	 0.000000
 0.1915	-0.005857	 0.074005	 0.000000	 0.000000	 0.000000
 0.1985	-0.005364	 0.084059	 0.000000	 0.000000	 0.000000
 0.2054	-0.004808	 0.093989	 0.000000	 0.000000	 0.000000
 0.2124	-0.004193	 0.102950	 0.000000	 0.000000	 0.000000
 0.2194	-0.003525	 0.110820	 0.000000	 0.000000	 0.000000
 0.2263	-0.002812	 0.117489	 0.000000	 0.000000	 0.000000
 0.2333	-0.002061	 0.122860	 0.000000	 0.000000	 0.000000
 0.2403	-0.001281	 0.126851	 0.000000	 0.000000	 0.000000
 0.2472	-0.000481	 0.129394	 0.000000	 0.000000	 0.000000
 0.2507	-0.000076	 0.130106	 0.000000	 0.000000	 0.000000
 0.3203	 0.006804	 0.068108	 0.000000	 0.000000	 0.000000
 0.3797	 0.006936	-0.063387	 0.000000	 0.000000	 0.000000
 0.4248	 0.002538	-0.143914	 0.000000	 0.000000	 0.000000
 0.4596	-0.002289	-0.156673	 0.000000	 0.000000	 0.000000
 0.4866	-0.005815	-0.129412	 0.000000	 0.000000	 0.000000
 0.5137	-0.008306	-0.072726	 0.000000	 0.000000	 0.000000
 0.5407	-0.009112	 0.007300	 0.000000	 0.000000	 0.000000
 0.5677	-0.007891	 0.091658	 0.000000	 0.000000	 0.000000
 0.5947	-0.004766	 0.161491	 0.000000	 0.000000	 0.000000
 0.6217	-0.000286	 0.200820	 0.000000	 0.000000	 0.000000
 0.6488	 0.004569	 0.191888	 0.000000	 0.000000	 0.000000
 0.6758	 0.008607	 0.134818	 0.000000	 0.000000	 0.000000
 0.7028	 0.010786	 0.041620	 0.000000	 0.000000	 0.000000
 0.7298	 0.010341	-0.077304	 0.000000	 0.000000	 0.000000
 0.7568	 0.007182	-0.177977	 0.000000	 0.000000	 0.000000
 0.7839	 0.002070	-0.235199	 0.000000	 0.000000	 0.000000
 0.8109	-0.003735	-0.234137	 0.000000	 0.000000	 0.000000
 0.8379	-0.008696	-0.165427	 0.000000	 0.000000	 0.000000
 0.8649	-0.011314	-0.044608	 0.000000	 0.000000	 0.000000
 0.8919	-0.010642	 0.101095	 0.000000	 0.000000	 0.000000
 0.9189	-0.006694	 0.221033	 0.000000	 0.000000	 0.000000
 0.9460	-0.000211	 0.307213	 0.000000	 0.000000	 0.000000
 0.9730	 0.007818	 0.348549	 0.000000	 0.000000	 0.000000
 1.0000	 0.016386	 0.355742	 0.000000	 0.000000	 0.000000


 -------- Mode No.  14  (freq = 0.55318E+02 Hz)

span_loc	s-s disp	s-s slope	f-a disp	f-a slope	twist

 0.0000	 0.000000	 0.000000	 0.000000	 0.000000	 0.000000
 0.0035	-0.000016	-0.010147	 0.000000	 0.000000	 0.000000
 0.0104	-0.000138	-0.028452	 0.000000	 0.000000	 0.000000
 0.0174	-0.000366	-0.044107	 0.000000	 0.000000	 0.000000
 0.0244	-0.000683	-0.057124	 0.000000	 0.000000	 0.000000
 0.0313	-0.001073	-0.067524	 0.000000	 0.000000	 0.000000
 0.0383	-0.001520	-0.075347	 0.000000	 0.000000	 0.000000
 0.0453	-0.002008	-0.080646	 0.000000	 0.000000	 0.000000
 0.0522	-0.002522	-0.083499	 0.000000	 0.000000	 0.000000
 0.0592	-0.003045	-0.084003	 0.000000	 0.000000	 0.000000
 0.0662	-0.003565	-0.082276	 0.000000	 0.000000	 0.000000
 0.0731	-0.004068	-0.078460	 0.000000	 0.000000	 0.000000
 0.0801	-0.004541	-0.072721	 0.000000	 0.000000	 0.000000
 0.0870	-0.004972	-0.065241	 0.000000	 0.000000	 0.000000
 0.0940	-0.005352	-0.056227	 0.000000	 0.000000	 0.000000
 0.1010	-0.005671	-0.045898	 0.000000	 0.000000	 0.000000
 0.1079	-0.005919	-0.033538	 0.000000	 0.000000	 0.000000
 0.1149	-0.006088	-0.020240	 0.000000	 0.000000	 0.000000
 0.1219	-0.006171	-0.006258	 0.000000	 0.000000	 0.000000
 0.1288	-0.006165	 0.008145	 0.000000	 0.000000	 0.000000
 0.1358	-0.006069	 0.022704	 0.000000	 0.000000	 0.000000
 0.1399	-0.005969	 0.031255	 0.000000	 0.000000	 0.000000
 0.1497	-0.005606	 0.051243	 0.000000	 0.000000	 0.000000
 0.1567	-0.005243	 0.064715	 0.000000	 0.000000	 0.000000
 0.1636	-0.004800	 0.077334	 0.000000	 0.000000	 0.000000
 0.1706	-0.004280	 0.088881	 0.000000	 0.000000	 0.000000
 0.1776	-0.003693	 0.099155	 0.000000	 0.000000	 0.000000
 0.1845	-0.003046	 0.107980	 0.000000	 0.000000	 0.000000
 0.1915	-0.002349	 0.115203	 0.000000	 0.000000	 0.000000
 0.1985	-0.001612	 0.120702	 0.000000	 0.000000	 0.000000
 0.2054	-0.000845	 0.124681	 0.000000	 0.000000	 0.000000
 0.2124	-0.000060	 0.126656	 0.000000	 0.000000	 0.000000
 0.2194	 0.000732	 0.126568	 0.000000	 0.000000	 0.000000
 0.2263	 0.001516	 0.124391	 0.000000	 0.000000	 0.000000
 0.2333	 0.002280	 0.120132	 0.000000	 0.000000	 0.000000
 0.2403	 0.003011	 0.113836	 0.000000	 0.000000	 0.000000
 0.2472	 0.003696	 0.105580	 0.000000	 0.000000	 0.000000
 0.2507	 0.004018	 0.100751	 0.000000	 0.000000	 0.000000
 0.3203	 0.005755	-0.053549	 0.000000	 0.000000	 0.000000
 0.3797	-0.000217	-0.146111	 0.000000	 0.000000	 0.000000
 0.4248	-0.005538	-0.099560	 0.000000	 0.000000	 0.000000
 0.4596	-0.007188	-0.001744	 0.000000	 0.000000	 0.000000
 0.4866	-0.006169	 0.083962	 0.000000	 0.000000	 0.000000
 0.5137	-0.003249	 0.151244	 0.000000	 0.000000	 0.000000
 0.5407	 0.000862	 0.179432	 0.000000	 0.000000	 0.000000
 0.5677	 0.004993	 0.152721	 0.000000	 0.000000	 0.000000
 0.5947	 0.007821	 0.074714	 0.000000	 0.000000	 0.000000
 0.6217	 0.008247	-0.040556	 0.000000	 0.000000	 0.000000
 0.6488	 0.005892	-0.148548	 0.000000	 0.000000	 0.000000
 0.6758	 0.001391	-0.212741	 0.000000	 0.000000	 0.000000
 0.7028	-0.003861	-0.208810	 0.000000	 0.000000	 0.000000
 0.7298	-0.008051	-0.126275	 0.000000	 0.000000	 0.000000
 0.7568	-0.009571	 0.004859	 0.000000	 0.000000	 0.000000
 0.7839	-0.007785	 0.138455	 0.000000	 0.000000	 0.000000
 0.8109	-0.003228	 0.226667	 0.000000	 0.000000	 0.000000
 0.8379	 0.002605	 0.238608	 0.000000	 0.000000	 0.000000
 0.8649	 0.007541	 0.154667	 0.000000	 0.000000	 0.000000
 0.8919	 0.009505	-0.000176	 0.000000	 0.000000	 0.000000
 0.9189	 0.007613	-0.154588	 0.000000	 0.000000	 0.000000
 0.9460	 0.002265	-0.278512	 0.000000	 0.000000	 0.000000
 0.9730	-0.005381	-0.342223	 0.000000	 0.000000	 0.000000
 1.0000	-0.013875	-0.353788	 0.000000	 0.000000	 0.000000


 -------- Mode No.  15  (freq = 0.55318E+02 Hz)

span_loc	s-s disp	s-s slope	f-a disp	f-a slope	twist

 0.0000	 0.000000	 0.000000	 0.000000	 0.000000	 0.000000
 0.0035	 0.000000	 0.000000	 0.000016	 0.010147	 0.000000
 0.0104	 0.000000	 0.000000	 0.000138	 0.028452	 0.000000
 0.0174	 0.000000	 0.000000	 0.000366	 0.044107	 0.000000
 0.0244	 0.000000	 0.000000	 0.000683	 0.057124	 0.000000
 0.0313	 0.000000	 0.000000	 0.001073	 0.067524	 0.000000
 0.0383	 0.000000	 0.000000	 0.001520	 0.075347	 0.000000
 0.0453	 0.000000	 0.000000	 0.002008	 0.080646	 0.000000
 0.0522	 0.000000	 0.000000	 0.002522	 0.083499	 0.000000
 0.0592	 0.000000	 0.000000	 0.003045	 0.084003	 0.000000
 0.0662	 0.000000	 0.000000	 0.003565	 0.082276	 0.000000
 0.0731	 0.000000	 0.000000	 0.004068	 0.078460	 0.000000
 0.0801	 0.000000	 0.000000	 0.004541	 0.072721	 0.000000
 0.0870	 0.000000	 0.000000	 0.004972	 0.065241	 0.000000
 0.0940	 0.000000	 0.000000	 0.005352	 0.056227	 0.000000
 0.1010	 0.000000	 0.000000	 0.005671	 0.045898	 0.000000
 0.1079	 0.000000	 0.000000	 0.005919	 0.033538	 0.000000
 0.1149	 0.000000	 0.000000	 0.006088	 0.020240	 0.000000
 0.1219	 0.000000	 0.000000	 0.006171	 0.006258	 0.000000
 0.1288	 0.000000	 0.000000	 0.006165	-0.008145	 0.000000
 0.1358	 0.000000	 0.000000	 0.006069	-0.022704	 0.000000
 0.1399	 0.000000	 0.000000	 0.005969	-0.031255	 0.000000
 0.1497	 0.000000	 0.000000	 0.005606	-0.051243	 0.000000
 0.1567	 0.000000	 0.000000	 0.005243	-0.064715	 0.000000
 0.1636	 0.000000	 0.000000	 0.004800	-0.077334	 0.000000
 0.1706	 0.000000	 0.000000	 0.004280	-0.088881	 0.000000
 0.1776	 0.000000	 0.000000	 0.003693	-0.099155	 0.000000
 0.1845	 0.000000	 0.000000	 0.003046	-0.107980	 0.000000
 0.1915	 0.000000	 0.000000	 0.002349	-0.115203	 0.000000
 0.1985	 0.000000	 0.000000	 0.001612	-0.120702	 0.000000
 0.2054	 0.000000	 0.000000	 0.000845	-0.124681	 0.000000
 0.2124	 0.000000	 0.000000	 0.000060	-0.126656	 0.000000
 0.2194	 0.000000	 0.000000	-0.000732	-0.126568	 0.000000
 0.2263	 0.000000	 0.000000	-0.001516	-0.124391	 0.000000
 0.2333	 0.000000	 0.000000	-0.002280	-0.120132	 0.000000
 0.2403	 0.000000	 0.000000	-0.003011	-0.113836	 0.000000
 0.2472	 0.000000	 0.000000	-0.003696	-0.105580	 0.000000
 0.2507	 0.000000	 0.000000	-0.004018	-0.100751	 0.000000
 0.3203	 0.000000	 0.000000	-0.005755	 0.053549	 0.000000
 0.3797	 0.000000	 0.000000	 0.000217	 0.146111	 0.000000
 0.4248	 0.000000	 0.000000	 0.005538	 0.099560	 0.000000
 0.4596	 0.000000	 0.000000	 0.007188	 0.001744	 0.000000
 0.4866	 0.000000	 0.000000	 0.006169	-0.083962	 0.000000
 0.5137	 0.000000	 0.000000	 0.003249	-0.151244	 0.000000
 0.5407	 0.000000	 0.000000	-0.000862	-0.179432	 0.000000
 0.5677	 0.000000	 0.000000	-0.004993	-0.152721	 0.000000
 0.5947	 0.000000	 0.000000	-0.007821	-0.074714	 0.000000
 0.6217	 0.000000	 0.000000	-0.008247	 0.040556	 0.000000
 0.6488	 0.000000	 0.000000	-0.005892	 0.148548	 0.000000
 0.6758	 0.000000	 0.000000	-0.001391	 0.212741	 0.000000
 0.7028	 0.000000	 0.000000	 0.003861	 0.208810	 0.000000
 0.7298	 0.000000	 0.000000	 0.008051	 0.126275	 0.000000
 0.7568	 0.000000	 0.000000	 0.009571	-0.004859	 0.000000
 0.7839	 0.000000	 0.000000	 0.007785	-0.138455	 0.000000
 0.8109	 0.000000	 0.000000	 0.003228	-0.226667	 0.000000
 0.8379	 0.000000	 0.000000	-0.002605	-0.238608	 0.000000
 0.8649	 0.000000	 0.000000	-0.007541	-0.154667	 0.000000
 0.8919	 0.000000	 0.000000	-0.009505	 0.000176	 0.000000
 0.9189	 0.000000	 0.000000	-0.007613	 0.154588	 0.000000
 0.9460	 0.000000	 0.000000	-0.002265	 0.278512	 0.000000
 0.9730	 0.000000	 0.000000	 0.005381	 0.342223	 0.000000
 1.0000	 0.000000	 0.000000	 0.013875	 0.353788	 0.000000


 -------- Mode No.  16  (freq = 0.72919E+02 Hz)

span_loc	s-s disp	s-s slope	f-a disp	f-a slope	twist

 0.0000	 0.000000	 0.000000	 0.000000	 0.000000	 0.000000
 0.0035	 0.000000	 0.000000	 0.000000	 0.000000	 0.000000
 0.0104	 0.000000	 0.000000	 0.000000	 0.000000	 0.000000
 0.0174	 0.000000	 0.000000	 0.000000	 0.000000	 0.000000
 0.0244	 0.000000	 0.000000	 0.000000	 0.000000	 0.000000
 0.0313	 0.000000	 0.000000	 0.000000	 0.000000	 0.000000
 0.0383	 0.000000	 0.000000	 0.000000	 0.000000	 0.000000
 0.0453	 0.000000	 0.000000	 0.000000	 0.000000	 0.000000
 0.0522	 0.000000	 0.000000	 0.000000	 0.000000	 0.000000
 0.0592	 0.000000	 0.000000	 0.000000	 0.000000	 0.000000
 0.0662	 0.000000	 0.000000	 0.000000	 0.000000	 0.000000
 0.0731	 0.000000	 0.000000	 0.000000	 0.000000	 0.000000
 0.0801	 0.000000	 0.000000	 0.000000	 0.000000	 0.000000
 0.0870	 0.000000	 0.000000	 0.000000	 0.000000	 0.000000
 0.0940	 0.000000	 0.000000	 0.000000	 0.000000	 0.000000
 0.1010	 0.000000	 0.000000	 0.000000	 0.000000	 0.000000
 0.1079	 0.000000	 0.000000	 0.000000	 0.000000	 0.000000
 0.1149	 0.000000	 0.000000	 0.000000	 0.000000	 0.000000
 0.1219	 0.000000	 0.000000	 0.000000	 0.000000	 0.000000
 0.1288	 0.000000	 0.000000	 0.000000	 0.000000	 0.000000
 0.1358	 0.000000	 0.000000	 0.000000	 0.000000	 0.000000
 0.1399	 0.000000	 0.000000	 0.000000	 0.000000	 0.000000
 0.1497	 0.000000	 0.000000	 0.000000	 0.000000	 0.000000
 0.1567	 0.000000	 0.000000	 0.000000	 0.000000	 0.000000
 0.1636	 0.000000	 0.000000	 0.000000	 0.000000	 0.000000
 0.1706	 0.000000	 0.000000	 0.000000	 0.000000	 0.000000
 0.1776	 0.000000	 0.000000	 0.000000	 0.000000	 0.000000
 0.1845	 0.000000	 0.000000	 0.000000	 0.000000	 0.000000
 0.1915	 0.000000	 0.000000	 0.000000	 0.000000	 0.000000
 0.1985	 0.000000	 0.000000	 0.000000	 0.000000	 0.000000
 0.2054	 0.000000	 0.000000	 0.000000	 0.000000	 0.000000
 0.2124	 0.000000	 0.000000	 0.000000	 0.000000	 0.000000
 0.2194	 0.000000	 0.000000	 0.000000	 0.000000	 0.000000
 0.2263	 0.000000	 0.000000	 0.000000	 0.000000	 0.000000
 0.2333	 0.000000	 0.000000	 0.000000	 0.000000	 0.000000
 0.2403	 0.000000	 0.000000	 0.000000	 0.000000	 0.000000
 0.2472	 0.000000	 0.000000	 0.000000	 0.000000	 0.000000
 0.2507	 0.000000	 0.000000	 0.000000	 0.000000	 0.000000
 0.3203	 0.000000	 0.000000	 0.000000	 0.000000	 0.000000
 0.3797	 0.000000	 0.000000	 0.000000	 0.000000	 0.000000
 0.4248	 0.000000	 0.000000	 0.000000	 0.000000	 0.000000
 0.4596	 0.000000	 0.000000	 0.000000	 0.000000	 0.000000
 0.4866	 0.000000	 0.000000	 0.000000	 0.000000	 0.000000
 0.5137	 0.000000	 0.000000	 0.000000	 0.000000	 0.000000
 0.5407	 0.000000	 0.000000	 0.000000	 0.000000	 0.000000
 0.5677	 0.000000	 0.000000	 0.000000	 0.000000	 0.000000
 0.5947	 0.000000	 0.000000	 0.000000	 0.000000	 0.000000
 0.6217	 0.000000	 0.000000	 0.000000	 0.000000	 0.000000
 0.6488	 0.000000	 0.000000	 0.000000	 0.000000	 0.000000
 0.6758	 0.000000	 0.000000	 0.000000	 0.000000	 0.000000
 0.7028	 0.000000	 0.000000	 0.000000	 0.000000	 0.000000
 0.7298	 0.000000	 0.000000	 0.000000	 0.000000	 0.000000
 0.7568	 0.000000	 0.000000	 0.000000	 0.000000	 0.000000
 0.7839	 0.000000	 0.000000	 0.000000	 0.000000	 0.000000
 0.8109	 0.000000	 0.000000	 0.000000	 0.000000	 0.000000
 0.8379	 0.000000	 0.000000	 0.000000	 0.000000	 0.000000
 0.8649	 0.000000	 0.000000	 0.000000	 0.000000	 0.000000
 0.8919	 0.000000	 0.000000	 0.000000	 0.000000	 0.000000
 0.9189	 0.000000	 0.000000	 0.000000	 0.000000	 0.000000
 0.9460	 0.000000	 0.000000	 0.000000	 0.000000	 0.000000
 0.9730	 0.000000	 0.000000	 0.000000	 0.000000	 0.000000
 1.0000	 0.000000	 0.000000	 0.000000	 0.000000	 0.000000


 -------- Mode No.  17  (freq = 0.73607E+02 Hz)

span_loc	s-s disp	s-s slope	f-a disp	f-a slope	twist

 0.0000	 0.000000	 0.000000	 0.000000	 0.000000	 0.000000
 0.0035	 0.000000	 0.000000	-0.000019	-0.011847	 0.000000
 0.0104	 0.000000	 0.000000	-0.000160	-0.032838	 0.000000
 0.0174	 0.000000	 0.000000	-0.000421	-0.050230	 0.000000
 0.0244	 0.000000	 0.000000	-0.000779	-0.064047	 0.000000
 0.0313	 0.000000	 0.000000	-0.001213	-0.074333	 0.000000
 0.0383	 0.000000	 0.000000	-0.001700	-0.081164	 0.000000
 0.0453	 0.000000	 0.000000	-0.002219	-0.084651	 0.000000
 0.0522	 0.000000	 0.000000	-0.002750	-0.084943	 0.000000
 0.0592	 0.000000	 0.000000	-0.003273	-0.082228	 0.000000
 0.0662	 0.000000	 0.000000	-0.003770	-0.076737	 0.000000
 0.0731	 0.000000	 0.000000	-0.004225	-0.068735	 0.000000
 0.0801	 0.000000	 0.000000	-0.004624	-0.058528	 0.000000
 0.0870	 0.000000	 0.000000	-0.004952	-0.046451	 0.000000
 0.0940	 0.000000	 0.000000	-0.005200	-0.032869	 0.000000
 0.1010	 0.000000	 0.000000	-0.005360	-0.018168	 0.000000
 0.1079	 0.000000	 0.000000	-0.005421	-0.001457	 0.000000
 0.1149	 0.000000	 0.000000	-0.005377	 0.015649	 0.000000
 0.1219	 0.000000	 0.000000	-0.005226	 0.032738	 0.000000
 0.1288	 0.000000	 0.000000	-0.004970	 0.049408	 0.000000
 0.1358	 0.000000	 0.000000	-0.004611	 0.065268	 0.000000
 0.1399	 0.000000	 0.000000	-0.004355	 0.074089	 0.000000
 0.1497	 0.000000	 0.000000	-0.003617	 0.093109	 0.000000
 0.1567	 0.000000	 0.000000	-0.002999	 0.104450	 0.000000
 0.1636	 0.000000	 0.000000	-0.002317	 0.113710	 0.000000
 0.1706	 0.000000	 0.000000	-0.001585	 0.120680	 0.000000
 0.1776	 0.000000	 0.000000	-0.000816	 0.125202	 0.000000
 0.1845	 0.000000	 0.000000	-0.000027	 0.127176	 0.000000
 0.1915	 0.000000	 0.000000	 0.000766	 0.126561	 0.000000
 0.1985	 0.000000	 0.000000	 0.001547	 0.123379	 0.000000
 0.2054	 0.000000	 0.000000	 0.002299	 0.117257	 0.000000
 0.2124	 0.000000	 0.000000	 0.003005	 0.108519	 0.000000
 0.2194	 0.000000	 0.000000	 0.003648	 0.097321	 0.000000
 0.2263	 0.000000	 0.000000	 0.004215	 0.083877	 0.000000
 0.2333	 0.000000	 0.000000	 0.004691	 0.068453	 0.000000
 0.2403	 0.000000	 0.000000	 0.005065	 0.051365	 0.000000
 0.2472	 0.000000	 0.000000	 0.005329	 0.032972	 0.000000
 0.2507	 0.000000	 0.000000	 0.005417	 0.023408	 0.000000
 0.3203	 0.000000	 0.000000	 0.001112	-0.135461	 0.000000
 0.3797	 0.000000	 0.000000	-0.005400	-0.072973	 0.000000
 0.4248	 0.000000	 0.000000	-0.005285	 0.078316	 0.000000
 0.4596	 0.000000	 0.000000	-0.001379	 0.158835	 0.000000
 0.4866	 0.000000	 0.000000	 0.002588	 0.158168	 0.000000
 0.5137	 0.000000	 0.000000	 0.005768	 0.095927	 0.000000
 0.5407	 0.000000	 0.000000	 0.006805	-0.013260	 0.000000
 0.5677	 0.000000	 0.000000	 0.005067	-0.125295	 0.000000
 0.5947	 0.000000	 0.000000	 0.001066	-0.193357	 0.000000
 0.6217	 0.000000	 0.000000	-0.003667	-0.182380	 0.000000
 0.6488	 0.000000	 0.000000	-0.007062	-0.086993	 0.000000
 0.6758	 0.000000	 0.000000	-0.007476	 0.054397	 0.000000
 0.7028	 0.000000	 0.000000	-0.004527	 0.179727	 0.000000
 0.7298	 0.000000	 0.000000	 0.000717	 0.234785	 0.000000
 0.7568	 0.000000	 0.000000	 0.005919	 0.177072	 0.000000
 0.7839	 0.000000	 0.000000	 0.008585	 0.034179	 0.000000
 0.8109	 0.000000	 0.000000	 0.007416	-0.126354	 0.000000
 0.8379	 0.000000	 0.000000	 0.002731	-0.242680	 0.000000
 0.8649	 0.000000	 0.000000	-0.003320	-0.234465	 0.000000
 0.8919	 0.000000	 0.000000	-0.007574	-0.099197	 0.000000
 0.9189	 0.000000	 0.000000	-0.007821	 0.082876	 0.000000
 0.9460	 0.000000	 0.000000	-0.003673	 0.250819	 0.000000
 0.9730	 0.000000	 0.000000	 0.003713	 0.344303	 0.000000
 1.0000	 0.000000	 0.000000	 0.012368	 0.362063	 0.000000


 -------- Mode No.  18  (freq = 0.73607E+02 Hz)

span_loc	s-s disp	s-s slope	f-a disp	f-a slope	twist

 0.0000	 0.000000	 0.000000	 0.000000	 0.000000	 0.000000
 0.0035	 0.000019	 0.011847	 0.000000	 0.000000	 0.000000
 0.0104	 0.000160	 0.032838	 0.000000	 0.000000	 0.000000
 0.0174	 0.000421	 0.050230	 0.000000	 0.000000	 0.000000
 0.0244	 0.000779	 0.064047	 0.000000	 0.000000	 0.000000
 0.0313	 0.001213	 0.074333	 0.000000	 0.000000	 0.000000
 0.0383	 0.001700	 0.081164	 0.000000	 0.000000	 0.000000
 0.0453	 0.002219	 0.084651	 0.000000	 0.000000	 0.000000
 0.0522	 0.002750	 0.084943	 0.000000	 0.000000	 0.000000
 0.0592	 0.003273	 0.082228	 0.000000	 0.000000	 0.000000
 0.0662	 0.003770	 0.076737	 0.000000	 0.000000	 0.000000
 0.0731	 0.004225	 0.068735	 0.000000	 0.000000	 0.000000
 0.0801	 0.004624	 0.058528	 0.000000	 0.000000	 0.000000
 0.0870	 0.004952	 0.046451	 0.000000	 0.000000	 0.000000
 0.0940	 0.005200	 0.032869	 0.000000	 0.000000	 0.000000
 0.1010	 0.005360	 0.018168	 0.000000	 0.000000	 0.000000
 0.1079	 0.005421	 0.001457	 0.000000	 0.000000	 0.000000
 0.1149	 0.005377	-0.015649	 0.000000	 0.000000	 0.000000
 0.1219	 0.005226	-0.032738	 0.000000	 0.000000	 0.000000
 0.1288	 0.004970	-0.049408	 0.000000	 0.000000	 0.000000
 0.1358	 0.004611	-0.065268	 0.000000	 0.000000	 0.000000
 0.1399	 0.004355	-0.074089	 0.000000	 0.000000	 0.000000
 0.1497	 0.003617	-0.093109	 0.000000	 0.000000	 0.000000
 0.1567	 0.002999	-0.104450	 0.000000	 0.000000	 0.000000
 0.1636	 0.002317	-0.113710	 0.000000	 0.000000	 0.000000
 0.1706	 0.001585	-0.120680	 0.000000	 0.000000	 0.000000
 0.1776	 0.000816	-0.125202	 0.000000	 0.000000	 0.000000
 0.1845	 0.000027	-0.127176	 0.000000	 0.000000	 0.000000
 0.1915	-0.000766	-0.126561	 0.000000	 0.000000	 0.000000
 0.1985	-0.001547	-0.123379	 0.000000	 0.000000	 0.000000
 0.2054	-0.002299	-0.117257	 0.000000	 0.000000	 0.000000
 0.2124	-0.003005	-0.108519	 0.000000	 0.000000	 0.000000
 0.2194	-0.003648	-0.097321	 0.000000	 0.000000	 0.000000
 0.2263	-0.004215	-0.083876	 0.000000	 0.000000	 0.000000
 0.2333	-0.004691	-0.068453	 0.000000	 0.000000	 0.000000
 0.2403	-0.005065	-0.051365	 0.000000	 0.000000	 0.000000
 0.2472	-0.005329	-0.032972	 0.000000	 0.000000	 0.000000
 0.2507	-0.005417	-0.023408	 0.000000	 0.000000	 0.000000
 0.3203	-0.001112	 0.135461	 0.000000	 0.000000	 0.000000
 0.3797	 0.005400	 0.072973	 0.000000	 0.000000	 0.000000
 0.4248	 0.005285	-0.078316	 0.000000	 0.000000	 0.000000
 0.4596	 0.001379	-0.158835	 0.000000	 0.000000	 0.000000
 0.4866	-0.002588	-0.158168	 0.000000	 0.000000	 0.000000
 0.5137	-0.005768	-0.095927	 0.000000	 0.000000	 0.000000
 0.5407	-0.006805	 0.013260	 0.000000	 0.000000	 0.000000
 0.5677	-0.005067	 0.125295	 0.000000	 0.000000	 0.000000
 0.5947	-0.001066	 0.193357	 0.000000	 0.000000	 0.000000
 0.6217	 0.003667	 0.182380	 0.000000	 0.000000	 0.000000
 0.6488	 0.007062	 0.086993	 0.000000	 0.000000	 0.000000
 0.6758	 0.007476	-0.054397	 0.000000	 0.000000	 0.000000
 0.7028	 0.004527	-0.179727	 0.000000	 0.000000	 0.000000
 0.7298	-0.000717	-0.234785	 0.000000	 0.000000	 0.000000
 0.7568	-0.005919	-0.177072	 0.000000	 0.000000	 0.000000
 0.7839	-0.008585	-0.034179	 0.000000	 0.000000	 0.000000
 0.8109	-0.007416	 0.126354	 0.000000	 0.000000	 0.000000
 0.8379	-0.002731	 0.242680	 0.000000	 0.000000	 0.000000
 0.8649	 0.003320	 0.234465	 0.000000	 0.000000	 0.000000
 0.8919	 0.007574	 0.099197	 0.000000	 0.000000	 0.000000
 0.9189	 0.007821	-0.082876	 0.000000	 0.000000	 0.000000
 0.9460	 0.003673	-0.250819	 0.000000	 0.000000	 0.000000
 0.9730	-0.003713	-0.344303	 0.000000	 0.000000	 0.000000
 1.0000	-0.012368	-0.362063	 0.000000	 0.000000	 0.000000


 -------- Mode No.  19  (freq = 0.94444E+02 Hz)

span_loc	s-s disp	s-s slope	f-a disp	f-a slope	twist

 0.0000	 0.000000	 0.000000	 0.000000	 0.000000	 0.000000
 0.0035	 0.000000	 0.000000	-0.000021	-0.013577	 0.000000
 0.0104	 0.000000	 0.000000	-0.000182	-0.037195	 0.000000
 0.0174	 0.000000	 0.000000	-0.000476	-0.056108	 0.000000
 0.0244	 0.000000	 0.000000	-0.000873	-0.070358	 0.000000
 0.0313	 0.000000	 0.000000	-0.001344	-0.080029	 0.000000
 0.0383	 0.000000	 0.000000	-0.001862	-0.085260	 0.000000
 0.0453	 0.000000	 0.000000	-0.002400	-0.086252	 0.000000
 0.0522	 0.000000	 0.000000	-0.002931	-0.083272	 0.000000
 0.0592	 0.000000	 0.000000	-0.003431	-0.076652	 0.000000
 0.0662	 0.000000	 0.000000	-0.003881	-0.066792	 0.000000
 0.0731	 0.000000	 0.000000	-0.004259	-0.054148	 0.000000
 0.0801	 0.000000	 0.000000	-0.004552	-0.039230	 0.000000
 0.0870	 0.000000	 0.000000	-0.004745	-0.022589	 0.000000
 0.0940	 0.000000	 0.000000	-0.004831	-0.004807	 0.000000
 0.1010	 0.000000	 0.000000	-0.004804	 0.013517	 0.000000
 0.1079	 0.000000	 0.000000	-0.004658	 0.033310	 0.000000
 0.1149	 0.000000	 0.000000	-0.004390	 0.052475	 0.000000
 0.1219	 0.000000	 0.000000	-0.004005	 0.070441	 0.000000
 0.1288	 0.000000	 0.000000	-0.003514	 0.086678	 0.000000
 0.1358	 0.000000	 0.000000	-0.002928	 0.100708	 0.000000
 0.1399	 0.000000	 0.000000	-0.002544	 0.107776	 0.000000
 0.1497	 0.000000	 0.000000	-0.001535	 0.120575	 0.000000
 0.1567	 0.000000	 0.000000	-0.000764	 0.125828	 0.000000
 0.1636	 0.000000	 0.000000	 0.000028	 0.127723	 0.000000
 0.1706	 0.000000	 0.000000	 0.000822	 0.126203	 0.000000
 0.1776	 0.000000	 0.000000	 0.001596	 0.121310	 0.000000
 0.1845	 0.000000	 0.000000	 0.002330	 0.113189	 0.000000
 0.1915	 0.000000	 0.000000	 0.003003	 0.102077	 0.000000
 0.1985	 0.000000	 0.000000	 0.003598	 0.088303	 0.000000
 0.2054	 0.000000	 0.000000	 0.004096	 0.070996	 0.000000
 0.2124	 0.000000	 0.000000	 0.004480	 0.051583	 0.000000
 0.2194	 0.000000	 0.000000	 0.004737	 0.030574	 0.000000
 0.2263	 0.000000	 0.000000	 0.004859	 0.008538	 0.000000
 0.2333	 0.000000	 0.000000	 0.004842	-0.013920	 0.000000
 0.2403	 0.000000	 0.000000	 0.004685	-0.036170	 0.000000
 0.2472	 0.000000	 0.000000	 0.004392	-0.057575	 0.000000
 0.2507	 0.000000	 0.000000	 0.004197	-0.067765	 0.000000
 0.3203	 0.000000	 0.000000	-0.003360	-0.113759	 0.000000
 0.3797	 0.000000	 0.000000	-0.004400	 0.082603	 0.000000
 0.4248	 0.000000	 0.000000	 0.001107	 0.158631	 0.000000
 0.4596	 0.000000	 0.000000	 0.005112	 0.080219	 0.000000
 0.4866	 0.000000	 0.000000	 0.005675	-0.035797	 0.000000
 0.5137	 0.000000	 0.000000	 0.003421	-0.142499	 0.000000
 0.5407	 0.000000	 0.000000	-0.000755	-0.186801	 0.000000
 0.5677	 0.000000	 0.000000	-0.004832	-0.134711	 0.000000
 0.5947	 0.000000	 0.000000	-0.006614	-0.005905	 0.000000
 0.6217	 0.000000	 0.000000	-0.004857	 0.143736	 0.000000
 0.6488	 0.000000	 0.000000	-0.000241	 0.218952	 0.000000
 0.6758	 0.000000	 0.000000	 0.004757	 0.173677	 0.000000
 0.7028	 0.000000	 0.000000	 0.007318	 0.027954	 0.000000
 0.7298	 0.000000	 0.000000	 0.005689	-0.154772	 0.000000
 0.7568	 0.000000	 0.000000	 0.000553	-0.247472	 0.000000
 0.7839	 0.000000	 0.000000	-0.005116	-0.196908	 0.000000
 0.8109	 0.000000	 0.000000	-0.008047	-0.034044	 0.000000
 0.8379	 0.000000	 0.000000	-0.006314	 0.167808	 0.000000
 0.8649	 0.000000	 0.000000	-0.000790	 0.262406	 0.000000
 0.8919	 0.000000	 0.000000	 0.004979	 0.185302	 0.000000
 0.9189	 0.000000	 0.000000	 0.007326	-0.004385	 0.000000
 0.9460	 0.000000	 0.000000	 0.004594	-0.214439	 0.000000
 0.9730	 0.000000	 0.000000	-0.002382	-0.342665	 0.000000
 1.0000	 0.000000	 0.000000	-0.011136	-0.368259	 0.000000


 -------- Mode No.  20  (freq = 0.94444E+02 Hz)

span_loc	s-s disp	s-s slope	f-a disp	f-a slope	twist

 0.0000	 0.000000	 0.000000	 0.000000	 0.000000	 0.000000
 0.0035	 0.000021	 0.013577	 0.000000	 0.000000	 0.000000
 0.0104	 0.000182	 0.037195	 0.000000	 0.000000	 0.000000
 0.0174	 0.000476	 0.056108	 0.000000	 0.000000	 0.000000
 0.0244	 0.000873	 0.070358	 0.000000	 0.000000	 0.000000
 0.0313	 0.001344	 0.080029	 0.000000	 0.000000	 0.000000
 0.0383	 0.001862	 0.085260	 0.000000	 0.000000	 0.000000
 0.0453	 0.002400	 0.086252	 0.000000	 0.000000	 0.000000
 0.0522	 0.002931	 0.083272	 0.000000	 0.000000	 0.000000
 0.0592	 0.003431	 0.076652	 0.000000	 0.000000	 0.000000
 0.0662	 0.003881	 0.066792	 0.000000	 0.000000	 0.000000
 0.0731	 0.004259	 0.054148	 0.000000	 0.000000	 0.000000
 0.0801	 0.004552	 0.039230	 0.000000	 0.000000	 0.000000
 0.0870	 0.004745	 0.022589	 0.000000	 0.000000	 0.000000
 0.0940	 0.004831	 0.004807	 0.000000	 0.000000	 0.000000
 0.1010	 0.004804	-0.013517	 0.000000	 0.000000	 0.000000
 0.1079	 0.004658	-0.033310	 0.000000	 0.000000	 0.000000
 0.1149	 0.004390	-0.052475	 0.000000	 0.000000	 0.000000
 0.1219	 0.004005	-0.070441	 0.000000	 0.000000	 0.000000
 0.1288	 0.003514	-0.086678	 0.000000	 0.000000	 0.000000
 0.1358	 0.002928	-0.100708	 0.000000	 0.000000	 0.000000
 0.1399	 0.002544	-0.107776	 0.000000	 0.000000	 0.000000
 0.1497	 0.001535	-0.120575	 0.000000	 0.000000	 0.000000
 0.1567	 0.000764	-0.125828	 0.000000	 0.000000	 0.000000
 0.1636	-0.000028	-0.127723	 0.000000	 0.000000	 0.000000
 0.1706	-0.000822	-0.126203	 0.000000	 0.000000	 0.000000
 0.1776	-0.001596	-0.121310	 0.000000	 0.000000	 0.000000
 0.1845	-0.002330	-0.113189	 0.000000	 0.000000	 0.000000
 0.1915	-0.003003	-0.102077	 0.000000	 0.000000	 0.000000
 0.1985	-0.003598	-0.088303	 0.000000	 0.000000	 0.000000
 0.2054	-0.004096	-0.070996	 0.000000	 0.000000	 0.000000
 0.2124	-0.004480	-0.051583	 0.000000	 0.000000	 0.000000
 0.2194	-0.004737	-0.030574	 0.000000	 0.000000	 0.000000
 0.2263	-0.004859	-0.008538	 0.000000	 0.000000	 0.000000
 0.2333	-0.004842	 0.013920	 0.000000	 0.000000	 0.000000
 0.2403	-0.004685	 0.036170	 0.000000	 0.000000	 0.000000
 0.2472	-0.004392	 0.057575	 0.000000	 0.000000	 0.000000
 0.2507	-0.004197	 0.067765	 0.000000	 0.000000	 0.000000
 0.3203	 0.003360	 0.113759	 0.000000	 0.000000	 0.000000
 0.3797	 0.004400	-0.082603	 0.000000	 0.000000	 0.000000
 0.4248	-0.001107	-0.158631	 0.000000	 0.000000	 0.000000
 0.4596	-0.005112	-0.080219	 0.000000	 0.000000	 0.000000
 0.4866	-0.005675	 0.035797	 0.000000	 0.000000	 0.000000
 0.5137	-0.003421	 0.142499	 0.000000	 0.000000	 0.000000
 0.5407	 0.000755	 0.186801	 0.000000	 0.000000	 0.000000
 0.5677	 0.004832	 0.134711	 0.000000	 0.000000	 0.000000
 0.5947	 0.006614	 0.005905	 0.000000	 0.000000	 0.000000
 0.6217	 0.004857	-0.143736	 0.000000	 0.000000	 0.000000
 0.6488	 0.000241	-0.218952	 0.000000	 0.000000	 0.000000
 0.6758	-0.004757	-0.173677	 0.000000	 0.000000	 0.000000
 0.7028	-0.007318	-0.027954	 0.000000	 0.000000	 0.000000
 0.7298	-0.005689	 0.154772	 0.000000	 0.000000	 0.000000
 0.7568	-0.000553	 0.247472	 0.000000	 0.000000	 0.000000
 0.7839	 0.005116	 0.196908	 0.000000	 0.000000	 0.000000
 0.8109	 0.008047	 0.034044	 0.000000	 0.000000	 0.000000
 0.8379	 0.006314	-0.167808	 0.000000	 0.000000	 0.000000
 0.8649	 0.000790	-0.262406	 0.000000	 0.000000	 0.000000
 0.8919	-0.004979	-0.185302	 0.000000	 0.000000	 0.000000
 0.9189	-0.007326	 0.004385	 0.000000	 0.000000	 0.000000
 0.9460	-0.004594	 0.214439	 0.000000	 0.000000	 0.000000
 0.9730	 0.002382	 0.342665	 0.000000	 0.000000	 0.000000
 1.0000	 0.011136	 0.368259	 0.000000	 0.000000	 0.000000
=================================================================================
